
*** Running vivado
    with args -log hello_word_lmb_bram_0.vds -m64 -product Vivado -mode batch -messageDb vivado.pb -notrace -source hello_word_lmb_bram_0.tcl


****** Vivado v2017.2 (64-bit)
  **** SW Build 1909853 on Thu Jun 15 18:39:09 MDT 2017
  **** IP Build 1909766 on Thu Jun 15 19:58:00 MDT 2017
    ** Copyright 1986-2017 Xilinx, Inc. All Rights Reserved.

source hello_word_lmb_bram_0.tcl -notrace
Starting RTL Elaboration : Time (s): cpu = 00:00:05 ; elapsed = 00:00:05 . Memory (MB): peak = 334.375 ; gain = 81.379
INFO: [Synth 8-638] synthesizing module 'hello_word_lmb_bram_0' [c:/Users/iShift/Documents/VivadoProjects/hello_word/hello_word.srcs/sources_1/bd/hello_word/ip/hello_word_lmb_bram_0/synth/hello_word_lmb_bram_0.vhd:78]
INFO: [Synth 8-256] done synthesizing module 'hello_word_lmb_bram_0' (11#1) [c:/Users/iShift/Documents/VivadoProjects/hello_word/hello_word.srcs/sources_1/bd/hello_word/ip/hello_word_lmb_bram_0/synth/hello_word_lmb_bram_0.vhd:78]
Finished RTL Elaboration : Time (s): cpu = 00:00:45 ; elapsed = 00:00:47 . Memory (MB): peak = 540.988 ; gain = 287.992
Finished RTL Optimization Phase 1 : Time (s): cpu = 00:00:45 ; elapsed = 00:00:47 . Memory (MB): peak = 540.988 ; gain = 287.992
INFO: [Device 21-403] Loading part xc7a100tcsg324-1
Constraint Validation Runtime : Time (s): cpu = 00:00:00 ; elapsed = 00:00:00.024 . Memory (MB): peak = 654.574 ; gain = 0.000
Finished Constraint Validation : Time (s): cpu = 00:00:54 ; elapsed = 00:00:57 . Memory (MB): peak = 654.574 ; gain = 401.578
Finished Loading Part and Timing Information : Time (s): cpu = 00:00:54 ; elapsed = 00:00:57 . Memory (MB): peak = 654.574 ; gain = 401.578
Finished applying 'set_property' XDC Constraints : Time (s): cpu = 00:00:54 ; elapsed = 00:00:57 . Memory (MB): peak = 654.574 ; gain = 401.578
Finished RTL Optimization Phase 2 : Time (s): cpu = 00:00:54 ; elapsed = 00:00:57 . Memory (MB): peak = 654.574 ; gain = 401.578
Finished Cross Boundary and Area Optimization : Time (s): cpu = 00:00:54 ; elapsed = 00:00:58 . Memory (MB): peak = 654.574 ; gain = 401.578
Finished Applying XDC Timing Constraints : Time (s): cpu = 00:01:03 ; elapsed = 00:01:07 . Memory (MB): peak = 654.574 ; gain = 401.578
Finished Timing Optimization : Time (s): cpu = 00:01:03 ; elapsed = 00:01:07 . Memory (MB): peak = 654.574 ; gain = 401.578
Finished Technology Mapping : Time (s): cpu = 00:01:03 ; elapsed = 00:01:07 . Memory (MB): peak = 656.355 ; gain = 403.359
Finished IO Insertion : Time (s): cpu = 00:01:04 ; elapsed = 00:01:07 . Memory (MB): peak = 656.355 ; gain = 403.359
Finished Renaming Generated Instances : Time (s): cpu = 00:01:04 ; elapsed = 00:01:07 . Memory (MB): peak = 656.355 ; gain = 403.359
Finished Rebuilding User Hierarchy : Time (s): cpu = 00:01:04 ; elapsed = 00:01:08 . Memory (MB): peak = 656.355 ; gain = 403.359
Finished Renaming Generated Ports : Time (s): cpu = 00:01:04 ; elapsed = 00:01:08 . Memory (MB): peak = 656.355 ; gain = 403.359
Finished Handling Custom Attributes : Time (s): cpu = 00:01:04 ; elapsed = 00:01:08 . Memory (MB): peak = 656.355 ; gain = 403.359
Finished Renaming Generated Nets : Time (s): cpu = 00:01:04 ; elapsed = 00:01:08 . Memory (MB): peak = 656.355 ; gain = 403.359

Report Cell Usage: 
+------+---------+------+
|      |Cell     |Count |
+------+---------+------+
|1     |RAMB36E1 |     8|
+------+---------+------+
Finished Writing Synthesis Report : Time (s): cpu = 00:01:04 ; elapsed = 00:01:08 . Memory (MB): peak = 656.355 ; gain = 403.359
synth_design: Time (s): cpu = 00:01:05 ; elapsed = 00:01:09 . Memory (MB): peak = 669.883 ; gain = 419.516
