
*** Running vivado
    with args -log hello_word_axi_smc_0.vds -m64 -product Vivado -mode batch -messageDb vivado.pb -notrace -source hello_word_axi_smc_0.tcl


****** Vivado v2017.2 (64-bit)
  **** SW Build 1909853 on Thu Jun 15 18:39:09 MDT 2017
  **** IP Build 1909766 on Thu Jun 15 19:58:00 MDT 2017
    ** Copyright 1986-2017 Xilinx, Inc. All Rights Reserved.

source hello_word_axi_smc_0.tcl -notrace
Starting RTL Elaboration : Time (s): cpu = 00:00:04 ; elapsed = 00:00:04 . Memory (MB): peak = 366.434 ; gain = 86.887
INFO: [Synth 8-638] synthesizing module 'hello_word_axi_smc_0' [c:/Users/iShift/Documents/VivadoProjects/hello_word/hello_word.srcs/sources_1/bd/hello_word/ip/hello_word_axi_smc_0/synth/hello_word_axi_smc_0.v:57]
INFO: [Synth 8-638] synthesizing module 'bd_957c' [c:/Users/iShift/Documents/VivadoProjects/hello_word/hello_word.srcs/sources_1/bd/hello_word/ip/hello_word_axi_smc_0/bd_0/hdl/bd_957c.v:13]
INFO: [Synth 8-638] synthesizing module 'clk_map_imp_1HFATBW' [c:/Users/iShift/Documents/VivadoProjects/hello_word/hello_word.srcs/sources_1/bd/hello_word/ip/hello_word_axi_smc_0/bd_0/hdl/bd_957c.v:1138]
INFO: [Synth 8-638] synthesizing module 'bd_957c_one_0' [c:/Users/iShift/Documents/VivadoProjects/hello_word/hello_word.srcs/sources_1/bd/hello_word/ip/hello_word_axi_smc_0/bd_0/ip/ip_0/synth/bd_957c_one_0.v:57]
INFO: [Synth 8-638] synthesizing module 'xlconstant_v1_1_3_xlconstant' [c:/Users/iShift/Documents/VivadoProjects/hello_word/hello_word.srcs/sources_1/bd/hello_word/ipshared/45df/hdl/xlconstant_v1_1_vl_rfs.v:23]
INFO: [Synth 8-256] done synthesizing module 'xlconstant_v1_1_3_xlconstant' (1#1) [c:/Users/iShift/Documents/VivadoProjects/hello_word/hello_word.srcs/sources_1/bd/hello_word/ipshared/45df/hdl/xlconstant_v1_1_vl_rfs.v:23]
INFO: [Synth 8-256] done synthesizing module 'bd_957c_one_0' (2#1) [c:/Users/iShift/Documents/VivadoProjects/hello_word/hello_word.srcs/sources_1/bd/hello_word/ip/hello_word_axi_smc_0/bd_0/ip/ip_0/synth/bd_957c_one_0.v:57]
INFO: [Synth 8-638] synthesizing module 'bd_957c_psr0_0' [c:/Users/iShift/Documents/VivadoProjects/hello_word/hello_word.srcs/sources_1/bd/hello_word/ip/hello_word_axi_smc_0/bd_0/ip/ip_1/synth/bd_957c_psr0_0.vhd:74]
INFO: [Synth 8-638] synthesizing module 'proc_sys_reset' [c:/Users/iShift/Documents/VivadoProjects/hello_word/hello_word.srcs/sources_1/bd/hello_word/ipshared/5db7/hdl/proc_sys_reset_v5_0_vh_rfs.vhd:1323]
INFO: [Synth 8-638] synthesizing module 'lpf' [c:/Users/iShift/Documents/VivadoProjects/hello_word/hello_word.srcs/sources_1/bd/hello_word/ipshared/5db7/hdl/proc_sys_reset_v5_0_vh_rfs.vhd:816]
INFO: [Synth 8-638] synthesizing module 'SRL16' [D:/Xilinx/Vivado/2017.2/scripts/rt/data/unisim_comp.v:43657]
INFO: [Synth 8-256] done synthesizing module 'SRL16' (3#1) [D:/Xilinx/Vivado/2017.2/scripts/rt/data/unisim_comp.v:43657]
INFO: [Synth 8-638] synthesizing module 'cdc_sync' [c:/Users/iShift/Documents/VivadoProjects/hello_word/hello_word.srcs/sources_1/bd/hello_word/ipshared/52cb/hdl/lib_cdc_v1_0_rfs.vhd:106]
INFO: [Synth 8-256] done synthesizing module 'cdc_sync' (4#1) [c:/Users/iShift/Documents/VivadoProjects/hello_word/hello_word.srcs/sources_1/bd/hello_word/ipshared/52cb/hdl/lib_cdc_v1_0_rfs.vhd:106]
INFO: [Synth 8-256] done synthesizing module 'lpf' (5#1) [c:/Users/iShift/Documents/VivadoProjects/hello_word/hello_word.srcs/sources_1/bd/hello_word/ipshared/5db7/hdl/proc_sys_reset_v5_0_vh_rfs.vhd:816]
INFO: [Synth 8-638] synthesizing module 'sequence_psr' [c:/Users/iShift/Documents/VivadoProjects/hello_word/hello_word.srcs/sources_1/bd/hello_word/ipshared/5db7/hdl/proc_sys_reset_v5_0_vh_rfs.vhd:301]
INFO: [Synth 8-638] synthesizing module 'upcnt_n' [c:/Users/iShift/Documents/VivadoProjects/hello_word/hello_word.srcs/sources_1/bd/hello_word/ipshared/5db7/hdl/proc_sys_reset_v5_0_vh_rfs.vhd:125]
INFO: [Synth 8-256] done synthesizing module 'upcnt_n' (6#1) [c:/Users/iShift/Documents/VivadoProjects/hello_word/hello_word.srcs/sources_1/bd/hello_word/ipshared/5db7/hdl/proc_sys_reset_v5_0_vh_rfs.vhd:125]
INFO: [Synth 8-256] done synthesizing module 'sequence_psr' (7#1) [c:/Users/iShift/Documents/VivadoProjects/hello_word/hello_word.srcs/sources_1/bd/hello_word/ipshared/5db7/hdl/proc_sys_reset_v5_0_vh_rfs.vhd:301]
INFO: [Synth 8-256] done synthesizing module 'proc_sys_reset' (8#1) [c:/Users/iShift/Documents/VivadoProjects/hello_word/hello_word.srcs/sources_1/bd/hello_word/ipshared/5db7/hdl/proc_sys_reset_v5_0_vh_rfs.vhd:1323]
INFO: [Synth 8-256] done synthesizing module 'bd_957c_psr0_0' (9#1) [c:/Users/iShift/Documents/VivadoProjects/hello_word/hello_word.srcs/sources_1/bd/hello_word/ip/hello_word_axi_smc_0/bd_0/ip/ip_1/synth/bd_957c_psr0_0.vhd:74]
INFO: [Synth 8-638] synthesizing module 'bd_957c_psr_aclk_0' [c:/Users/iShift/Documents/VivadoProjects/hello_word/hello_word.srcs/sources_1/bd/hello_word/ip/hello_word_axi_smc_0/bd_0/ip/ip_2/synth/bd_957c_psr_aclk_0.vhd:74]
INFO: [Synth 8-256] done synthesizing module 'bd_957c_psr_aclk_0' (10#1) [c:/Users/iShift/Documents/VivadoProjects/hello_word/hello_word.srcs/sources_1/bd/hello_word/ip/hello_word_axi_smc_0/bd_0/ip/ip_2/synth/bd_957c_psr_aclk_0.vhd:74]
INFO: [Synth 8-638] synthesizing module 'bd_957c_psr_aclk1_0' [c:/Users/iShift/Documents/VivadoProjects/hello_word/hello_word.srcs/sources_1/bd/hello_word/ip/hello_word_axi_smc_0/bd_0/ip/ip_3/synth/bd_957c_psr_aclk1_0.vhd:74]
INFO: [Synth 8-256] done synthesizing module 'bd_957c_psr_aclk1_0' (11#1) [c:/Users/iShift/Documents/VivadoProjects/hello_word/hello_word.srcs/sources_1/bd/hello_word/ip/hello_word_axi_smc_0/bd_0/ip/ip_3/synth/bd_957c_psr_aclk1_0.vhd:74]
INFO: [Synth 8-256] done synthesizing module 'clk_map_imp_1HFATBW' (12#1) [c:/Users/iShift/Documents/VivadoProjects/hello_word/hello_word.srcs/sources_1/bd/hello_word/ip/hello_word_axi_smc_0/bd_0/hdl/bd_957c.v:1138]
INFO: [Synth 8-638] synthesizing module 'm00_exit_pipeline_imp_FKQRL3' [c:/Users/iShift/Documents/VivadoProjects/hello_word/hello_word.srcs/sources_1/bd/hello_word/ip/hello_word_axi_smc_0/bd_0/hdl/bd_957c.v:1208]
INFO: [Synth 8-638] synthesizing module 'bd_957c_m00e_0' [c:/Users/iShift/Documents/VivadoProjects/hello_word/hello_word.srcs/sources_1/bd/hello_word/ip/hello_word_axi_smc_0/bd_0/ip/ip_30/synth/bd_957c_m00e_0.sv:58]
INFO: [Synth 8-256] done synthesizing module 'bd_957c_m00e_0' (22#1) [c:/Users/iShift/Documents/VivadoProjects/hello_word/hello_word.srcs/sources_1/bd/hello_word/ip/hello_word_axi_smc_0/bd_0/ip/ip_30/synth/bd_957c_m00e_0.sv:58]
INFO: [Synth 8-256] done synthesizing module 'm00_exit_pipeline_imp_FKQRL3' (23#1) [c:/Users/iShift/Documents/VivadoProjects/hello_word/hello_word.srcs/sources_1/bd/hello_word/ip/hello_word_axi_smc_0/bd_0/hdl/bd_957c.v:1208]
INFO: [Synth 8-638] synthesizing module 'm00_nodes_imp_SVP6A3' [c:/Users/iShift/Documents/VivadoProjects/hello_word/hello_word.srcs/sources_1/bd/hello_word/ip/hello_word_axi_smc_0/bd_0/hdl/bd_957c.v:1579]
INFO: [Synth 8-638] synthesizing module 'bd_957c_m00arn_0' [c:/Users/iShift/Documents/VivadoProjects/hello_word/hello_word.srcs/sources_1/bd/hello_word/ip/hello_word_axi_smc_0/bd_0/ip/ip_25/synth/bd_957c_m00arn_0.sv:58]
INFO: [Synth 8-638] synthesizing module 'xpm_memory_base' [D:/Xilinx/Vivado/2017.2/data/ip/xpm/xpm_memory/hdl/xpm_memory.sv:58]
INFO: [Synth 8-256] done synthesizing module 'xpm_memory_base' (31#1) [D:/Xilinx/Vivado/2017.2/data/ip/xpm/xpm_memory/hdl/xpm_memory.sv:58]
INFO: [Synth 8-638] synthesizing module 'xpm_cdc_gray' [D:/Xilinx/Vivado/2017.2/data/ip/xpm/xpm_cdc/hdl/xpm_cdc.sv:204]
INFO: [Synth 8-256] done synthesizing module 'xpm_cdc_gray' (32#1) [D:/Xilinx/Vivado/2017.2/data/ip/xpm/xpm_cdc/hdl/xpm_cdc.sv:204]
INFO: [Synth 8-256] done synthesizing module 'bd_957c_m00arn_0' (40#1) [c:/Users/iShift/Documents/VivadoProjects/hello_word/hello_word.srcs/sources_1/bd/hello_word/ip/hello_word_axi_smc_0/bd_0/ip/ip_25/synth/bd_957c_m00arn_0.sv:58]
INFO: [Synth 8-638] synthesizing module 'bd_957c_m00awn_0' [c:/Users/iShift/Documents/VivadoProjects/hello_word/hello_word.srcs/sources_1/bd/hello_word/ip/hello_word_axi_smc_0/bd_0/ip/ip_27/synth/bd_957c_m00awn_0.sv:58]
INFO: [Synth 8-256] done synthesizing module 'bd_957c_m00awn_0' (41#1) [c:/Users/iShift/Documents/VivadoProjects/hello_word/hello_word.srcs/sources_1/bd/hello_word/ip/hello_word_axi_smc_0/bd_0/ip/ip_27/synth/bd_957c_m00awn_0.sv:58]
INFO: [Synth 8-638] synthesizing module 'bd_957c_m00bn_0' [c:/Users/iShift/Documents/VivadoProjects/hello_word/hello_word.srcs/sources_1/bd/hello_word/ip/hello_word_axi_smc_0/bd_0/ip/ip_29/synth/bd_957c_m00bn_0.sv:58]
INFO: [Synth 8-638] synthesizing module 'xpm_memory_base__parameterized0' [D:/Xilinx/Vivado/2017.2/data/ip/xpm/xpm_memory/hdl/xpm_memory.sv:58]
INFO: [Synth 8-256] done synthesizing module 'xpm_memory_base__parameterized0' (41#1) [D:/Xilinx/Vivado/2017.2/data/ip/xpm/xpm_memory/hdl/xpm_memory.sv:58]
INFO: [Synth 8-638] synthesizing module 'xpm_memory_base__parameterized1' [D:/Xilinx/Vivado/2017.2/data/ip/xpm/xpm_memory/hdl/xpm_memory.sv:58]
INFO: [Synth 8-256] done synthesizing module 'xpm_memory_base__parameterized1' (41#1) [D:/Xilinx/Vivado/2017.2/data/ip/xpm/xpm_memory/hdl/xpm_memory.sv:58]
INFO: [Synth 8-256] done synthesizing module 'bd_957c_m00bn_0' (42#1) [c:/Users/iShift/Documents/VivadoProjects/hello_word/hello_word.srcs/sources_1/bd/hello_word/ip/hello_word_axi_smc_0/bd_0/ip/ip_29/synth/bd_957c_m00bn_0.sv:58]
INFO: [Synth 8-638] synthesizing module 'bd_957c_m00rn_0' [c:/Users/iShift/Documents/VivadoProjects/hello_word/hello_word.srcs/sources_1/bd/hello_word/ip/hello_word_axi_smc_0/bd_0/ip/ip_26/synth/bd_957c_m00rn_0.sv:58]
INFO: [Synth 8-638] synthesizing module 'xpm_memory_base__parameterized2' [D:/Xilinx/Vivado/2017.2/data/ip/xpm/xpm_memory/hdl/xpm_memory.sv:58]
INFO: [Synth 8-256] done synthesizing module 'xpm_memory_base__parameterized2' (42#1) [D:/Xilinx/Vivado/2017.2/data/ip/xpm/xpm_memory/hdl/xpm_memory.sv:58]
INFO: [Synth 8-256] done synthesizing module 'bd_957c_m00rn_0' (43#1) [c:/Users/iShift/Documents/VivadoProjects/hello_word/hello_word.srcs/sources_1/bd/hello_word/ip/hello_word_axi_smc_0/bd_0/ip/ip_26/synth/bd_957c_m00rn_0.sv:58]
INFO: [Synth 8-638] synthesizing module 'bd_957c_m00wn_0' [c:/Users/iShift/Documents/VivadoProjects/hello_word/hello_word.srcs/sources_1/bd/hello_word/ip/hello_word_axi_smc_0/bd_0/ip/ip_28/synth/bd_957c_m00wn_0.sv:58]
INFO: [Synth 8-638] synthesizing module 'xpm_memory_base__parameterized3' [D:/Xilinx/Vivado/2017.2/data/ip/xpm/xpm_memory/hdl/xpm_memory.sv:58]
INFO: [Synth 8-256] done synthesizing module 'xpm_memory_base__parameterized3' (43#1) [D:/Xilinx/Vivado/2017.2/data/ip/xpm/xpm_memory/hdl/xpm_memory.sv:58]
INFO: [Synth 8-638] synthesizing module 'xpm_memory_base__parameterized4' [D:/Xilinx/Vivado/2017.2/data/ip/xpm/xpm_memory/hdl/xpm_memory.sv:58]
INFO: [Synth 8-256] done synthesizing module 'xpm_memory_base__parameterized4' (43#1) [D:/Xilinx/Vivado/2017.2/data/ip/xpm/xpm_memory/hdl/xpm_memory.sv:58]
INFO: [Synth 8-256] done synthesizing module 'bd_957c_m00wn_0' (44#1) [c:/Users/iShift/Documents/VivadoProjects/hello_word/hello_word.srcs/sources_1/bd/hello_word/ip/hello_word_axi_smc_0/bd_0/ip/ip_28/synth/bd_957c_m00wn_0.sv:58]
INFO: [Synth 8-256] done synthesizing module 'm00_nodes_imp_SVP6A3' (45#1) [c:/Users/iShift/Documents/VivadoProjects/hello_word/hello_word.srcs/sources_1/bd/hello_word/ip/hello_word_axi_smc_0/bd_0/hdl/bd_957c.v:1579]
INFO: [Synth 8-638] synthesizing module 'bd_957c_m00s2a_0' [c:/Users/iShift/Documents/VivadoProjects/hello_word/hello_word.srcs/sources_1/bd/hello_word/ip/hello_word_axi_smc_0/bd_0/ip/ip_24/synth/bd_957c_m00s2a_0.sv:58]
INFO: [Synth 8-256] done synthesizing module 'bd_957c_m00s2a_0' (47#1) [c:/Users/iShift/Documents/VivadoProjects/hello_word/hello_word.srcs/sources_1/bd/hello_word/ip/hello_word_axi_smc_0/bd_0/ip/ip_24/synth/bd_957c_m00s2a_0.sv:58]
INFO: [Synth 8-638] synthesizing module 'bd_957c_s00a2s_0' [c:/Users/iShift/Documents/VivadoProjects/hello_word/hello_word.srcs/sources_1/bd/hello_word/ip/hello_word_axi_smc_0/bd_0/ip/ip_12/synth/bd_957c_s00a2s_0.sv:58]
INFO: [Synth 8-256] done synthesizing module 'bd_957c_s00a2s_0' (49#1) [c:/Users/iShift/Documents/VivadoProjects/hello_word/hello_word.srcs/sources_1/bd/hello_word/ip/hello_word_axi_smc_0/bd_0/ip/ip_12/synth/bd_957c_s00a2s_0.sv:58]
INFO: [Synth 8-638] synthesizing module 's00_entry_pipeline_imp_1FWBC4K' [c:/Users/iShift/Documents/VivadoProjects/hello_word/hello_word.srcs/sources_1/bd/hello_word/ip/hello_word_axi_smc_0/bd_0/hdl/bd_957c.v:1884]
INFO: [Synth 8-638] synthesizing module 'bd_957c_s00mmu_0' [c:/Users/iShift/Documents/VivadoProjects/hello_word/hello_word.srcs/sources_1/bd/hello_word/ip/hello_word_axi_smc_0/bd_0/ip/ip_9/synth/bd_957c_s00mmu_0.sv:58]
INFO: [Synth 8-256] done synthesizing module 'bd_957c_s00mmu_0' (53#1) [c:/Users/iShift/Documents/VivadoProjects/hello_word/hello_word.srcs/sources_1/bd/hello_word/ip/hello_word_axi_smc_0/bd_0/ip/ip_9/synth/bd_957c_s00mmu_0.sv:58]
INFO: [Synth 8-638] synthesizing module 'bd_957c_s00sic_0' [c:/Users/iShift/Documents/VivadoProjects/hello_word/hello_word.srcs/sources_1/bd/hello_word/ip/hello_word_axi_smc_0/bd_0/ip/ip_11/synth/bd_957c_s00sic_0.sv:58]
INFO: [Synth 8-256] done synthesizing module 'bd_957c_s00sic_0' (58#1) [c:/Users/iShift/Documents/VivadoProjects/hello_word/hello_word.srcs/sources_1/bd/hello_word/ip/hello_word_axi_smc_0/bd_0/ip/ip_11/synth/bd_957c_s00sic_0.sv:58]
INFO: [Synth 8-638] synthesizing module 'bd_957c_s00tr_0' [c:/Users/iShift/Documents/VivadoProjects/hello_word/hello_word.srcs/sources_1/bd/hello_word/ip/hello_word_axi_smc_0/bd_0/ip/ip_10/synth/bd_957c_s00tr_0.sv:58]
INFO: [Synth 8-256] done synthesizing module 'bd_957c_s00tr_0' (61#1) [c:/Users/iShift/Documents/VivadoProjects/hello_word/hello_word.srcs/sources_1/bd/hello_word/ip/hello_word_axi_smc_0/bd_0/ip/ip_10/synth/bd_957c_s00tr_0.sv:58]
INFO: [Synth 8-256] done synthesizing module 's00_entry_pipeline_imp_1FWBC4K' (62#1) [c:/Users/iShift/Documents/VivadoProjects/hello_word/hello_word.srcs/sources_1/bd/hello_word/ip/hello_word_axi_smc_0/bd_0/hdl/bd_957c.v:1884]
INFO: [Synth 8-638] synthesizing module 's00_nodes_imp_1CH1LBY' [c:/Users/iShift/Documents/VivadoProjects/hello_word/hello_word.srcs/sources_1/bd/hello_word/ip/hello_word_axi_smc_0/bd_0/hdl/bd_957c.v:2495]
INFO: [Synth 8-638] synthesizing module 'bd_957c_sarn_0' [c:/Users/iShift/Documents/VivadoProjects/hello_word/hello_word.srcs/sources_1/bd/hello_word/ip/hello_word_axi_smc_0/bd_0/ip/ip_13/synth/bd_957c_sarn_0.sv:58]
INFO: [Synth 8-638] synthesizing module 'xpm_memory_base__parameterized5' [D:/Xilinx/Vivado/2017.2/data/ip/xpm/xpm_memory/hdl/xpm_memory.sv:58]
INFO: [Synth 8-256] done synthesizing module 'xpm_memory_base__parameterized5' (62#1) [D:/Xilinx/Vivado/2017.2/data/ip/xpm/xpm_memory/hdl/xpm_memory.sv:58]
INFO: [Synth 8-638] synthesizing module 'xpm_memory_base__parameterized6' [D:/Xilinx/Vivado/2017.2/data/ip/xpm/xpm_memory/hdl/xpm_memory.sv:58]
INFO: [Synth 8-256] done synthesizing module 'xpm_memory_base__parameterized6' (62#1) [D:/Xilinx/Vivado/2017.2/data/ip/xpm/xpm_memory/hdl/xpm_memory.sv:58]
INFO: [Synth 8-256] done synthesizing module 'bd_957c_sarn_0' (63#1) [c:/Users/iShift/Documents/VivadoProjects/hello_word/hello_word.srcs/sources_1/bd/hello_word/ip/hello_word_axi_smc_0/bd_0/ip/ip_13/synth/bd_957c_sarn_0.sv:58]
INFO: [Synth 8-638] synthesizing module 'bd_957c_sawn_0' [c:/Users/iShift/Documents/VivadoProjects/hello_word/hello_word.srcs/sources_1/bd/hello_word/ip/hello_word_axi_smc_0/bd_0/ip/ip_15/synth/bd_957c_sawn_0.sv:58]
INFO: [Synth 8-256] done synthesizing module 'bd_957c_sawn_0' (64#1) [c:/Users/iShift/Documents/VivadoProjects/hello_word/hello_word.srcs/sources_1/bd/hello_word/ip/hello_word_axi_smc_0/bd_0/ip/ip_15/synth/bd_957c_sawn_0.sv:58]
INFO: [Synth 8-638] synthesizing module 'bd_957c_sbn_0' [c:/Users/iShift/Documents/VivadoProjects/hello_word/hello_word.srcs/sources_1/bd/hello_word/ip/hello_word_axi_smc_0/bd_0/ip/ip_17/synth/bd_957c_sbn_0.sv:58]
INFO: [Synth 8-638] synthesizing module 'xpm_memory_base__parameterized7' [D:/Xilinx/Vivado/2017.2/data/ip/xpm/xpm_memory/hdl/xpm_memory.sv:58]
INFO: [Synth 8-256] done synthesizing module 'xpm_memory_base__parameterized7' (64#1) [D:/Xilinx/Vivado/2017.2/data/ip/xpm/xpm_memory/hdl/xpm_memory.sv:58]
INFO: [Synth 8-638] synthesizing module 'xpm_memory_base__parameterized8' [D:/Xilinx/Vivado/2017.2/data/ip/xpm/xpm_memory/hdl/xpm_memory.sv:58]
INFO: [Synth 8-256] done synthesizing module 'xpm_memory_base__parameterized8' (64#1) [D:/Xilinx/Vivado/2017.2/data/ip/xpm/xpm_memory/hdl/xpm_memory.sv:58]
INFO: [Synth 8-256] done synthesizing module 'bd_957c_sbn_0' (65#1) [c:/Users/iShift/Documents/VivadoProjects/hello_word/hello_word.srcs/sources_1/bd/hello_word/ip/hello_word_axi_smc_0/bd_0/ip/ip_17/synth/bd_957c_sbn_0.sv:58]
INFO: [Synth 8-638] synthesizing module 'bd_957c_srn_0' [c:/Users/iShift/Documents/VivadoProjects/hello_word/hello_word.srcs/sources_1/bd/hello_word/ip/hello_word_axi_smc_0/bd_0/ip/ip_14/synth/bd_957c_srn_0.sv:58]
INFO: [Synth 8-638] synthesizing module 'xpm_memory_base__parameterized9' [D:/Xilinx/Vivado/2017.2/data/ip/xpm/xpm_memory/hdl/xpm_memory.sv:58]
INFO: [Synth 8-256] done synthesizing module 'xpm_memory_base__parameterized9' (66#1) [D:/Xilinx/Vivado/2017.2/data/ip/xpm/xpm_memory/hdl/xpm_memory.sv:58]
INFO: [Synth 8-256] done synthesizing module 'bd_957c_srn_0' (67#1) [c:/Users/iShift/Documents/VivadoProjects/hello_word/hello_word.srcs/sources_1/bd/hello_word/ip/hello_word_axi_smc_0/bd_0/ip/ip_14/synth/bd_957c_srn_0.sv:58]
INFO: [Synth 8-638] synthesizing module 'bd_957c_swn_0' [c:/Users/iShift/Documents/VivadoProjects/hello_word/hello_word.srcs/sources_1/bd/hello_word/ip/hello_word_axi_smc_0/bd_0/ip/ip_16/synth/bd_957c_swn_0.sv:58]
INFO: [Synth 8-638] synthesizing module 'xpm_memory_base__parameterized10' [D:/Xilinx/Vivado/2017.2/data/ip/xpm/xpm_memory/hdl/xpm_memory.sv:58]
INFO: [Synth 8-256] done synthesizing module 'xpm_memory_base__parameterized10' (68#1) [D:/Xilinx/Vivado/2017.2/data/ip/xpm/xpm_memory/hdl/xpm_memory.sv:58]
INFO: [Synth 8-256] done synthesizing module 'bd_957c_swn_0' (69#1) [c:/Users/iShift/Documents/VivadoProjects/hello_word/hello_word.srcs/sources_1/bd/hello_word/ip/hello_word_axi_smc_0/bd_0/ip/ip_16/synth/bd_957c_swn_0.sv:58]
INFO: [Synth 8-256] done synthesizing module 's00_nodes_imp_1CH1LBY' (70#1) [c:/Users/iShift/Documents/VivadoProjects/hello_word/hello_word.srcs/sources_1/bd/hello_word/ip/hello_word_axi_smc_0/bd_0/hdl/bd_957c.v:2495]
INFO: [Synth 8-638] synthesizing module 'bd_957c_s01a2s_0' [c:/Users/iShift/Documents/VivadoProjects/hello_word/hello_word.srcs/sources_1/bd/hello_word/ip/hello_word_axi_smc_0/bd_0/ip/ip_21/synth/bd_957c_s01a2s_0.sv:58]
INFO: [Synth 8-256] done synthesizing module 'bd_957c_s01a2s_0' (71#1) [c:/Users/iShift/Documents/VivadoProjects/hello_word/hello_word.srcs/sources_1/bd/hello_word/ip/hello_word_axi_smc_0/bd_0/ip/ip_21/synth/bd_957c_s01a2s_0.sv:58]
INFO: [Synth 8-638] synthesizing module 's01_entry_pipeline_imp_90D9F4' [c:/Users/iShift/Documents/VivadoProjects/hello_word/hello_word.srcs/sources_1/bd/hello_word/ip/hello_word_axi_smc_0/bd_0/hdl/bd_957c.v:2791]
INFO: [Synth 8-638] synthesizing module 'bd_957c_s01mmu_0' [c:/Users/iShift/Documents/VivadoProjects/hello_word/hello_word.srcs/sources_1/bd/hello_word/ip/hello_word_axi_smc_0/bd_0/ip/ip_18/synth/bd_957c_s01mmu_0.sv:58]
INFO: [Synth 8-256] done synthesizing module 'bd_957c_s01mmu_0' (72#1) [c:/Users/iShift/Documents/VivadoProjects/hello_word/hello_word.srcs/sources_1/bd/hello_word/ip/hello_word_axi_smc_0/bd_0/ip/ip_18/synth/bd_957c_s01mmu_0.sv:58]
INFO: [Synth 8-638] synthesizing module 'bd_957c_s01sic_0' [c:/Users/iShift/Documents/VivadoProjects/hello_word/hello_word.srcs/sources_1/bd/hello_word/ip/hello_word_axi_smc_0/bd_0/ip/ip_20/synth/bd_957c_s01sic_0.sv:58]
INFO: [Synth 8-256] done synthesizing module 'bd_957c_s01sic_0' (73#1) [c:/Users/iShift/Documents/VivadoProjects/hello_word/hello_word.srcs/sources_1/bd/hello_word/ip/hello_word_axi_smc_0/bd_0/ip/ip_20/synth/bd_957c_s01sic_0.sv:58]
INFO: [Synth 8-638] synthesizing module 'bd_957c_s01tr_0' [c:/Users/iShift/Documents/VivadoProjects/hello_word/hello_word.srcs/sources_1/bd/hello_word/ip/hello_word_axi_smc_0/bd_0/ip/ip_19/synth/bd_957c_s01tr_0.sv:58]
INFO: [Synth 8-256] done synthesizing module 'bd_957c_s01tr_0' (74#1) [c:/Users/iShift/Documents/VivadoProjects/hello_word/hello_word.srcs/sources_1/bd/hello_word/ip/hello_word_axi_smc_0/bd_0/ip/ip_19/synth/bd_957c_s01tr_0.sv:58]
INFO: [Synth 8-256] done synthesizing module 's01_entry_pipeline_imp_90D9F4' (75#1) [c:/Users/iShift/Documents/VivadoProjects/hello_word/hello_word.srcs/sources_1/bd/hello_word/ip/hello_word_axi_smc_0/bd_0/hdl/bd_957c.v:2791]
INFO: [Synth 8-638] synthesizing module 's01_nodes_imp_ECRZUW' [c:/Users/iShift/Documents/VivadoProjects/hello_word/hello_word.srcs/sources_1/bd/hello_word/ip/hello_word_axi_smc_0/bd_0/hdl/bd_957c.v:3078]
INFO: [Synth 8-638] synthesizing module 'bd_957c_sarn_1' [c:/Users/iShift/Documents/VivadoProjects/hello_word/hello_word.srcs/sources_1/bd/hello_word/ip/hello_word_axi_smc_0/bd_0/ip/ip_22/synth/bd_957c_sarn_1.sv:58]
INFO: [Synth 8-256] done synthesizing module 'bd_957c_sarn_1' (76#1) [c:/Users/iShift/Documents/VivadoProjects/hello_word/hello_word.srcs/sources_1/bd/hello_word/ip/hello_word_axi_smc_0/bd_0/ip/ip_22/synth/bd_957c_sarn_1.sv:58]
INFO: [Synth 8-638] synthesizing module 'bd_957c_srn_1' [c:/Users/iShift/Documents/VivadoProjects/hello_word/hello_word.srcs/sources_1/bd/hello_word/ip/hello_word_axi_smc_0/bd_0/ip/ip_23/synth/bd_957c_srn_1.sv:58]
INFO: [Synth 8-256] done synthesizing module 'bd_957c_srn_1' (77#1) [c:/Users/iShift/Documents/VivadoProjects/hello_word/hello_word.srcs/sources_1/bd/hello_word/ip/hello_word_axi_smc_0/bd_0/ip/ip_23/synth/bd_957c_srn_1.sv:58]
INFO: [Synth 8-256] done synthesizing module 's01_nodes_imp_ECRZUW' (78#1) [c:/Users/iShift/Documents/VivadoProjects/hello_word/hello_word.srcs/sources_1/bd/hello_word/ip/hello_word_axi_smc_0/bd_0/hdl/bd_957c.v:3078]
INFO: [Synth 8-638] synthesizing module 'switchboards_imp_1IQFOYY' [c:/Users/iShift/Documents/VivadoProjects/hello_word/hello_word.srcs/sources_1/bd/hello_word/ip/hello_word_axi_smc_0/bd_0/hdl/bd_957c.v:3209]
INFO: [Synth 8-638] synthesizing module 'bd_957c_arsw_0' [c:/Users/iShift/Documents/VivadoProjects/hello_word/hello_word.srcs/sources_1/bd/hello_word/ip/hello_word_axi_smc_0/bd_0/ip/ip_4/synth/bd_957c_arsw_0.sv:57]
INFO: [Synth 8-256] done synthesizing module 'bd_957c_arsw_0' (81#1) [c:/Users/iShift/Documents/VivadoProjects/hello_word/hello_word.srcs/sources_1/bd/hello_word/ip/hello_word_axi_smc_0/bd_0/ip/ip_4/synth/bd_957c_arsw_0.sv:57]
INFO: [Synth 8-638] synthesizing module 'bd_957c_awsw_0' [c:/Users/iShift/Documents/VivadoProjects/hello_word/hello_word.srcs/sources_1/bd/hello_word/ip/hello_word_axi_smc_0/bd_0/ip/ip_6/synth/bd_957c_awsw_0.sv:57]
INFO: [Synth 8-256] done synthesizing module 'bd_957c_awsw_0' (82#1) [c:/Users/iShift/Documents/VivadoProjects/hello_word/hello_word.srcs/sources_1/bd/hello_word/ip/hello_word_axi_smc_0/bd_0/ip/ip_6/synth/bd_957c_awsw_0.sv:57]
INFO: [Synth 8-638] synthesizing module 'bd_957c_bsw_0' [c:/Users/iShift/Documents/VivadoProjects/hello_word/hello_word.srcs/sources_1/bd/hello_word/ip/hello_word_axi_smc_0/bd_0/ip/ip_8/synth/bd_957c_bsw_0.sv:57]
INFO: [Synth 8-256] done synthesizing module 'bd_957c_bsw_0' (83#1) [c:/Users/iShift/Documents/VivadoProjects/hello_word/hello_word.srcs/sources_1/bd/hello_word/ip/hello_word_axi_smc_0/bd_0/ip/ip_8/synth/bd_957c_bsw_0.sv:57]
INFO: [Synth 8-638] synthesizing module 'bd_957c_rsw_0' [c:/Users/iShift/Documents/VivadoProjects/hello_word/hello_word.srcs/sources_1/bd/hello_word/ip/hello_word_axi_smc_0/bd_0/ip/ip_5/synth/bd_957c_rsw_0.sv:57]
INFO: [Synth 8-256] done synthesizing module 'bd_957c_rsw_0' (84#1) [c:/Users/iShift/Documents/VivadoProjects/hello_word/hello_word.srcs/sources_1/bd/hello_word/ip/hello_word_axi_smc_0/bd_0/ip/ip_5/synth/bd_957c_rsw_0.sv:57]
INFO: [Synth 8-638] synthesizing module 'bd_957c_wsw_0' [c:/Users/iShift/Documents/VivadoProjects/hello_word/hello_word.srcs/sources_1/bd/hello_word/ip/hello_word_axi_smc_0/bd_0/ip/ip_7/synth/bd_957c_wsw_0.sv:57]
INFO: [Synth 8-256] done synthesizing module 'bd_957c_wsw_0' (85#1) [c:/Users/iShift/Documents/VivadoProjects/hello_word/hello_word.srcs/sources_1/bd/hello_word/ip/hello_word_axi_smc_0/bd_0/ip/ip_7/synth/bd_957c_wsw_0.sv:57]
INFO: [Synth 8-256] done synthesizing module 'switchboards_imp_1IQFOYY' (86#1) [c:/Users/iShift/Documents/VivadoProjects/hello_word/hello_word.srcs/sources_1/bd/hello_word/ip/hello_word_axi_smc_0/bd_0/hdl/bd_957c.v:3209]
INFO: [Synth 8-256] done synthesizing module 'bd_957c' (87#1) [c:/Users/iShift/Documents/VivadoProjects/hello_word/hello_word.srcs/sources_1/bd/hello_word/ip/hello_word_axi_smc_0/bd_0/hdl/bd_957c.v:13]
INFO: [Synth 8-256] done synthesizing module 'hello_word_axi_smc_0' (88#1) [c:/Users/iShift/Documents/VivadoProjects/hello_word/hello_word.srcs/sources_1/bd/hello_word/ip/hello_word_axi_smc_0/synth/hello_word_axi_smc_0.v:57]
Finished RTL Elaboration : Time (s): cpu = 00:00:17 ; elapsed = 00:00:18 . Memory (MB): peak = 517.727 ; gain = 238.180
Finished RTL Optimization Phase 1 : Time (s): cpu = 00:00:18 ; elapsed = 00:00:19 . Memory (MB): peak = 517.727 ; gain = 238.180
INFO: [Device 21-403] Loading part xc7a100tcsg324-1
Constraint Validation Runtime : Time (s): cpu = 00:00:01 ; elapsed = 00:00:00.735 . Memory (MB): peak = 1297.254 ; gain = 5.133
Finished Constraint Validation : Time (s): cpu = 00:00:58 ; elapsed = 00:00:59 . Memory (MB): peak = 1297.254 ; gain = 1017.707
Finished Loading Part and Timing Information : Time (s): cpu = 00:00:58 ; elapsed = 00:00:59 . Memory (MB): peak = 1297.254 ; gain = 1017.707
Finished applying 'set_property' XDC Constraints : Time (s): cpu = 00:00:58 ; elapsed = 00:00:59 . Memory (MB): peak = 1297.254 ; gain = 1017.707
Finished RTL Optimization Phase 2 : Time (s): cpu = 00:01:04 ; elapsed = 00:01:05 . Memory (MB): peak = 1297.254 ; gain = 1017.707
Finished Cross Boundary and Area Optimization : Time (s): cpu = 00:01:44 ; elapsed = 00:01:51 . Memory (MB): peak = 1297.254 ; gain = 1017.707
---------------------------------------------------------------------------------
Start ROM, RAM, DSP and Shift Register Reporting
---------------------------------------------------------------------------------

Distributed RAM: Preliminary Mapping  Report (see note below)
+-----------------------------------------------------------------------------------------------------------------------------------------------------------------------------------+----------------------------------+----------------+----------------------+----------------+
|Module Name                                                                                                                                                                        | RTL Object                       | Inference      | Size (Depth x Width) | Primitives     | 
+-----------------------------------------------------------------------------------------------------------------------------------------------------------------------------------+----------------------------------+----------------+----------------------+----------------+
|inst/i_0/\m00_nodes/m00_ar_node/inst /\inst_mi_handler/gen_normal_area.inst_fifo_node_payld/gen_xpm_memory_fifo.inst_fifo/gen_mem_rep[0].inst_xpm_memory                           | gen_wr_a.gen_word_narrow.mem_reg | User Attribute | 32 x 158             | RAM32M x 27    | 
|inst/i_0/\m00_nodes/m00_aw_node/inst /\inst_mi_handler/gen_normal_area.inst_fifo_node_payld/gen_xpm_memory_fifo.inst_fifo/gen_mem_rep[0].inst_xpm_memory                           | gen_wr_a.gen_word_narrow.mem_reg | User Attribute | 32 x 158             | RAM32M x 27    | 
|inst/i_0/\m00_nodes/m00_b_node/inst /\inst_mi_handler/gen_normal_area.gen_fifo_req.inst_fifo_req/gen_xpm_memory_fifo.inst_fifo/gen_mem_rep[0].inst_xpm_memory                      | gen_wr_a.gen_word_narrow.mem_reg | User Attribute | 32 x 19              | RAM32M x 4     | 
|inst/i_0/\m00_nodes/m00_b_node/inst /\inst_mi_handler/gen_normal_area.inst_fifo_node_payld/gen_xpm_memory_fifo.inst_fifo/gen_mem_rep[0].inst_xpm_memory                            | gen_wr_a.gen_word_narrow.mem_reg | User Attribute | 32 x 7               | RAM32M x 2     | 
|inst/i_0/\m00_nodes/m00_r_node/inst /\inst_mi_handler/gen_normal_area.gen_fifo_req.inst_fifo_req/gen_xpm_memory_fifo.inst_fifo/gen_mem_rep[0].inst_xpm_memory                      | gen_wr_a.gen_word_narrow.mem_reg | User Attribute | 32 x 19              | RAM32M x 4     | 
|inst/i_0/\m00_nodes/m00_r_node/inst /\inst_mi_handler/gen_normal_area.inst_fifo_node_payld/gen_xpm_memory_fifo.inst_fifo/gen_mem_rep[0].inst_xpm_memory                            | gen_wr_a.gen_word_narrow.mem_reg | User Attribute | 32 x 85              | RAM32M x 15    | 
|inst/i_0/\m00_nodes/m00_w_node/inst /\inst_si_handler/gen_si_handler.gen_request_fifos.gen_req_fifo[0].inst_req_fifo/gen_xpm_memory_fifo.inst_fifo/gen_mem_rep[0].inst_xpm_memory  | gen_wr_a.gen_word_narrow.mem_reg | User Attribute | 4 x 1                | RAM16X1D x 1   | 
|inst/i_0/\m00_nodes/m00_w_node/inst /\inst_si_handler/gen_si_handler.gen_request_fifos.gen_req_fifo[1].inst_req_fifo/gen_xpm_memory_fifo.inst_fifo/gen_mem_rep[0].inst_xpm_memory  | gen_wr_a.gen_word_narrow.mem_reg | User Attribute | 4 x 1                | RAM16X1D x 1   | 
|inst/i_0/\m00_nodes/m00_w_node/inst /\inst_mi_handler/gen_normal_area.inst_fifo_node_payld/gen_xpm_memory_fifo.inst_fifo/gen_mem_rep[0].inst_xpm_memory                            | gen_wr_a.gen_word_narrow.mem_reg | User Attribute | 32 x 106             | RAM32M x 18    | 
|inst/i_0/\s00_nodes/s00_ar_node/inst /\inst_mi_handler/gen_normal_area.gen_fifo_req.inst_fifo_req/gen_xpm_memory_fifo.inst_fifo/gen_mem_rep[0].inst_xpm_memory                     | gen_wr_a.gen_word_narrow.mem_reg | User Attribute | 32 x 18              | RAM32M x 3     | 
|inst/i_0/\s00_nodes/s00_ar_node/inst /\inst_mi_handler/gen_normal_area.inst_fifo_node_payld/gen_xpm_memory_fifo.inst_fifo/gen_mem_rep[0].inst_xpm_memory                           | gen_wr_a.gen_word_narrow.mem_reg | User Attribute | 32 x 140             | RAM32M x 24    | 
|inst/i_0/\s00_nodes/s00_aw_node/inst /\inst_mi_handler/gen_normal_area.gen_fifo_req.inst_fifo_req/gen_xpm_memory_fifo.inst_fifo/gen_mem_rep[0].inst_xpm_memory                     | gen_wr_a.gen_word_narrow.mem_reg | User Attribute | 32 x 18              | RAM32M x 3     | 
|inst/i_0/\s00_nodes/s00_aw_node/inst /\inst_mi_handler/gen_normal_area.inst_fifo_node_payld/gen_xpm_memory_fifo.inst_fifo/gen_mem_rep[0].inst_xpm_memory                           | gen_wr_a.gen_word_narrow.mem_reg | User Attribute | 32 x 140             | RAM32M x 24    | 
|inst/i_0/\s00_nodes/s00_b_node/inst /\inst_mi_handler/gen_normal_area.gen_node_prog_full.inst_node_prog_full/gen_xpm_memory_fifo.inst_fifo/gen_mem_rep[0].inst_xpm_memory          | gen_wr_a.gen_word_narrow.mem_reg | User Attribute | 32 x 1               | RAM32X1D x 1   | 
|inst/i_0/\s00_nodes/s00_b_node/inst /\inst_mi_handler/gen_normal_area.inst_fifo_node_payld/gen_xpm_memory_fifo.inst_fifo/gen_mem_rep[0].inst_xpm_memory                            | gen_wr_a.gen_word_narrow.mem_reg | User Attribute | 32 x 25              | RAM32M x 5     | 
|inst/i_0/\s00_nodes/s00_r_node/inst /\inst_mi_handler/gen_normal_area.gen_node_prog_full.inst_node_prog_full/gen_xpm_memory_fifo.inst_fifo/gen_mem_rep[0].inst_xpm_memory          | gen_wr_a.gen_word_narrow.mem_reg | User Attribute | 32 x 1               | RAM32X1D x 1   | 
|inst/i_0/\s00_nodes/s00_r_node/inst /\inst_mi_handler/gen_normal_area.inst_fifo_node_payld/gen_xpm_memory_fifo.inst_fifo/gen_mem_rep[0].inst_xpm_memory                            | gen_wr_a.gen_word_narrow.mem_reg | User Attribute | 32 x 103             | RAM32M x 18    | 
|inst/i_0/\s00_nodes/s00_w_node/inst /\inst_mi_handler/gen_normal_area.gen_fifo_req.inst_fifo_req/gen_xpm_memory_fifo.inst_fifo/gen_mem_rep[0].inst_xpm_memory                      | gen_wr_a.gen_word_narrow.mem_reg | User Attribute | 32 x 18              | RAM32M x 3     | 
|inst/i_0/\s00_nodes/s00_w_node/inst /\inst_mi_handler/gen_normal_area.inst_fifo_node_payld/gen_xpm_memory_fifo.inst_fifo/gen_mem_rep[0].inst_xpm_memory                            | gen_wr_a.gen_word_narrow.mem_reg | User Attribute | 32 x 88              | RAM32M x 15    | 
|inst/i_0/\s01_nodes/s01_ar_node/inst /\inst_mi_handler/gen_normal_area.gen_fifo_req.inst_fifo_req/gen_xpm_memory_fifo.inst_fifo/gen_mem_rep[0].inst_xpm_memory                     | gen_wr_a.gen_word_narrow.mem_reg | User Attribute | 32 x 18              | RAM32M x 3     | 
|inst/i_0/\s01_nodes/s01_ar_node/inst /\inst_mi_handler/gen_normal_area.inst_fifo_node_payld/gen_xpm_memory_fifo.inst_fifo/gen_mem_rep[0].inst_xpm_memory                           | gen_wr_a.gen_word_narrow.mem_reg | User Attribute | 32 x 140             | RAM32M x 24    | 
|inst/i_0/\s01_nodes/s01_r_node/inst /\inst_mi_handler/gen_normal_area.gen_node_prog_full.inst_node_prog_full/gen_xpm_memory_fifo.inst_fifo/gen_mem_rep[0].inst_xpm_memory          | gen_wr_a.gen_word_narrow.mem_reg | User Attribute | 32 x 1               | RAM32X1D x 1   | 
|inst/i_0/\s01_nodes/s01_r_node/inst /\inst_mi_handler/gen_normal_area.inst_fifo_node_payld/gen_xpm_memory_fifo.inst_fifo/gen_mem_rep[0].inst_xpm_memory                            | gen_wr_a.gen_word_narrow.mem_reg | User Attribute | 32 x 103             | RAM32M x 18    | 
+-----------------------------------------------------------------------------------------------------------------------------------------------------------------------------------+----------------------------------+----------------+----------------------+----------------+

Note: The table above is a preliminary report that shows the Distributed RAMs at the current stage of the synthesis flow. Some Distributed RAMs may be reimplemented as non Distributed RAM primitives later in the synthesis flow. Multiple instantiated RAMs are reported only once.
---------------------------------------------------------------------------------
Finished ROM, RAM, DSP and Shift Register Reporting
---------------------------------------------------------------------------------
Finished Applying XDC Timing Constraints : Time (s): cpu = 00:01:53 ; elapsed = 00:02:01 . Memory (MB): peak = 1297.254 ; gain = 1017.707
Finished Timing Optimization : Time (s): cpu = 00:01:55 ; elapsed = 00:02:03 . Memory (MB): peak = 1297.254 ; gain = 1017.707
Finished Technology Mapping : Time (s): cpu = 00:02:02 ; elapsed = 00:02:10 . Memory (MB): peak = 1297.254 ; gain = 1017.707
Finished IO Insertion : Time (s): cpu = 00:02:03 ; elapsed = 00:02:11 . Memory (MB): peak = 1297.254 ; gain = 1017.707
Finished Renaming Generated Instances : Time (s): cpu = 00:02:03 ; elapsed = 00:02:11 . Memory (MB): peak = 1297.254 ; gain = 1017.707
Finished Rebuilding User Hierarchy : Time (s): cpu = 00:02:04 ; elapsed = 00:02:13 . Memory (MB): peak = 1297.254 ; gain = 1017.707
Finished Renaming Generated Ports : Time (s): cpu = 00:02:04 ; elapsed = 00:02:13 . Memory (MB): peak = 1297.254 ; gain = 1017.707
Finished Handling Custom Attributes : Time (s): cpu = 00:02:04 ; elapsed = 00:02:13 . Memory (MB): peak = 1297.254 ; gain = 1017.707
Finished Renaming Generated Nets : Time (s): cpu = 00:02:05 ; elapsed = 00:02:13 . Memory (MB): peak = 1297.254 ; gain = 1017.707

Report Cell Usage: 
+------+---------+------+
|      |Cell     |Count |
+------+---------+------+
|1     |CARRY4   |     6|
|2     |LUT1     |   175|
|3     |LUT2     |   508|
|4     |LUT3     |   478|
|5     |LUT4     |  1213|
|6     |LUT5     |   502|
|7     |LUT6     |  1003|
|8     |MUXF7    |     2|
|9     |RAM16X1D |     2|
|10    |RAM32M   |   237|
|11    |RAM32X1D |     3|
|12    |SRL16    |     3|
|13    |SRLC32E  |   215|
|14    |FDR      |    20|
|15    |FDRE     |  4405|
|16    |FDSE     |   185|
+------+---------+------+
Finished Writing Synthesis Report : Time (s): cpu = 00:02:05 ; elapsed = 00:02:13 . Memory (MB): peak = 1297.254 ; gain = 1017.707
synth_design: Time (s): cpu = 00:02:13 ; elapsed = 00:02:23 . Memory (MB): peak = 1297.254 ; gain = 1025.469
