MIG: 16:46:37 : xml_input_file: board.prj
MIG: 16:46:37 : Absolute path of xml_input_file: c:/Users/iShift/Documents/VivadoProjects/hello_word/hello_word.srcs/sources_1/bd/hello_word/ip/hello_word_mig_7series_0_0/board.prj
MIG: 16:46:37 : xml_input_file: board.prj
MIG: 16:46:37 : Absolute path of xml_input_file: c:/Users/iShift/Documents/VivadoProjects/hello_word/hello_word.srcs/sources_1/bd/hello_word/ip/hello_word_mig_7series_0_0/board.prj
MIG: 16:46:37 : In updateAllModelParams
MIG: 16:46:37 : ################# RUNNING MIG BATCH ###################
MIG: 16:46:37 : Writing IN file for 'hello_word_mig_7series_0_0'...compDirPath: d:/Xilinx/Vivado/2017.2/data/ip/xilinx/mig_7series_v4_0... instDirPath: c:/Users/iShift/Documents/VivadoProjects/hello_word/hello_word.srcs/sources_1/bd/hello_word/ip/hello_word_mig_7series_0_0
MIG: 16:46:37 : synp_flow:  -- synthesis_mode: Other
MIG: 16:46:37 : outputDirectory: c:/Users/iShift/Documents/VivadoProjects/hello_word/hello_word.srcs/sources_1/bd/hello_word/ip/hello_word_mig_7series_0_0/_tmp/
MIG: 16:46:37 : vivado_mode: xpg_bd
MIG: 16:46:37 : isPortInterface: 0
MIG: 16:46:37 : isPortInterface: 0
MIG: 16:46:37 : isPortInterface: 0
MIG: 16:46:37 : isPortInterface: 0
MIG: 16:46:37 : isPortInterface: 0
MIG: 16:46:37 : isPortInterface: 0
MIG: 16:46:37 : isPortInterface: 0
MIG: 16:46:37 : isPortInterface: 0
MIG: 16:46:37 : isPortInterface: 0
MIG: 16:46:37 : isPortInterface: 0
MIG: 16:46:37 : isPortInterface: 0
MIG: 16:46:37 : isPortInterface: 0
MIG: 16:46:37 : isPortInterface: 0
MIG: 16:46:37 : isPortInterface: 0
MIG: 16:46:37 : isPortInterface: 0
MIG: 16:46:37 : isPortInterface: 0
MIG: 16:46:37 : isPortInterface: 0
MIG: 16:46:37 : isPortInterface: 0
MIG: 16:46:37 : isPortInterface: 0
MIG: 16:46:37 : isPortInterface: 0
MIG: 16:46:37 : isPortInterface: 0
MIG: 16:46:37 : isPortInterface: 0
MIG: 16:46:37 : isPortInterface: 0
MIG: 16:46:37 : isPortInterface: 0
MIG: 16:46:37 : isPortInterface: 0
MIG: 16:46:37 : isPortInterface: 0
MIG: 16:46:37 : isPortInterface: 0
MIG: 16:46:37 : isPortInterface: 0
MIG: 16:46:37 : isPortInterface: 0
MIG: 16:46:37 : isPortInterface: 0
MIG: 16:46:37 : isPortInterface: 0
MIG: 16:46:37 : isPortInterface: 0
MIG: 16:46:37 : isPortInterface: 0
MIG: 16:46:37 : isPortInterface: 0
MIG: 16:46:37 : isPortInterface: 0
MIG: 16:46:37 : isPortInterface: 0
MIG: 16:46:37 : isPortInterface: 0
MIG: 16:46:37 : isPortInterface: 0
MIG: 16:46:37 : isPortInterface: 0
MIG: 16:46:37 : isPortInterface: 0
MIG: 16:46:37 : isPortInterface: 0
MIG: 16:46:37 : isPortInterface: 0
MIG: 16:46:37 : isPortInterface: 0
MIG: 16:46:37 : isPortInterface: 0
MIG: 16:46:37 : isPortInterface: 0
MIG: 16:46:37 : isPortInterface: 0
MIG: 16:46:37 : isPortInterface: 0
MIG: 16:46:37 : isPortInterface: 0
MIG: 16:46:37 : isPortInterface: 0
MIG: 16:46:37 : isPortInterface: 0
MIG: 16:46:37 : isPortInterface: 0
MIG: 16:46:37 : isPortInterface: 0
MIG: 16:46:37 : isPortInterface: 0
MIG: 16:46:37 : isPortInterface: 0
MIG: 16:46:37 : isPortInterface: 0
MIG: 16:46:37 : isPortInterface: 0
MIG: 16:46:37 : isPortInterface: 0
MIG: 16:46:37 : isPortInterface: 0
MIG: 16:46:37 : isPortInterface: 0
MIG: 16:46:37 : isPortInterface: 0
MIG: 16:46:37 : isPortInterface: 0
MIG: 16:46:37 : isPortInterface: 0
MIG: 16:46:37 : isPortInterface: 0
MIG: 16:46:37 : isPortInterface: 0
MIG: 16:46:37 : isPortInterface: 0
MIG: 16:46:37 : isPortInterface: 0
MIG: 16:46:38 : isPortInterface: 0
MIG: 16:46:38 : isPortInterface: 0
MIG: 16:46:38 : isPortInterface: 0
MIG: 16:46:38 : isPortInterface: 0
MIG: 16:46:38 : isPortInterface: 0
MIG: 16:46:38 : isPortInterface: 0
MIG: 16:46:38 : isPortInterface: 0
MIG: 16:46:38 : isPortInterface: 0
MIG: 16:46:38 : isPortInterface: 0
MIG: 16:46:38 : isPortInterface: 0
MIG: 16:46:38 : isPortInterface: 0
MIG: 16:46:38 : isPortInterface: 0
MIG: 16:46:38 : isPortInterface: 0
MIG: 16:46:38 : isPortInterface: 0
MIG: 16:46:38 : isPortInterface: 0
MIG: 16:46:38 : isPortInterface: 0
MIG: 16:46:38 : isPortInterface: 0
MIG: 16:46:38 : isPortInterface: 0
MIG: 16:46:38 : isPortInterface: 0
MIG: 16:46:38 : isPortInterface: 0
MIG: 16:46:38 : isPortInterface: 0
MIG: 16:46:38 : isPortInterface: 0
MIG: 16:46:38 : isPortInterface: 0
MIG: 16:46:38 : isPortInterface: 0
MIG: 16:46:38 : isPortInterface: 0
MIG: 16:46:38 : isPortInterface: 0
MIG: 16:46:38 : isPortInterface: 0
MIG: 16:46:38 : isPortInterface: 0
MIG: 16:46:38 : isPortInterface: 0
MIG: 16:46:38 : isPortInterface: 0
MIG: 16:46:38 : isPortInterface: 0
MIG: 16:46:38 : isPortInterface: 0
MIG: 16:46:38 : isPortInterface: 0
MIG: 16:46:38 : isPortInterface: 0
MIG: 16:46:38 : isPortInterface: 0
MIG: 16:46:38 : isPortInterface: 0
MIG: 16:46:38 : isPortInterface: 0
MIG: 16:46:38 : isPortInterface: 0
MIG: 16:46:38 : isPortInterface: 0
MIG: 16:46:38 : isPortInterface: 0
MIG: 16:46:38 : isPortInterface: 0
MIG: 16:46:38 : isPortInterface: 0
MIG: 16:46:38 : isPortInterface: 0
MIG: 16:46:38 : isPortInterface: 0
MIG: 16:46:38 : isPortInterface: 0
MIG: 16:46:38 : isPortInterface: 0
MIG: 16:46:38 : isPortInterface: 0
MIG: 16:46:38 : isPortInterface: 0
MIG: 16:46:38 : isPortInterface: 0
MIG: 16:46:38 : isPortInterface: 0
MIG: 16:46:38 : isPortInterface: 0
MIG: 16:46:38 : isPortInterface: 1
MIG: 16:46:38 : isPortInterface: 0
MIG: 16:46:38 : isPortInterface: 0
MIG: 16:46:38 : isPortInterface: 0
MIG: 16:46:38 : isPortInterface: 0
MIG: 16:46:38 : isPortInterface: 0
MIG: 16:46:38 : isPortInterface: 0
MIG: 16:46:38 : isPortInterface: 0
MIG: 16:46:38 : isPortInterface: 0
MIG: 16:46:38 : isPortInterface: 0
MIG: 16:46:38 : isPortInterface: 0
MIG: 16:46:38 :  locked false  
MIG: 16:46:38 : HDL Language: Verilog
MIG: 16:46:38 : compInfo: true
MIG: 16:46:38 : Vivado Options xc7a100t csg324 -1
MIG: 16:46:38 : 1: xc7a100t 2: csg324 3: -1
MIG: 16:46:38 : relative mig path: coregen/ip/xilinx/other/com/xilinx/ip/mig_7series_v4_0/bin/nt64/mig.exe
MIG: 16:46:38 : xilinx_path: D:/Xilinx/Vivado/2017.2/ids_lite/ISE
MIG: 16:46:38 : I am in catch area
MIG: 16:46:38 : Running D:/Xilinx/Vivado/2017.2/ids_lite/ISE/coregen/ip/xilinx/other/com/xilinx/ip/mig_7series_v4_0/bin/nt64/mig.exe -cg_exc_inp c:/Users/iShift/Documents/VivadoProjects/hello_word/hello_word.srcs/sources_1/bd/hello_word/ip/hello_word_mig_7series_0_0/xil_txt.in -cg_exc_out c:/Users/iShift/Documents/VivadoProjects/hello_word/hello_word.srcs/sources_1/bd/hello_word/ip/hello_word_mig_7series_0_0/xil_txt.out ... 
MIG: 16:46:58 : XML_INPUT_FILE: c:/Users/iShift/Documents/VivadoProjects/hello_word/hello_word.srcs/sources_1/bd/hello_word/ip/hello_word_mig_7series_0_0/board.prj
MIG: 16:46:58 : Component_Name: hello_word_mig_7series_0_0
MIG: 16:46:58 : Moving hello_word_mig_7series_0_0 ...
MIG: 16:46:58 : Moving hello_word_mig_7series_0_0.veo ...
MIG: 16:46:58 : Moving hello_word_mig_7series_0_0_xmdf.tcl ...
MIG: 16:46:58 : XGUI hdlLanguage: Verilog
MIG: 16:46:58 : xgui vivado_mode: xpg_bd
MIG: 16:46:58 : xgui hdlLanguage: Verilog -- hdlExt: v
MIG: 16:46:58 : Reading C:/Users/iShift/Documents/VivadoProjects/hello_word/hello_word.srcs/sources_1/bd/hello_word/ip/hello_word_mig_7series_0_0/hello_word_mig_7series_0_0/user_design/rtl/hello_word_mig_7series_0_0_mig.v ...
MIG: 16:46:59 : 1
MIG: 16:46:59 : Inside fn mem: DDR2
MIG: 16:46:59 : detect_uiclk: 81247969
MIG: 16:46:59 : cntrl:  memtype: DDR2
MIG: 16:46:59 : 1200
MIG: 16:46:59 :  MMCM_VCO single ctrl param_name: MMCM_VCO --  possibleMaxVcoVal: 1200 
MIG: 16:46:59 : DDR2
MIG: 16:46:59 : 1
MIG: 16:46:59 : 81247969
MIG: 16:46:59 : 
MIG: 16:46:59 :  polarity_value: 1
MIG: 16:46:59 : 
MIG: 16:46:59 : 
MIG: 16:46:59 : cntrl:  memtype: DDR2
MIG: 16:46:59 : Prasad ----: isMMCMExtraClkParam:: MMCM_CLKOUT0_EN --- "TRUE"
MIG: 16:46:59 : TRUE
MIG: 16:46:59 :  MMCM Enable Param: MMCM_CLKOUT0_EN ==> TRUE
MIG: 16:46:59 : Prasad ----: isMMCMExtraClkParam:: MMCM_CLKOUT1_EN --- "FALSE"
MIG: 16:46:59 : 
MIG: 16:46:59 :  MMCM Enable Param: MMCM_CLKOUT1_EN ==> FALSE
MIG: 16:46:59 : Prasad ----: isMMCMExtraClkParam:: MMCM_CLKOUT2_EN --- "FALSE"
MIG: 16:46:59 : 
MIG: 16:46:59 :  MMCM Enable Param: MMCM_CLKOUT2_EN ==> FALSE
MIG: 16:46:59 : Prasad ----: isMMCMExtraClkParam:: MMCM_CLKOUT3_EN --- "FALSE"
MIG: 16:46:59 : 
MIG: 16:46:59 :  MMCM Enable Param: MMCM_CLKOUT3_EN ==> FALSE
MIG: 16:46:59 : Prasad ----: isMMCMExtraClkParam:: MMCM_CLKOUT4_EN --- "FALSE"
MIG: 16:46:59 : 
MIG: 16:46:59 :  MMCM Enable Param: MMCM_CLKOUT4_EN ==> FALSE
MIG: 16:46:59 : Prasad ----: isMMCMExtraClkParam:: MMCM_CLKOUT0_DIVIDE --- 12.000
MIG: 16:46:59 : possibleMaxVcoVal:: 1200 ---- paramName: MMCM_CLKOUT0_DIVIDE
MIG: 16:46:59 : 100000000
MIG: 16:46:59 :  MMCM Extra Param: MMCM_CLKOUT0_FREQ ==> 100000000
MIG: 16:46:59 : Prasad ----: isMMCMExtraClkParam:: MMCM_CLKOUT1_DIVIDE --- 1
MIG: 16:46:59 : possibleMaxVcoVal:: 1200 ---- paramName: MMCM_CLKOUT1_DIVIDE
MIG: 16:46:59 : 1200000000
MIG: 16:46:59 :  MMCM Extra Param: MMCM_CLKOUT1_FREQ ==> 1200000000
MIG: 16:46:59 : Prasad ----: isMMCMExtraClkParam:: MMCM_CLKOUT2_DIVIDE --- 1
MIG: 16:46:59 : possibleMaxVcoVal:: 1200 ---- paramName: MMCM_CLKOUT2_DIVIDE
MIG: 16:46:59 : 1200000000
MIG: 16:46:59 :  MMCM Extra Param: MMCM_CLKOUT2_FREQ ==> 1200000000
MIG: 16:46:59 : Prasad ----: isMMCMExtraClkParam:: MMCM_CLKOUT3_DIVIDE --- 1
MIG: 16:46:59 : possibleMaxVcoVal:: 1200 ---- paramName: MMCM_CLKOUT3_DIVIDE
MIG: 16:46:59 : 1200000000
MIG: 16:46:59 :  MMCM Extra Param: MMCM_CLKOUT3_FREQ ==> 1200000000
MIG: 16:46:59 : Prasad ----: isMMCMExtraClkParam:: MMCM_CLKOUT4_DIVIDE --- 1
MIG: 16:46:59 : possibleMaxVcoVal:: 1200 ---- paramName: MMCM_CLKOUT4_DIVIDE
MIG: 16:46:59 : 1200000000
MIG: 16:46:59 :  MMCM Extra Param: MMCM_CLKOUT4_FREQ ==> 1200000000
MIG: 16:46:59 :  Invalid Param: DDR2_RST_ACT_LOW ==> 1
MIG: 16:46:59 : 
MIG: 16:46:59 :  Valid Param: DDR2_BANK_WIDTH ==> 3
MIG: 16:46:59 : 
MIG: 16:46:59 :  Valid Param: DDR2_CK_WIDTH ==> 1
MIG: 16:46:59 :  Invalid Param: DDR2_COL_WIDTH ==> 10
MIG: 16:46:59 : 
MIG: 16:46:59 :  Valid Param: DDR2_CS_WIDTH ==> 1
MIG: 16:46:59 : 
MIG: 16:46:59 :  Valid Param: DDR2_nCS_PER_RANK ==> 1
MIG: 16:46:59 : 
MIG: 16:46:59 :  Valid Param: DDR2_CKE_WIDTH ==> 1
MIG: 16:46:59 :  Invalid Param: DDR2_DATA_BUF_ADDR_WIDTH ==> 5
MIG: 16:46:59 :  Invalid Param: DDR2_DQ_CNT_WIDTH ==> 4
MIG: 16:46:59 :  Invalid Param: DDR2_DQ_PER_DM ==> 8
MIG: 16:46:59 : 2
MIG: 16:46:59 :  Valid Param: DDR2_DM_WIDTH ==> 2
MIG: 16:46:59 : 16
MIG: 16:46:59 :  Valid Param: DDR2_DQ_WIDTH ==> 16
MIG: 16:46:59 : 2
MIG: 16:46:59 :  Valid Param: DDR2_DQS_WIDTH ==> 2
MIG: 16:46:59 : 
MIG: 16:46:59 :  Valid Param: DDR2_DQS_CNT_WIDTH ==> 1
MIG: 16:46:59 :  Invalid Param: DDR2_DRAM_WIDTH ==> 8
MIG: 16:46:59 : 
MIG: 16:46:59 :  Valid Param: ECC ==> OFF
MIG: 16:46:59 : 16
MIG: 16:46:59 :  Valid Param: DDR2_DATA_WIDTH ==> 16
MIG: 16:46:59 :  Invalid Param: ECC_TEST ==> "OFF"
MIG: 16:46:59 :  Invalid Param: DDR2_PAYLOAD_WIDTH ==> (ECC_TEST == "OFF") ? DATA_WIDTH : DQ_WIDTH
MIG: 16:46:59 :  Invalid Param: DDR2_MEM_ADDR_ORDER ==> "BANK_ROW_COLUMN"
MIG: 16:46:59 :  Invalid Param: DDR2_nBANK_MACHS ==> 4
MIG: 16:46:59 :  Invalid Param: DDR2_RANKS ==> 1
MIG: 16:46:59 : 
MIG: 16:46:59 :  Valid Param: DDR2_ODT_WIDTH ==> 1
MIG: 16:46:59 : 13
MIG: 16:46:59 :  Valid Param: DDR2_ROW_WIDTH ==> 13
MIG: 16:46:59 : 27
MIG: 16:46:59 :  Valid Param: DDR2_ADDR_WIDTH ==> 27
MIG: 16:46:59 : 
MIG: 16:46:59 :  Valid Param: DDR2_USE_CS_PORT ==> 1
MIG: 16:46:59 : 
MIG: 16:46:59 :  Valid Param: DDR2_USE_DM_PORT ==> 1
MIG: 16:46:59 : 
MIG: 16:46:59 :  Valid Param: DDR2_USE_ODT_PORT ==> 1
MIG: 16:46:59 :  Invalid Param: DDR2_PHY_CONTROL_MASTER_BANK ==> 0
MIG: 16:46:59 :  Invalid Param: DDR2_MEM_DENSITY ==> "1Gb"
MIG: 16:46:59 :  Invalid Param: DDR2_MEM_SPEEDGRADE ==> "25E"
MIG: 16:46:59 :  Invalid Param: DDR2_MEM_DEVICE_WIDTH ==> 16
MIG: 16:46:59 :  Invalid Param: DDR2_AL ==> "0"
MIG: 16:46:59 :  Invalid Param: DDR2_nAL ==> 0
MIG: 16:46:59 :  Invalid Param: DDR2_BURST_MODE ==> "8"
MIG: 16:46:59 :  Invalid Param: DDR2_BURST_TYPE ==> "SEQ"
MIG: 16:46:59 :  Invalid Param: DDR2_CL ==> 5
MIG: 16:46:59 :  Invalid Param: DDR2_OUTPUT_DRV ==> "HIGH"
MIG: 16:46:59 :  Invalid Param: DDR2_RTT_NOM ==> "50"
MIG: 16:46:59 :  Invalid Param: DDR2_ADDR_CMD_MODE ==> "1T"
MIG: 16:46:59 : 
MIG: 16:46:59 :  Valid Param: DDR2_REG_CTRL ==> OFF
MIG: 16:46:59 :  Invalid Param: DDR2_CLKIN_PERIOD ==> 5000
MIG: 16:47:00 :  Invalid Param: DDR2_CLKFBOUT_MULT ==> 13
MIG: 16:47:00 :  Invalid Param: DDR2_DIVCLK_DIVIDE ==> 2
MIG: 16:47:00 :  Invalid Param: DDR2_CLKOUT0_PHASE ==> 0.0
MIG: 16:47:00 :  Invalid Param: DDR2_CLKOUT0_DIVIDE ==> 2
MIG: 16:47:00 :  Invalid Param: DDR2_CLKOUT1_DIVIDE ==> 4
MIG: 16:47:00 :  Invalid Param: DDR2_CLKOUT2_DIVIDE ==> 64
MIG: 16:47:00 :  Invalid Param: DDR2_CLKOUT3_DIVIDE ==> 16
MIG: 16:47:00 :  Invalid Param: DDR2_MMCM_VCO ==> 1200
MIG: 16:47:00 :  Invalid Param: DDR2_MMCM_MULT_F ==> 14
MIG: 16:47:00 :  Invalid Param: DDR2_MMCM_DIVCLK_DIVIDE ==> 1
MIG: 16:47:00 :  Invalid Param: DDR2_MMCM_CLKOUT0_EN ==> "TRUE"
MIG: 16:47:00 :  Invalid Param: DDR2_MMCM_CLKOUT1_EN ==> "FALSE"
MIG: 16:47:00 :  Invalid Param: DDR2_MMCM_CLKOUT2_EN ==> "FALSE"
MIG: 16:47:00 :  Invalid Param: DDR2_MMCM_CLKOUT3_EN ==> "FALSE"
MIG: 16:47:00 :  Invalid Param: DDR2_MMCM_CLKOUT4_EN ==> "FALSE"
MIG: 16:47:00 :  Invalid Param: DDR2_MMCM_CLKOUT0_DIVIDE ==> 12.000
MIG: 16:47:00 :  Invalid Param: DDR2_MMCM_CLKOUT1_DIVIDE ==> 1
MIG: 16:47:00 :  Invalid Param: DDR2_MMCM_CLKOUT2_DIVIDE ==> 1
MIG: 16:47:00 :  Invalid Param: DDR2_MMCM_CLKOUT3_DIVIDE ==> 1
MIG: 16:47:00 :  Invalid Param: DDR2_MMCM_CLKOUT4_DIVIDE ==> 1
MIG: 16:47:00 :  Invalid Param: DDR2_tCKE ==> 7500
MIG: 16:47:00 :  Invalid Param: DDR2_tFAW ==> 45000
MIG: 16:47:00 :  Invalid Param: DDR2_tPRDI ==> 1_000_000
MIG: 16:47:00 :  Invalid Param: DDR2_tRAS ==> 40000
MIG: 16:47:00 :  Invalid Param: DDR2_tRCD ==> 15000
MIG: 16:47:00 :  Invalid Param: DDR2_tREFI ==> 7800000
MIG: 16:47:00 :  Invalid Param: DDR2_tRFC ==> 127500
MIG: 16:47:00 :  Invalid Param: DDR2_tRP ==> 12500
MIG: 16:47:00 :  Invalid Param: DDR2_tRRD ==> 10000
MIG: 16:47:00 :  Invalid Param: DDR2_tRTP ==> 7500
MIG: 16:47:00 :  Invalid Param: DDR2_tWTR ==> 7500
MIG: 16:47:00 :  Invalid Param: DDR2_tZQI ==> 128_000_000
MIG: 16:47:00 :  Invalid Param: DDR2_tZQCS ==> 64
MIG: 16:47:00 :  Invalid Param: DDR2_SIM_BYPASS_INIT_CAL ==> "OFF"
MIG: 16:47:00 :  Invalid Param: DDR2_SIMULATION ==> "FALSE"
MIG: 16:47:00 :  Invalid Param: DDR2_BYTE_LANES_B0 ==> 4'b1111
MIG: 16:47:00 :  Invalid Param: DDR2_BYTE_LANES_B1 ==> 4'b0000
MIG: 16:47:00 :  Invalid Param: DDR2_BYTE_LANES_B2 ==> 4'b0000
MIG: 16:47:00 :  Invalid Param: DDR2_BYTE_LANES_B3 ==> 4'b0000
MIG: 16:47:00 :  Invalid Param: DDR2_BYTE_LANES_B4 ==> 4'b0000
MIG: 16:47:00 :  Invalid Param: DDR2_DATA_CTL_B0 ==> 4'b0101
MIG: 16:47:00 :  Invalid Param: DDR2_DATA_CTL_B1 ==> 4'b0000
MIG: 16:47:00 :  Invalid Param: DDR2_DATA_CTL_B2 ==> 4'b0000
MIG: 16:47:00 :  Invalid Param: DDR2_DATA_CTL_B3 ==> 4'b0000
MIG: 16:47:00 :  Invalid Param: DDR2_DATA_CTL_B4 ==> 4'b0000
MIG: 16:47:00 :  Invalid Param: DDR2_PHY_0_BITLANES ==> 48'hFFC_3F7_FFF_3FE
MIG: 16:47:00 :  Invalid Param: DDR2_PHY_1_BITLANES ==> 48'h000_000_000_000
MIG: 16:47:00 :  Invalid Param: DDR2_PHY_2_BITLANES ==> 48'h000_000_000_000
MIG: 16:47:00 :  Invalid Param: DDR2_CK_BYTE_MAP ==> 144'h00_00_00_00_00_00_00_00_00_00_00_00_00_00_00_00_00_03
MIG: 16:47:00 :  Invalid Param: DDR2_ADDR_MAP ==> 192'h000_000_000_010_033_01A_019_032_03A_034_018_036_012_011_017_015
MIG: 16:47:00 :  Invalid Param: DDR2_BANK_MAP ==> 36'h013_016_01B
MIG: 16:47:00 :  Invalid Param: DDR2_CAS_MAP ==> 12'h039
MIG: 16:47:00 :  Invalid Param: DDR2_CKE_ODT_BYTE_MAP ==> 8'h00
MIG: 16:47:00 :  Invalid Param: DDR2_CKE_MAP ==> 96'h000_000_000_000_000_000_000_038
MIG: 16:47:00 :  Invalid Param: DDR2_ODT_MAP ==> 96'h000_000_000_000_000_000_000_035
MIG: 16:47:00 :  Invalid Param: DDR2_CS_MAP ==> 120'h000_000_000_000_000_000_000_000_000_037
MIG: 16:47:00 :  Invalid Param: DDR2_PARITY_MAP ==> 12'h000
MIG: 16:47:00 :  Invalid Param: DDR2_RAS_MAP ==> 12'h014
MIG: 16:47:00 :  Invalid Param: DDR2_WE_MAP ==> 12'h03B
MIG: 16:47:00 :  Invalid Param: DDR2_DQS_BYTE_MAP ==> 144'h00_00_00_00_00_00_00_00_00_00_00_00_00_00_00_00_02_00
MIG: 16:47:00 :  Invalid Param: DDR2_DATA0_MAP ==> 96'h008_004_009_007_005_001_006_003
MIG: 16:47:00 :  Invalid Param: DDR2_DATA1_MAP ==> 96'h022_028_020_024_027_025_026_021
MIG: 16:47:00 :  Invalid Param: DDR2_DATA2_MAP ==> 96'h000_000_000_000_000_000_000_000
MIG: 16:47:00 :  Invalid Param: DDR2_DATA3_MAP ==> 96'h000_000_000_000_000_000_000_000
MIG: 16:47:00 :  Invalid Param: DDR2_DATA4_MAP ==> 96'h000_000_000_000_000_000_000_000
MIG: 16:47:00 :  Invalid Param: DDR2_DATA5_MAP ==> 96'h000_000_000_000_000_000_000_000
MIG: 16:47:00 :  Invalid Param: DDR2_DATA6_MAP ==> 96'h000_000_000_000_000_000_000_000
MIG: 16:47:00 :  Invalid Param: DDR2_DATA7_MAP ==> 96'h000_000_000_000_000_000_000_000
MIG: 16:47:00 :  Invalid Param: DDR2_DATA8_MAP ==> 96'h000_000_000_000_000_000_000_000
MIG: 16:47:00 :  Invalid Param: DDR2_DATA9_MAP ==> 96'h000_000_000_000_000_000_000_000
MIG: 16:47:00 :  Invalid Param: DDR2_DATA10_MAP ==> 96'h000_000_000_000_000_000_000_000
MIG: 16:47:00 :  Invalid Param: DDR2_DATA11_MAP ==> 96'h000_000_000_000_000_000_000_000
MIG: 16:47:00 :  Invalid Param: DDR2_DATA12_MAP ==> 96'h000_000_000_000_000_000_000_000
MIG: 16:47:00 :  Invalid Param: DDR2_DATA13_MAP ==> 96'h000_000_000_000_000_000_000_000
MIG: 16:47:00 :  Invalid Param: DDR2_DATA14_MAP ==> 96'h000_000_000_000_000_000_000_000
MIG: 16:47:00 :  Invalid Param: DDR2_DATA15_MAP ==> 96'h000_000_000_000_000_000_000_000
MIG: 16:47:00 :  Invalid Param: DDR2_DATA16_MAP ==> 96'h000_000_000_000_000_000_000_000
MIG: 16:47:00 :  Invalid Param: DDR2_DATA17_MAP ==> 96'h000_000_000_000_000_000_000_000
MIG: 16:47:00 :  Invalid Param: DDR2_MASK0_MAP ==> 108'h000_000_000_000_000_000_000_029_002
MIG: 16:47:00 :  Invalid Param: DDR2_MASK1_MAP ==> 108'h000_000_000_000_000_000_000_000_000
MIG: 16:47:00 :  Invalid Param: DDR2_SLOT_0_CONFIG ==> 8'b0000_0001
MIG: 16:47:00 :  Invalid Param: DDR2_SLOT_1_CONFIG ==> 8'b0000_0000
MIG: 16:47:00 :  Invalid Param: DDR2_IBUF_LPWR_MODE ==> "OFF"
MIG: 16:47:00 :  Invalid Param: DDR2_DATA_IO_IDLE_PWRDWN ==> "ON"
MIG: 16:47:00 :  Invalid Param: DDR2_BANK_TYPE ==> "HR_IO"
MIG: 16:47:00 :  Invalid Param: DDR2_DATA_IO_PRIM_TYPE ==> "HR_LP"
MIG: 16:47:00 :  Invalid Param: DDR2_CKE_ODT_AUX ==> "FALSE"
MIG: 16:47:00 :  Invalid Param: DDR2_USER_REFRESH ==> "OFF"
MIG: 16:47:00 :  Invalid Param: DDR2_WRLVL ==> "OFF"
MIG: 16:47:00 :  Invalid Param: DDR2_ORDERING ==> "NORM"
MIG: 16:47:00 :  Invalid Param: DDR2_CALIB_ROW_ADD ==> 16'h0000
MIG: 16:47:00 :  Invalid Param: DDR2_CALIB_COL_ADD ==> 12'h000
MIG: 16:47:00 :  Invalid Param: DDR2_CALIB_BA_ADD ==> 3'h0
MIG: 16:47:00 :  Invalid Param: DDR2_TCQ ==> 100
MIG: 16:47:00 :  Invalid Param: DDR2_IODELAY_GRP0 ==> "HELLO_WORD_MIG_7SERIES_0_0_IODELAY_MIG0"
MIG: 16:47:00 :  Invalid Param: DDR2_SYSCLK_TYPE ==> "NO_BUFFER"
MIG: 16:47:00 :  Invalid Param: DDR2_REFCLK_TYPE ==> "USE_SYSTEM_CLOCK"
MIG: 16:47:00 :  Invalid Param: DDR2_SYS_RST_PORT ==> "FALSE"
MIG: 16:47:00 :  Invalid Param: DDR2_CMD_PIPE_PLUS1 ==> "ON"
MIG: 16:47:00 :  Invalid Param: DDR2_DRAM_TYPE ==> "DDR2"
MIG: 16:47:00 :  Invalid Param: DDR2_CAL_WIDTH ==> "HALF"
MIG: 16:47:00 :  Invalid Param: DDR2_STARVE_LIMIT ==> 2
MIG: 16:47:00 :  Invalid Param: DDR2_REFCLK_FREQ ==> 200.0
MIG: 16:47:00 :  Invalid Param: DDR2_DIFF_TERM_REFCLK ==> "TRUE"
MIG: 16:47:00 :  Invalid Param: DDR2_tCK ==> 3077
MIG: 16:47:00 : 4
MIG: 16:47:00 :  Valid Param: DDR2_nCK_PER_CLK ==> 4
MIG: 16:47:00 :  Invalid Param: DDR2_DIFF_TERM_SYSCLK ==> "TRUE"
MIG: 16:47:00 : TRUE
MIG: 16:47:00 :  Valid Param: UI_EXTRA_CLOCKS ==> TRUE
MIG: 16:47:00 : 1
MIG: 16:47:00 :  Valid Param: C_S_AXI_ID_WIDTH ==> 1
MIG: 16:47:00 : 134217728
MIG: 16:47:00 :  Valid Param: C_S_AXI_MEM_SIZE ==> 134217728
MIG: 16:47:00 : 
MIG: 16:47:00 :  Valid Param: C_S_AXI_ADDR_WIDTH ==> 32
MIG: 16:47:00 : 64
MIG: 16:47:00 :  Valid Param: C_S_AXI_DATA_WIDTH ==> 64
MIG: 16:47:00 :  Invalid Param: DDR2_C_MC_nCK_PER_CLK ==> 4
MIG: 16:47:00 :  Invalid Param: C_S_AXI_SUPPORTS_NARROW_BURST ==> 0
MIG: 16:47:00 :  Invalid Param: DDR2_C_RD_WR_ARB_ALGORITHM ==> "RD_PRI_REG"
MIG: 16:47:00 :  Invalid Param: C_S_AXI_REG_EN0 ==> 20'h00000
MIG: 16:47:00 :  Invalid Param: C_S_AXI_REG_EN1 ==> 20'h00000
MIG: 16:47:00 : 
MIG: 16:47:00 :  Valid Param: C_S_AXI_CTRL_ADDR_WIDTH ==> 32
MIG: 16:47:00 : 
MIG: 16:47:00 :  Valid Param: C_S_AXI_CTRL_DATA_WIDTH ==> 32
MIG: 16:47:00 :  Invalid Param: C_S_AXI_BASEADDR ==> 32'h0000_0000
MIG: 16:47:00 :  Invalid Param: C_ECC_ONOFF_RESET_VALUE ==> 1
MIG: 16:47:00 :  Invalid Param: C_ECC_CE_COUNTER_WIDTH ==> 8
MIG: 16:47:00 : 
MIG: 16:47:00 :  Valid Param: DDR2_DEBUG_PORT ==> OFF
MIG: 16:47:00 : 
MIG: 16:47:00 :  Invalid Param: DDR2_TEMP_MON_CONTROL ==> "INTERNAL"
MIG: 16:47:00 : NOBUF
MIG: 16:47:00 : NONE
MIG: 16:47:00 : 
MIG: 16:47:00 : Same Interface
MIG: 16:47:00 : xml_input_file: board.prj
MIG: 16:47:00 : Absolute path of xml_input_file: c:/Users/iShift/Documents/VivadoProjects/hello_word/hello_word.srcs/sources_1/bd/hello_word/ip/hello_word_mig_7series_0_0/board.prj
MIG: 16:47:00 : In updateAllModelParams
MIG: 16:47:00 : IGN:     <ModuleName>design_1_mig_7series_0_2</ModuleName> <==>     <ModuleName>hello_word_mig_7series_0_0</ModuleName> 
MIG: 16:47:00 : ERR:     <Version>2.2</Version> <==>     <Version>4.0</Version> 
MIG: 16:47:00 : ################# RUNNING MIG BATCH ###################
MIG: 16:47:00 : Writing IN file for 'hello_word_mig_7series_0_0'...compDirPath: d:/Xilinx/Vivado/2017.2/data/ip/xilinx/mig_7series_v4_0... instDirPath: c:/Users/iShift/Documents/VivadoProjects/hello_word/hello_word.srcs/sources_1/bd/hello_word/ip/hello_word_mig_7series_0_0
MIG: 16:47:00 : synp_flow:  -- synthesis_mode: Other
MIG: 16:47:00 : outputDirectory: c:/Users/iShift/Documents/VivadoProjects/hello_word/hello_word.srcs/sources_1/bd/hello_word/ip/hello_word_mig_7series_0_0/_tmp/
MIG: 16:47:00 : vivado_mode: xpg_bd
MIG: 16:47:00 : isPortInterface: 0
MIG: 16:47:00 : isPortInterface: 0
MIG: 16:47:00 : isPortInterface: 0
MIG: 16:47:00 : isPortInterface: 0
MIG: 16:47:00 : isPortInterface: 0
MIG: 16:47:00 : isPortInterface: 0
MIG: 16:47:00 : isPortInterface: 0
MIG: 16:47:00 : isPortInterface: 0
MIG: 16:47:00 : isPortInterface: 0
MIG: 16:47:00 : isPortInterface: 0
MIG: 16:47:00 : isPortInterface: 0
MIG: 16:47:00 : isPortInterface: 0
MIG: 16:47:00 : isPortInterface: 0
MIG: 16:47:00 : isPortInterface: 0
MIG: 16:47:00 : isPortInterface: 0
MIG: 16:47:00 : isPortInterface: 0
MIG: 16:47:00 : isPortInterface: 0
MIG: 16:47:00 : isPortInterface: 0
MIG: 16:47:00 : isPortInterface: 0
MIG: 16:47:00 : isPortInterface: 0
MIG: 16:47:00 : isPortInterface: 0
MIG: 16:47:00 : isPortInterface: 0
MIG: 16:47:00 : isPortInterface: 0
MIG: 16:47:00 : isPortInterface: 0
MIG: 16:47:00 : isPortInterface: 0
MIG: 16:47:00 : isPortInterface: 0
MIG: 16:47:00 : isPortInterface: 0
MIG: 16:47:00 : isPortInterface: 0
MIG: 16:47:00 : isPortInterface: 0
MIG: 16:47:00 : isPortInterface: 0
MIG: 16:47:00 : isPortInterface: 0
MIG: 16:47:00 : isPortInterface: 0
MIG: 16:47:00 : isPortInterface: 0
MIG: 16:47:00 : isPortInterface: 0
MIG: 16:47:01 : isPortInterface: 0
MIG: 16:47:01 : isPortInterface: 0
MIG: 16:47:01 : isPortInterface: 0
MIG: 16:47:01 : isPortInterface: 0
MIG: 16:47:01 : isPortInterface: 0
MIG: 16:47:01 : isPortInterface: 0
MIG: 16:47:01 : isPortInterface: 0
MIG: 16:47:01 : isPortInterface: 0
MIG: 16:47:01 : isPortInterface: 0
MIG: 16:47:01 : isPortInterface: 0
MIG: 16:47:01 : isPortInterface: 0
MIG: 16:47:01 : isPortInterface: 0
MIG: 16:47:01 : isPortInterface: 0
MIG: 16:47:01 : isPortInterface: 0
MIG: 16:47:01 : isPortInterface: 0
MIG: 16:47:01 : isPortInterface: 0
MIG: 16:47:01 : isPortInterface: 0
MIG: 16:47:01 : isPortInterface: 0
MIG: 16:47:01 : isPortInterface: 0
MIG: 16:47:01 : isPortInterface: 0
MIG: 16:47:01 : isPortInterface: 0
MIG: 16:47:01 : isPortInterface: 0
MIG: 16:47:01 : isPortInterface: 0
MIG: 16:47:01 : isPortInterface: 0
MIG: 16:47:01 : isPortInterface: 0
MIG: 16:47:01 : isPortInterface: 0
MIG: 16:47:01 : isPortInterface: 0
MIG: 16:47:01 : isPortInterface: 0
MIG: 16:47:01 : isPortInterface: 0
MIG: 16:47:01 : isPortInterface: 0
MIG: 16:47:01 : isPortInterface: 0
MIG: 16:47:01 : isPortInterface: 0
MIG: 16:47:01 : isPortInterface: 0
MIG: 16:47:01 : isPortInterface: 0
MIG: 16:47:01 : isPortInterface: 0
MIG: 16:47:01 : isPortInterface: 0
MIG: 16:47:01 : isPortInterface: 0
MIG: 16:47:01 : isPortInterface: 0
MIG: 16:47:01 : isPortInterface: 0
MIG: 16:47:01 : isPortInterface: 0
MIG: 16:47:01 : isPortInterface: 0
MIG: 16:47:01 : isPortInterface: 0
MIG: 16:47:01 : isPortInterface: 0
MIG: 16:47:01 : isPortInterface: 0
MIG: 16:47:01 : isPortInterface: 0
MIG: 16:47:01 : isPortInterface: 0
MIG: 16:47:01 : isPortInterface: 0
MIG: 16:47:01 : isPortInterface: 0
MIG: 16:47:01 : isPortInterface: 0
MIG: 16:47:01 : isPortInterface: 0
MIG: 16:47:01 : isPortInterface: 0
MIG: 16:47:01 : isPortInterface: 0
MIG: 16:47:01 : isPortInterface: 0
MIG: 16:47:01 : isPortInterface: 0
MIG: 16:47:01 : isPortInterface: 0
MIG: 16:47:01 : isPortInterface: 0
MIG: 16:47:01 : isPortInterface: 0
MIG: 16:47:01 : isPortInterface: 0
MIG: 16:47:01 : isPortInterface: 0
MIG: 16:47:01 : isPortInterface: 0
MIG: 16:47:01 : isPortInterface: 0
MIG: 16:47:01 : isPortInterface: 0
MIG: 16:47:01 : isPortInterface: 0
MIG: 16:47:01 : isPortInterface: 0
MIG: 16:47:01 : isPortInterface: 0
MIG: 16:47:01 : isPortInterface: 0
MIG: 16:47:01 : isPortInterface: 0
MIG: 16:47:01 : isPortInterface: 0
MIG: 16:47:01 : isPortInterface: 0
MIG: 16:47:01 : isPortInterface: 0
MIG: 16:47:01 : isPortInterface: 0
MIG: 16:47:01 : isPortInterface: 0
MIG: 16:47:01 : isPortInterface: 0
MIG: 16:47:01 : isPortInterface: 0
MIG: 16:47:01 : isPortInterface: 0
MIG: 16:47:01 : isPortInterface: 0
MIG: 16:47:01 : isPortInterface: 0
MIG: 16:47:01 : isPortInterface: 0
MIG: 16:47:01 : isPortInterface: 0
MIG: 16:47:01 : isPortInterface: 0
MIG: 16:47:01 : isPortInterface: 0
MIG: 16:47:01 : isPortInterface: 0
MIG: 16:47:01 : isPortInterface: 0
MIG: 16:47:01 : isPortInterface: 1
MIG: 16:47:01 : isPortInterface: 0
MIG: 16:47:01 : isPortInterface: 0
MIG: 16:47:01 : isPortInterface: 0
MIG: 16:47:01 : isPortInterface: 0
MIG: 16:47:01 : isPortInterface: 0
MIG: 16:47:01 : isPortInterface: 0
MIG: 16:47:01 : isPortInterface: 0
MIG: 16:47:01 : isPortInterface: 0
MIG: 16:47:01 : isPortInterface: 0
MIG: 16:47:01 : isPortInterface: 0
MIG: 16:47:01 :  locked false  
MIG: 16:47:01 : HDL Language: Verilog
MIG: 16:47:01 : compInfo: true
MIG: 16:47:01 : Vivado Options xc7a100t csg324 -1
MIG: 16:47:01 : 1: xc7a100t 2: csg324 3: -1
MIG: 16:47:01 : relative mig path: coregen/ip/xilinx/other/com/xilinx/ip/mig_7series_v4_0/bin/nt64/mig.exe
MIG: 16:47:01 : xilinx_path: D:/Xilinx/Vivado/2017.2/ids_lite/ISE
MIG: 16:47:01 : I am in catch area
MIG: 16:47:01 : Running D:/Xilinx/Vivado/2017.2/ids_lite/ISE/coregen/ip/xilinx/other/com/xilinx/ip/mig_7series_v4_0/bin/nt64/mig.exe -cg_exc_inp c:/Users/iShift/Documents/VivadoProjects/hello_word/hello_word.srcs/sources_1/bd/hello_word/ip/hello_word_mig_7series_0_0/xil_txt.in -cg_exc_out c:/Users/iShift/Documents/VivadoProjects/hello_word/hello_word.srcs/sources_1/bd/hello_word/ip/hello_word_mig_7series_0_0/xil_txt.out ... 
MIG: 16:47:09 : XML_INPUT_FILE: c:/Users/iShift/Documents/VivadoProjects/hello_word/hello_word.srcs/sources_1/bd/hello_word/ip/hello_word_mig_7series_0_0/board.prj
MIG: 16:47:09 : Component_Name: hello_word_mig_7series_0_0
MIG: 16:47:09 : Moving hello_word_mig_7series_0_0 ...
MIG: 16:47:09 : Moving hello_word_mig_7series_0_0.veo ...
MIG: 16:47:09 : Moving hello_word_mig_7series_0_0_xmdf.tcl ...
MIG: 16:47:09 : XGUI hdlLanguage: Verilog
MIG: 16:47:09 : xgui vivado_mode: xpg_bd
MIG: 16:47:09 : xgui hdlLanguage: Verilog -- hdlExt: v
MIG: 16:47:09 : Reading C:/Users/iShift/Documents/VivadoProjects/hello_word/hello_word.srcs/sources_1/bd/hello_word/ip/hello_word_mig_7series_0_0/hello_word_mig_7series_0_0/user_design/rtl/hello_word_mig_7series_0_0_mig.v ...
MIG: 16:47:10 : 
MIG: 16:47:10 : Inside fn mem: DDR2
MIG: 16:47:10 : detect_uiclk: 81247969
MIG: 16:47:10 : cntrl:  memtype: DDR2
MIG: 16:47:10 : 
MIG: 16:47:10 :  MMCM_VCO single ctrl param_name: MMCM_VCO --  possibleMaxVcoVal: 1200 
MIG: 16:47:10 : 
MIG: 16:47:10 : 
MIG: 16:47:10 : 
MIG: 16:47:10 : 
MIG: 16:47:10 :  polarity_value: 1
MIG: 16:47:10 : 
MIG: 16:47:10 : 
MIG: 16:47:10 : cntrl:  memtype: DDR2
MIG: 16:47:10 : Prasad ----: isMMCMExtraClkParam:: MMCM_CLKOUT0_EN --- "TRUE"
MIG: 16:47:10 : 
MIG: 16:47:10 :  MMCM Enable Param: MMCM_CLKOUT0_EN ==> TRUE
MIG: 16:47:10 : Prasad ----: isMMCMExtraClkParam:: MMCM_CLKOUT1_EN --- "FALSE"
MIG: 16:47:10 : 
MIG: 16:47:10 :  MMCM Enable Param: MMCM_CLKOUT1_EN ==> FALSE
MIG: 16:47:10 : Prasad ----: isMMCMExtraClkParam:: MMCM_CLKOUT2_EN --- "FALSE"
MIG: 16:47:10 : 
MIG: 16:47:10 :  MMCM Enable Param: MMCM_CLKOUT2_EN ==> FALSE
MIG: 16:47:10 : Prasad ----: isMMCMExtraClkParam:: MMCM_CLKOUT3_EN --- "FALSE"
MIG: 16:47:10 : 
MIG: 16:47:10 :  MMCM Enable Param: MMCM_CLKOUT3_EN ==> FALSE
MIG: 16:47:10 : Prasad ----: isMMCMExtraClkParam:: MMCM_CLKOUT4_EN --- "FALSE"
MIG: 16:47:10 : 
MIG: 16:47:10 :  MMCM Enable Param: MMCM_CLKOUT4_EN ==> FALSE
MIG: 16:47:10 : Prasad ----: isMMCMExtraClkParam:: MMCM_CLKOUT0_DIVIDE --- 12.000
MIG: 16:47:10 : possibleMaxVcoVal:: 1200 ---- paramName: MMCM_CLKOUT0_DIVIDE
MIG: 16:47:10 : 
MIG: 16:47:10 :  MMCM Extra Param: MMCM_CLKOUT0_FREQ ==> 100000000
MIG: 16:47:10 : Prasad ----: isMMCMExtraClkParam:: MMCM_CLKOUT1_DIVIDE --- 1
MIG: 16:47:10 : possibleMaxVcoVal:: 1200 ---- paramName: MMCM_CLKOUT1_DIVIDE
MIG: 16:47:10 : 
MIG: 16:47:10 :  MMCM Extra Param: MMCM_CLKOUT1_FREQ ==> 1200000000
MIG: 16:47:10 : Prasad ----: isMMCMExtraClkParam:: MMCM_CLKOUT2_DIVIDE --- 1
MIG: 16:47:10 : possibleMaxVcoVal:: 1200 ---- paramName: MMCM_CLKOUT2_DIVIDE
MIG: 16:47:10 : 
MIG: 16:47:10 :  MMCM Extra Param: MMCM_CLKOUT2_FREQ ==> 1200000000
MIG: 16:47:10 : Prasad ----: isMMCMExtraClkParam:: MMCM_CLKOUT3_DIVIDE --- 1
MIG: 16:47:10 : possibleMaxVcoVal:: 1200 ---- paramName: MMCM_CLKOUT3_DIVIDE
MIG: 16:47:10 : 
MIG: 16:47:10 :  MMCM Extra Param: MMCM_CLKOUT3_FREQ ==> 1200000000
MIG: 16:47:10 : Prasad ----: isMMCMExtraClkParam:: MMCM_CLKOUT4_DIVIDE --- 1
MIG: 16:47:10 : possibleMaxVcoVal:: 1200 ---- paramName: MMCM_CLKOUT4_DIVIDE
MIG: 16:47:10 : 
MIG: 16:47:10 :  MMCM Extra Param: MMCM_CLKOUT4_FREQ ==> 1200000000
MIG: 16:47:10 :  Invalid Param: DDR2_RST_ACT_LOW ==> 1
MIG: 16:47:10 : 
MIG: 16:47:10 :  Valid Param: DDR2_BANK_WIDTH ==> 3
MIG: 16:47:10 : 
MIG: 16:47:10 :  Valid Param: DDR2_CK_WIDTH ==> 1
MIG: 16:47:10 :  Invalid Param: DDR2_COL_WIDTH ==> 10
MIG: 16:47:10 : 
MIG: 16:47:10 :  Valid Param: DDR2_CS_WIDTH ==> 1
MIG: 16:47:10 : 
MIG: 16:47:10 :  Valid Param: DDR2_nCS_PER_RANK ==> 1
MIG: 16:47:10 : 
MIG: 16:47:10 :  Valid Param: DDR2_CKE_WIDTH ==> 1
MIG: 16:47:10 :  Invalid Param: DDR2_DATA_BUF_ADDR_WIDTH ==> 5
MIG: 16:47:10 :  Invalid Param: DDR2_DQ_CNT_WIDTH ==> 4
MIG: 16:47:10 :  Invalid Param: DDR2_DQ_PER_DM ==> 8
MIG: 16:47:10 : 
MIG: 16:47:10 :  Valid Param: DDR2_DM_WIDTH ==> 2
MIG: 16:47:10 : 
MIG: 16:47:10 :  Valid Param: DDR2_DQ_WIDTH ==> 16
MIG: 16:47:10 : 
MIG: 16:47:10 :  Valid Param: DDR2_DQS_WIDTH ==> 2
MIG: 16:47:10 : 
MIG: 16:47:10 :  Valid Param: DDR2_DQS_CNT_WIDTH ==> 1
MIG: 16:47:10 :  Invalid Param: DDR2_DRAM_WIDTH ==> 8
MIG: 16:47:10 : 
MIG: 16:47:10 :  Valid Param: ECC ==> OFF
MIG: 16:47:10 : 
MIG: 16:47:10 :  Valid Param: DDR2_DATA_WIDTH ==> 16
MIG: 16:47:10 :  Invalid Param: ECC_TEST ==> "OFF"
MIG: 16:47:10 :  Invalid Param: DDR2_PAYLOAD_WIDTH ==> (ECC_TEST == "OFF") ? DATA_WIDTH : DQ_WIDTH
MIG: 16:47:10 :  Invalid Param: DDR2_MEM_ADDR_ORDER ==> "BANK_ROW_COLUMN"
MIG: 16:47:10 :  Invalid Param: DDR2_nBANK_MACHS ==> 4
MIG: 16:47:10 :  Invalid Param: DDR2_RANKS ==> 1
MIG: 16:47:10 : 
MIG: 16:47:10 :  Valid Param: DDR2_ODT_WIDTH ==> 1
MIG: 16:47:10 : 
MIG: 16:47:10 :  Valid Param: DDR2_ROW_WIDTH ==> 13
MIG: 16:47:10 : 
MIG: 16:47:10 :  Valid Param: DDR2_ADDR_WIDTH ==> 27
MIG: 16:47:10 : 
MIG: 16:47:10 :  Valid Param: DDR2_USE_CS_PORT ==> 1
MIG: 16:47:10 : 
MIG: 16:47:10 :  Valid Param: DDR2_USE_DM_PORT ==> 1
MIG: 16:47:10 : 
MIG: 16:47:10 :  Valid Param: DDR2_USE_ODT_PORT ==> 1
MIG: 16:47:10 :  Invalid Param: DDR2_PHY_CONTROL_MASTER_BANK ==> 0
MIG: 16:47:10 :  Invalid Param: DDR2_MEM_DENSITY ==> "1Gb"
MIG: 16:47:10 :  Invalid Param: DDR2_MEM_SPEEDGRADE ==> "25E"
MIG: 16:47:10 :  Invalid Param: DDR2_MEM_DEVICE_WIDTH ==> 16
MIG: 16:47:10 :  Invalid Param: DDR2_AL ==> "0"
MIG: 16:47:10 :  Invalid Param: DDR2_nAL ==> 0
MIG: 16:47:10 :  Invalid Param: DDR2_BURST_MODE ==> "8"
MIG: 16:47:10 :  Invalid Param: DDR2_BURST_TYPE ==> "SEQ"
MIG: 16:47:10 :  Invalid Param: DDR2_CL ==> 5
MIG: 16:47:10 :  Invalid Param: DDR2_OUTPUT_DRV ==> "HIGH"
MIG: 16:47:10 :  Invalid Param: DDR2_RTT_NOM ==> "50"
MIG: 16:47:10 :  Invalid Param: DDR2_ADDR_CMD_MODE ==> "1T"
MIG: 16:47:10 : 
MIG: 16:47:10 :  Valid Param: DDR2_REG_CTRL ==> OFF
MIG: 16:47:10 :  Invalid Param: DDR2_CLKIN_PERIOD ==> 5000
MIG: 16:47:10 :  Invalid Param: DDR2_CLKFBOUT_MULT ==> 13
MIG: 16:47:10 :  Invalid Param: DDR2_DIVCLK_DIVIDE ==> 2
MIG: 16:47:10 :  Invalid Param: DDR2_CLKOUT0_PHASE ==> 0.0
MIG: 16:47:10 :  Invalid Param: DDR2_CLKOUT0_DIVIDE ==> 2
MIG: 16:47:10 :  Invalid Param: DDR2_CLKOUT1_DIVIDE ==> 4
MIG: 16:47:10 :  Invalid Param: DDR2_CLKOUT2_DIVIDE ==> 64
MIG: 16:47:10 :  Invalid Param: DDR2_CLKOUT3_DIVIDE ==> 16
MIG: 16:47:10 :  Invalid Param: DDR2_MMCM_VCO ==> 1200
MIG: 16:47:10 :  Invalid Param: DDR2_MMCM_MULT_F ==> 14
MIG: 16:47:10 :  Invalid Param: DDR2_MMCM_DIVCLK_DIVIDE ==> 1
MIG: 16:47:10 :  Invalid Param: DDR2_MMCM_CLKOUT0_EN ==> "TRUE"
MIG: 16:47:10 :  Invalid Param: DDR2_MMCM_CLKOUT1_EN ==> "FALSE"
MIG: 16:47:10 :  Invalid Param: DDR2_MMCM_CLKOUT2_EN ==> "FALSE"
MIG: 16:47:10 :  Invalid Param: DDR2_MMCM_CLKOUT3_EN ==> "FALSE"
MIG: 16:47:10 :  Invalid Param: DDR2_MMCM_CLKOUT4_EN ==> "FALSE"
MIG: 16:47:10 :  Invalid Param: DDR2_MMCM_CLKOUT0_DIVIDE ==> 12.000
MIG: 16:47:10 :  Invalid Param: DDR2_MMCM_CLKOUT1_DIVIDE ==> 1
MIG: 16:47:10 :  Invalid Param: DDR2_MMCM_CLKOUT2_DIVIDE ==> 1
MIG: 16:47:10 :  Invalid Param: DDR2_MMCM_CLKOUT3_DIVIDE ==> 1
MIG: 16:47:11 :  Invalid Param: DDR2_MMCM_CLKOUT4_DIVIDE ==> 1
MIG: 16:47:11 :  Invalid Param: DDR2_tCKE ==> 7500
MIG: 16:47:11 :  Invalid Param: DDR2_tFAW ==> 45000
MIG: 16:47:11 :  Invalid Param: DDR2_tPRDI ==> 1_000_000
MIG: 16:47:11 :  Invalid Param: DDR2_tRAS ==> 40000
MIG: 16:47:11 :  Invalid Param: DDR2_tRCD ==> 15000
MIG: 16:47:11 :  Invalid Param: DDR2_tREFI ==> 7800000
MIG: 16:47:11 :  Invalid Param: DDR2_tRFC ==> 127500
MIG: 16:47:11 :  Invalid Param: DDR2_tRP ==> 12500
MIG: 16:47:11 :  Invalid Param: DDR2_tRRD ==> 10000
MIG: 16:47:11 :  Invalid Param: DDR2_tRTP ==> 7500
MIG: 16:47:11 :  Invalid Param: DDR2_tWTR ==> 7500
MIG: 16:47:11 :  Invalid Param: DDR2_tZQI ==> 128_000_000
MIG: 16:47:11 :  Invalid Param: DDR2_tZQCS ==> 64
MIG: 16:47:11 :  Invalid Param: DDR2_SIM_BYPASS_INIT_CAL ==> "OFF"
MIG: 16:47:11 :  Invalid Param: DDR2_SIMULATION ==> "FALSE"
MIG: 16:47:11 :  Invalid Param: DDR2_BYTE_LANES_B0 ==> 4'b1111
MIG: 16:47:11 :  Invalid Param: DDR2_BYTE_LANES_B1 ==> 4'b0000
MIG: 16:47:11 :  Invalid Param: DDR2_BYTE_LANES_B2 ==> 4'b0000
MIG: 16:47:11 :  Invalid Param: DDR2_BYTE_LANES_B3 ==> 4'b0000
MIG: 16:47:11 :  Invalid Param: DDR2_BYTE_LANES_B4 ==> 4'b0000
MIG: 16:47:11 :  Invalid Param: DDR2_DATA_CTL_B0 ==> 4'b0101
MIG: 16:47:11 :  Invalid Param: DDR2_DATA_CTL_B1 ==> 4'b0000
MIG: 16:47:11 :  Invalid Param: DDR2_DATA_CTL_B2 ==> 4'b0000
MIG: 16:47:11 :  Invalid Param: DDR2_DATA_CTL_B3 ==> 4'b0000
MIG: 16:47:11 :  Invalid Param: DDR2_DATA_CTL_B4 ==> 4'b0000
MIG: 16:47:11 :  Invalid Param: DDR2_PHY_0_BITLANES ==> 48'hFFC_3F7_FFF_3FE
MIG: 16:47:11 :  Invalid Param: DDR2_PHY_1_BITLANES ==> 48'h000_000_000_000
MIG: 16:47:11 :  Invalid Param: DDR2_PHY_2_BITLANES ==> 48'h000_000_000_000
MIG: 16:47:11 :  Invalid Param: DDR2_CK_BYTE_MAP ==> 144'h00_00_00_00_00_00_00_00_00_00_00_00_00_00_00_00_00_03
MIG: 16:47:11 :  Invalid Param: DDR2_ADDR_MAP ==> 192'h000_000_000_010_033_01A_019_032_03A_034_018_036_012_011_017_015
MIG: 16:47:11 :  Invalid Param: DDR2_BANK_MAP ==> 36'h013_016_01B
MIG: 16:47:11 :  Invalid Param: DDR2_CAS_MAP ==> 12'h039
MIG: 16:47:11 :  Invalid Param: DDR2_CKE_ODT_BYTE_MAP ==> 8'h00
MIG: 16:47:11 :  Invalid Param: DDR2_CKE_MAP ==> 96'h000_000_000_000_000_000_000_038
MIG: 16:47:11 :  Invalid Param: DDR2_ODT_MAP ==> 96'h000_000_000_000_000_000_000_035
MIG: 16:47:11 :  Invalid Param: DDR2_CS_MAP ==> 120'h000_000_000_000_000_000_000_000_000_037
MIG: 16:47:11 :  Invalid Param: DDR2_PARITY_MAP ==> 12'h000
MIG: 16:47:11 :  Invalid Param: DDR2_RAS_MAP ==> 12'h014
MIG: 16:47:11 :  Invalid Param: DDR2_WE_MAP ==> 12'h03B
MIG: 16:47:11 :  Invalid Param: DDR2_DQS_BYTE_MAP ==> 144'h00_00_00_00_00_00_00_00_00_00_00_00_00_00_00_00_02_00
MIG: 16:47:11 :  Invalid Param: DDR2_DATA0_MAP ==> 96'h008_004_009_007_005_001_006_003
MIG: 16:47:11 :  Invalid Param: DDR2_DATA1_MAP ==> 96'h022_028_020_024_027_025_026_021
MIG: 16:47:11 :  Invalid Param: DDR2_DATA2_MAP ==> 96'h000_000_000_000_000_000_000_000
MIG: 16:47:11 :  Invalid Param: DDR2_DATA3_MAP ==> 96'h000_000_000_000_000_000_000_000
MIG: 16:47:11 :  Invalid Param: DDR2_DATA4_MAP ==> 96'h000_000_000_000_000_000_000_000
MIG: 16:47:11 :  Invalid Param: DDR2_DATA5_MAP ==> 96'h000_000_000_000_000_000_000_000
MIG: 16:47:11 :  Invalid Param: DDR2_DATA6_MAP ==> 96'h000_000_000_000_000_000_000_000
MIG: 16:47:11 :  Invalid Param: DDR2_DATA7_MAP ==> 96'h000_000_000_000_000_000_000_000
MIG: 16:47:11 :  Invalid Param: DDR2_DATA8_MAP ==> 96'h000_000_000_000_000_000_000_000
MIG: 16:47:11 :  Invalid Param: DDR2_DATA9_MAP ==> 96'h000_000_000_000_000_000_000_000
MIG: 16:47:11 :  Invalid Param: DDR2_DATA10_MAP ==> 96'h000_000_000_000_000_000_000_000
MIG: 16:47:11 :  Invalid Param: DDR2_DATA11_MAP ==> 96'h000_000_000_000_000_000_000_000
MIG: 16:47:11 :  Invalid Param: DDR2_DATA12_MAP ==> 96'h000_000_000_000_000_000_000_000
MIG: 16:47:11 :  Invalid Param: DDR2_DATA13_MAP ==> 96'h000_000_000_000_000_000_000_000
MIG: 16:47:11 :  Invalid Param: DDR2_DATA14_MAP ==> 96'h000_000_000_000_000_000_000_000
MIG: 16:47:11 :  Invalid Param: DDR2_DATA15_MAP ==> 96'h000_000_000_000_000_000_000_000
MIG: 16:47:11 :  Invalid Param: DDR2_DATA16_MAP ==> 96'h000_000_000_000_000_000_000_000
MIG: 16:47:11 :  Invalid Param: DDR2_DATA17_MAP ==> 96'h000_000_000_000_000_000_000_000
MIG: 16:47:11 :  Invalid Param: DDR2_MASK0_MAP ==> 108'h000_000_000_000_000_000_000_029_002
MIG: 16:47:11 :  Invalid Param: DDR2_MASK1_MAP ==> 108'h000_000_000_000_000_000_000_000_000
MIG: 16:47:11 :  Invalid Param: DDR2_SLOT_0_CONFIG ==> 8'b0000_0001
MIG: 16:47:11 :  Invalid Param: DDR2_SLOT_1_CONFIG ==> 8'b0000_0000
MIG: 16:47:11 :  Invalid Param: DDR2_IBUF_LPWR_MODE ==> "OFF"
MIG: 16:47:11 :  Invalid Param: DDR2_DATA_IO_IDLE_PWRDWN ==> "ON"
MIG: 16:47:11 :  Invalid Param: DDR2_BANK_TYPE ==> "HR_IO"
MIG: 16:47:11 :  Invalid Param: DDR2_DATA_IO_PRIM_TYPE ==> "HR_LP"
MIG: 16:47:11 :  Invalid Param: DDR2_CKE_ODT_AUX ==> "FALSE"
MIG: 16:47:11 :  Invalid Param: DDR2_USER_REFRESH ==> "OFF"
MIG: 16:47:11 :  Invalid Param: DDR2_WRLVL ==> "OFF"
MIG: 16:47:11 :  Invalid Param: DDR2_ORDERING ==> "NORM"
MIG: 16:47:11 :  Invalid Param: DDR2_CALIB_ROW_ADD ==> 16'h0000
MIG: 16:47:11 :  Invalid Param: DDR2_CALIB_COL_ADD ==> 12'h000
MIG: 16:47:11 :  Invalid Param: DDR2_CALIB_BA_ADD ==> 3'h0
MIG: 16:47:11 :  Invalid Param: DDR2_TCQ ==> 100
MIG: 16:47:11 :  Invalid Param: DDR2_IODELAY_GRP0 ==> "HELLO_WORD_MIG_7SERIES_0_0_IODELAY_MIG0"
MIG: 16:47:11 :  Invalid Param: DDR2_SYSCLK_TYPE ==> "NO_BUFFER"
MIG: 16:47:11 :  Invalid Param: DDR2_REFCLK_TYPE ==> "USE_SYSTEM_CLOCK"
MIG: 16:47:11 :  Invalid Param: DDR2_SYS_RST_PORT ==> "FALSE"
MIG: 16:47:11 :  Invalid Param: DDR2_CMD_PIPE_PLUS1 ==> "ON"
MIG: 16:47:11 :  Invalid Param: DDR2_DRAM_TYPE ==> "DDR2"
MIG: 16:47:11 :  Invalid Param: DDR2_CAL_WIDTH ==> "HALF"
MIG: 16:47:11 :  Invalid Param: DDR2_STARVE_LIMIT ==> 2
MIG: 16:47:11 :  Invalid Param: DDR2_REFCLK_FREQ ==> 200.0
MIG: 16:47:11 :  Invalid Param: DDR2_DIFF_TERM_REFCLK ==> "TRUE"
MIG: 16:47:11 :  Invalid Param: DDR2_tCK ==> 3077
MIG: 16:47:11 : 
MIG: 16:47:11 :  Valid Param: DDR2_nCK_PER_CLK ==> 4
MIG: 16:47:11 :  Invalid Param: DDR2_DIFF_TERM_SYSCLK ==> "TRUE"
MIG: 16:47:11 : 
MIG: 16:47:11 :  Valid Param: UI_EXTRA_CLOCKS ==> TRUE
MIG: 16:47:11 : 
MIG: 16:47:11 :  Valid Param: C_S_AXI_ID_WIDTH ==> 1
MIG: 16:47:11 : 
MIG: 16:47:11 :  Valid Param: C_S_AXI_MEM_SIZE ==> 134217728
MIG: 16:47:11 : 
MIG: 16:47:11 :  Valid Param: C_S_AXI_ADDR_WIDTH ==> 32
MIG: 16:47:11 : 
MIG: 16:47:11 :  Valid Param: C_S_AXI_DATA_WIDTH ==> 64
MIG: 16:47:11 :  Invalid Param: DDR2_C_MC_nCK_PER_CLK ==> 4
MIG: 16:47:11 :  Invalid Param: C_S_AXI_SUPPORTS_NARROW_BURST ==> 0
MIG: 16:47:11 :  Invalid Param: DDR2_C_RD_WR_ARB_ALGORITHM ==> "RD_PRI_REG"
MIG: 16:47:11 :  Invalid Param: C_S_AXI_REG_EN0 ==> 20'h00000
MIG: 16:47:11 :  Invalid Param: C_S_AXI_REG_EN1 ==> 20'h00000
MIG: 16:47:11 : 
MIG: 16:47:11 :  Valid Param: C_S_AXI_CTRL_ADDR_WIDTH ==> 32
MIG: 16:47:11 : 
MIG: 16:47:11 :  Valid Param: C_S_AXI_CTRL_DATA_WIDTH ==> 32
MIG: 16:47:11 :  Invalid Param: C_S_AXI_BASEADDR ==> 32'h0000_0000
MIG: 16:47:11 :  Invalid Param: C_ECC_ONOFF_RESET_VALUE ==> 1
MIG: 16:47:11 :  Invalid Param: C_ECC_CE_COUNTER_WIDTH ==> 8
MIG: 16:47:11 : 
MIG: 16:47:11 :  Valid Param: DDR2_DEBUG_PORT ==> OFF
MIG: 16:47:11 : 
MIG: 16:47:11 :  Invalid Param: DDR2_TEMP_MON_CONTROL ==> "INTERNAL"
MIG: 16:47:11 : 
MIG: 16:47:11 : 
MIG: 16:47:11 : 
MIG: 16:47:11 : Same Interface
MIG: 16:47:43 : xml_input_file: board.prj
MIG: 16:47:43 : Absolute path of xml_input_file: c:/Users/iShift/Documents/VivadoProjects/hello_word/hello_word.srcs/sources_1/bd/hello_word/ip/hello_word_mig_7series_0_0/board.prj
MIG: 16:47:43 : In updateAllModelParams
MIG: 16:47:43 : IGN:     <ModuleName>design_1_mig_7series_0_2</ModuleName> <==>     <ModuleName>hello_word_mig_7series_0_0</ModuleName> 
MIG: 16:47:43 : ERR:     <Version>2.2</Version> <==>     <Version>4.0</Version> 
MIG: 16:47:43 : ################# RUNNING MIG BATCH ###################
MIG: 16:47:43 : Writing IN file for 'hello_word_mig_7series_0_0'...compDirPath: d:/Xilinx/Vivado/2017.2/data/ip/xilinx/mig_7series_v4_0... instDirPath: c:/Users/iShift/Documents/VivadoProjects/hello_word/hello_word.srcs/sources_1/bd/hello_word/ip/hello_word_mig_7series_0_0
MIG: 16:47:43 : synp_flow:  -- synthesis_mode: Other
MIG: 16:47:43 : outputDirectory: c:/Users/iShift/Documents/VivadoProjects/hello_word/hello_word.srcs/sources_1/bd/hello_word/ip/hello_word_mig_7series_0_0/_tmp/
MIG: 16:47:43 : vivado_mode: xpg_bd
MIG: 16:47:43 : isPortInterface: 0
MIG: 16:47:43 : isPortInterface: 0
MIG: 16:47:43 : isPortInterface: 0
MIG: 16:47:43 : isPortInterface: 0
MIG: 16:47:43 : isPortInterface: 0
MIG: 16:47:43 : isPortInterface: 0
MIG: 16:47:43 : isPortInterface: 0
MIG: 16:47:43 : isPortInterface: 0
MIG: 16:47:43 : isPortInterface: 0
MIG: 16:47:43 : isPortInterface: 0
MIG: 16:47:43 : isPortInterface: 0
MIG: 16:47:43 : isPortInterface: 0
MIG: 16:47:43 : isPortInterface: 0
MIG: 16:47:43 : isPortInterface: 0
MIG: 16:47:43 : isPortInterface: 0
MIG: 16:47:43 : isPortInterface: 0
MIG: 16:47:43 : isPortInterface: 0
MIG: 16:47:43 : isPortInterface: 0
MIG: 16:47:43 : isPortInterface: 0
MIG: 16:47:43 : isPortInterface: 0
MIG: 16:47:43 : isPortInterface: 0
MIG: 16:47:43 : isPortInterface: 0
MIG: 16:47:43 : isPortInterface: 0
MIG: 16:47:43 : isPortInterface: 0
MIG: 16:47:43 : isPortInterface: 0
MIG: 16:47:43 : isPortInterface: 0
MIG: 16:47:43 : isPortInterface: 0
MIG: 16:47:43 : isPortInterface: 0
MIG: 16:47:43 : isPortInterface: 0
MIG: 16:47:43 : isPortInterface: 0
MIG: 16:47:43 : isPortInterface: 0
MIG: 16:47:43 : isPortInterface: 0
MIG: 16:47:43 : isPortInterface: 0
MIG: 16:47:43 : isPortInterface: 0
MIG: 16:47:43 : isPortInterface: 0
MIG: 16:47:43 : isPortInterface: 0
MIG: 16:47:43 : isPortInterface: 0
MIG: 16:47:43 : isPortInterface: 0
MIG: 16:47:43 : isPortInterface: 0
MIG: 16:47:43 : isPortInterface: 0
MIG: 16:47:43 : isPortInterface: 0
MIG: 16:47:43 : isPortInterface: 0
MIG: 16:47:43 : isPortInterface: 0
MIG: 16:47:43 : isPortInterface: 0
MIG: 16:47:43 : isPortInterface: 0
MIG: 16:47:43 : isPortInterface: 0
MIG: 16:47:43 : isPortInterface: 0
MIG: 16:47:43 : isPortInterface: 0
MIG: 16:47:43 : isPortInterface: 0
MIG: 16:47:43 : isPortInterface: 0
MIG: 16:47:43 : isPortInterface: 0
MIG: 16:47:43 : isPortInterface: 0
MIG: 16:47:43 : isPortInterface: 0
MIG: 16:47:43 : isPortInterface: 0
MIG: 16:47:43 : isPortInterface: 0
MIG: 16:47:43 : isPortInterface: 0
MIG: 16:47:43 : isPortInterface: 0
MIG: 16:47:43 : isPortInterface: 0
MIG: 16:47:43 : isPortInterface: 0
MIG: 16:47:43 : isPortInterface: 0
MIG: 16:47:43 : isPortInterface: 0
MIG: 16:47:43 : isPortInterface: 0
MIG: 16:47:43 : isPortInterface: 0
MIG: 16:47:43 : isPortInterface: 0
MIG: 16:47:43 : isPortInterface: 0
MIG: 16:47:43 : isPortInterface: 0
MIG: 16:47:43 : isPortInterface: 0
MIG: 16:47:43 : isPortInterface: 0
MIG: 16:47:43 : isPortInterface: 0
MIG: 16:47:43 : isPortInterface: 0
MIG: 16:47:43 : isPortInterface: 0
MIG: 16:47:43 : isPortInterface: 0
MIG: 16:47:43 : isPortInterface: 0
MIG: 16:47:43 : isPortInterface: 0
MIG: 16:47:43 : isPortInterface: 0
MIG: 16:47:43 : isPortInterface: 0
MIG: 16:47:43 : isPortInterface: 0
MIG: 16:47:43 : isPortInterface: 0
MIG: 16:47:43 : isPortInterface: 0
MIG: 16:47:43 : isPortInterface: 0
MIG: 16:47:43 : isPortInterface: 0
MIG: 16:47:43 : isPortInterface: 0
MIG: 16:47:43 : isPortInterface: 0
MIG: 16:47:43 : isPortInterface: 0
MIG: 16:47:43 : isPortInterface: 0
MIG: 16:47:43 : isPortInterface: 0
MIG: 16:47:43 : isPortInterface: 0
MIG: 16:47:43 : isPortInterface: 0
MIG: 16:47:43 : isPortInterface: 0
MIG: 16:47:43 : isPortInterface: 0
MIG: 16:47:43 : isPortInterface: 0
MIG: 16:47:43 : isPortInterface: 0
MIG: 16:47:43 : isPortInterface: 0
MIG: 16:47:43 : isPortInterface: 0
MIG: 16:47:43 : isPortInterface: 0
MIG: 16:47:43 : isPortInterface: 0
MIG: 16:47:44 : isPortInterface: 0
MIG: 16:47:44 : isPortInterface: 0
MIG: 16:47:44 : isPortInterface: 0
MIG: 16:47:44 : isPortInterface: 0
MIG: 16:47:44 : isPortInterface: 0
MIG: 16:47:44 : isPortInterface: 0
MIG: 16:47:44 : isPortInterface: 0
MIG: 16:47:44 : isPortInterface: 0
MIG: 16:47:44 : isPortInterface: 0
MIG: 16:47:44 : isPortInterface: 0
MIG: 16:47:44 : isPortInterface: 0
MIG: 16:47:44 : isPortInterface: 0
MIG: 16:47:44 : isPortInterface: 0
MIG: 16:47:44 : isPortInterface: 0
MIG: 16:47:44 : isPortInterface: 0
MIG: 16:47:44 : isPortInterface: 0
MIG: 16:47:44 : isPortInterface: 0
MIG: 16:47:44 : isPortInterface: 0
MIG: 16:47:44 : isPortInterface: 0
MIG: 16:47:44 : isPortInterface: 0
MIG: 16:47:44 : isPortInterface: 0
MIG: 16:47:44 : isPortInterface: 1
MIG: 16:47:44 : isPortInterface: 0
MIG: 16:47:44 : isPortInterface: 0
MIG: 16:47:44 : isPortInterface: 0
MIG: 16:47:44 : isPortInterface: 0
MIG: 16:47:44 : isPortInterface: 0
MIG: 16:47:44 : isPortInterface: 0
MIG: 16:47:44 : isPortInterface: 0
MIG: 16:47:44 : isPortInterface: 0
MIG: 16:47:44 : isPortInterface: 0
MIG: 16:47:44 : isPortInterface: 0
MIG: 16:47:44 :  locked false  
MIG: 16:47:44 : HDL Language: Verilog
MIG: 16:47:44 : compInfo: true
MIG: 16:47:44 : Vivado Options xc7a100t csg324 -1
MIG: 16:47:44 : 1: xc7a100t 2: csg324 3: -1
MIG: 16:47:44 : relative mig path: coregen/ip/xilinx/other/com/xilinx/ip/mig_7series_v4_0/bin/nt64/mig.exe
MIG: 16:47:44 : xilinx_path: D:/Xilinx/Vivado/2017.2/ids_lite/ISE
MIG: 16:47:44 : I am in catch area
MIG: 16:47:44 : Running D:/Xilinx/Vivado/2017.2/ids_lite/ISE/coregen/ip/xilinx/other/com/xilinx/ip/mig_7series_v4_0/bin/nt64/mig.exe -cg_exc_inp c:/Users/iShift/Documents/VivadoProjects/hello_word/hello_word.srcs/sources_1/bd/hello_word/ip/hello_word_mig_7series_0_0/xil_txt.in -cg_exc_out c:/Users/iShift/Documents/VivadoProjects/hello_word/hello_word.srcs/sources_1/bd/hello_word/ip/hello_word_mig_7series_0_0/xil_txt.out ... 
MIG: 16:47:51 : XML_INPUT_FILE: c:/Users/iShift/Documents/VivadoProjects/hello_word/hello_word.srcs/sources_1/bd/hello_word/ip/hello_word_mig_7series_0_0/board.prj
MIG: 16:47:51 : Component_Name: hello_word_mig_7series_0_0
MIG: 16:47:51 : Moving hello_word_mig_7series_0_0 ...
MIG: 16:47:51 : Moving hello_word_mig_7series_0_0.veo ...
MIG: 16:47:51 : Moving hello_word_mig_7series_0_0_xmdf.tcl ...
MIG: 16:47:51 : XGUI hdlLanguage: Verilog
MIG: 16:47:51 : xgui vivado_mode: xpg_bd
MIG: 16:47:51 : xgui hdlLanguage: Verilog -- hdlExt: v
MIG: 16:47:51 : Reading C:/Users/iShift/Documents/VivadoProjects/hello_word/hello_word.srcs/sources_1/bd/hello_word/ip/hello_word_mig_7series_0_0/hello_word_mig_7series_0_0/user_design/rtl/hello_word_mig_7series_0_0_mig.v ...
MIG: 16:47:52 : 
MIG: 16:47:52 : Inside fn mem: DDR2
MIG: 16:47:52 : detect_uiclk: 81247969
MIG: 16:47:52 : cntrl:  memtype: DDR2
MIG: 16:47:52 : 
MIG: 16:47:52 :  MMCM_VCO single ctrl param_name: MMCM_VCO --  possibleMaxVcoVal: 1200 
MIG: 16:47:52 : 
MIG: 16:47:52 : 
MIG: 16:47:52 : 
MIG: 16:47:52 : 
MIG: 16:47:52 :  polarity_value: 1
MIG: 16:47:52 : 
MIG: 16:47:52 : 
MIG: 16:47:52 : cntrl:  memtype: DDR2
MIG: 16:47:52 : Prasad ----: isMMCMExtraClkParam:: MMCM_CLKOUT0_EN --- "TRUE"
MIG: 16:47:52 : 
MIG: 16:47:52 :  MMCM Enable Param: MMCM_CLKOUT0_EN ==> TRUE
MIG: 16:47:52 : Prasad ----: isMMCMExtraClkParam:: MMCM_CLKOUT1_EN --- "FALSE"
MIG: 16:47:52 : 
MIG: 16:47:52 :  MMCM Enable Param: MMCM_CLKOUT1_EN ==> FALSE
MIG: 16:47:52 : Prasad ----: isMMCMExtraClkParam:: MMCM_CLKOUT2_EN --- "FALSE"
MIG: 16:47:52 : 
MIG: 16:47:52 :  MMCM Enable Param: MMCM_CLKOUT2_EN ==> FALSE
MIG: 16:47:52 : Prasad ----: isMMCMExtraClkParam:: MMCM_CLKOUT3_EN --- "FALSE"
MIG: 16:47:52 : 
MIG: 16:47:52 :  MMCM Enable Param: MMCM_CLKOUT3_EN ==> FALSE
MIG: 16:47:52 : Prasad ----: isMMCMExtraClkParam:: MMCM_CLKOUT4_EN --- "FALSE"
MIG: 16:47:52 : 
MIG: 16:47:52 :  MMCM Enable Param: MMCM_CLKOUT4_EN ==> FALSE
MIG: 16:47:52 : Prasad ----: isMMCMExtraClkParam:: MMCM_CLKOUT0_DIVIDE --- 12.000
MIG: 16:47:52 : possibleMaxVcoVal:: 1200 ---- paramName: MMCM_CLKOUT0_DIVIDE
MIG: 16:47:52 : 
MIG: 16:47:52 :  MMCM Extra Param: MMCM_CLKOUT0_FREQ ==> 100000000
MIG: 16:47:52 : Prasad ----: isMMCMExtraClkParam:: MMCM_CLKOUT1_DIVIDE --- 1
MIG: 16:47:52 : possibleMaxVcoVal:: 1200 ---- paramName: MMCM_CLKOUT1_DIVIDE
MIG: 16:47:52 : 
MIG: 16:47:52 :  MMCM Extra Param: MMCM_CLKOUT1_FREQ ==> 1200000000
MIG: 16:47:52 : Prasad ----: isMMCMExtraClkParam:: MMCM_CLKOUT2_DIVIDE --- 1
MIG: 16:47:52 : possibleMaxVcoVal:: 1200 ---- paramName: MMCM_CLKOUT2_DIVIDE
MIG: 16:47:53 : 
MIG: 16:47:53 :  MMCM Extra Param: MMCM_CLKOUT2_FREQ ==> 1200000000
MIG: 16:47:53 : Prasad ----: isMMCMExtraClkParam:: MMCM_CLKOUT3_DIVIDE --- 1
MIG: 16:47:53 : possibleMaxVcoVal:: 1200 ---- paramName: MMCM_CLKOUT3_DIVIDE
MIG: 16:47:53 : 
MIG: 16:47:53 :  MMCM Extra Param: MMCM_CLKOUT3_FREQ ==> 1200000000
MIG: 16:47:53 : Prasad ----: isMMCMExtraClkParam:: MMCM_CLKOUT4_DIVIDE --- 1
MIG: 16:47:53 : possibleMaxVcoVal:: 1200 ---- paramName: MMCM_CLKOUT4_DIVIDE
MIG: 16:47:53 : 
MIG: 16:47:53 :  MMCM Extra Param: MMCM_CLKOUT4_FREQ ==> 1200000000
MIG: 16:47:53 :  Invalid Param: DDR2_RST_ACT_LOW ==> 1
MIG: 16:47:53 : 
MIG: 16:47:53 :  Valid Param: DDR2_BANK_WIDTH ==> 3
MIG: 16:47:53 : 
MIG: 16:47:53 :  Valid Param: DDR2_CK_WIDTH ==> 1
MIG: 16:47:53 :  Invalid Param: DDR2_COL_WIDTH ==> 10
MIG: 16:47:53 : 
MIG: 16:47:53 :  Valid Param: DDR2_CS_WIDTH ==> 1
MIG: 16:47:53 : 
MIG: 16:47:53 :  Valid Param: DDR2_nCS_PER_RANK ==> 1
MIG: 16:47:53 : 
MIG: 16:47:53 :  Valid Param: DDR2_CKE_WIDTH ==> 1
MIG: 16:47:53 :  Invalid Param: DDR2_DATA_BUF_ADDR_WIDTH ==> 5
MIG: 16:47:53 :  Invalid Param: DDR2_DQ_CNT_WIDTH ==> 4
MIG: 16:47:53 :  Invalid Param: DDR2_DQ_PER_DM ==> 8
MIG: 16:47:53 : 
MIG: 16:47:53 :  Valid Param: DDR2_DM_WIDTH ==> 2
MIG: 16:47:53 : 
MIG: 16:47:53 :  Valid Param: DDR2_DQ_WIDTH ==> 16
MIG: 16:47:53 : 
MIG: 16:47:53 :  Valid Param: DDR2_DQS_WIDTH ==> 2
MIG: 16:47:53 : 
MIG: 16:47:53 :  Valid Param: DDR2_DQS_CNT_WIDTH ==> 1
MIG: 16:47:53 :  Invalid Param: DDR2_DRAM_WIDTH ==> 8
MIG: 16:47:53 : 
MIG: 16:47:53 :  Valid Param: ECC ==> OFF
MIG: 16:47:53 : 
MIG: 16:47:53 :  Valid Param: DDR2_DATA_WIDTH ==> 16
MIG: 16:47:53 :  Invalid Param: ECC_TEST ==> "OFF"
MIG: 16:47:53 :  Invalid Param: DDR2_PAYLOAD_WIDTH ==> (ECC_TEST == "OFF") ? DATA_WIDTH : DQ_WIDTH
MIG: 16:47:53 :  Invalid Param: DDR2_MEM_ADDR_ORDER ==> "BANK_ROW_COLUMN"
MIG: 16:47:53 :  Invalid Param: DDR2_nBANK_MACHS ==> 4
MIG: 16:47:53 :  Invalid Param: DDR2_RANKS ==> 1
MIG: 16:47:53 : 
MIG: 16:47:53 :  Valid Param: DDR2_ODT_WIDTH ==> 1
MIG: 16:47:53 : 
MIG: 16:47:53 :  Valid Param: DDR2_ROW_WIDTH ==> 13
MIG: 16:47:53 : 
MIG: 16:47:53 :  Valid Param: DDR2_ADDR_WIDTH ==> 27
MIG: 16:47:53 : 
MIG: 16:47:53 :  Valid Param: DDR2_USE_CS_PORT ==> 1
MIG: 16:47:53 : 
MIG: 16:47:53 :  Valid Param: DDR2_USE_DM_PORT ==> 1
MIG: 16:47:53 : 
MIG: 16:47:53 :  Valid Param: DDR2_USE_ODT_PORT ==> 1
MIG: 16:47:53 :  Invalid Param: DDR2_PHY_CONTROL_MASTER_BANK ==> 0
MIG: 16:47:53 :  Invalid Param: DDR2_MEM_DENSITY ==> "1Gb"
MIG: 16:47:53 :  Invalid Param: DDR2_MEM_SPEEDGRADE ==> "25E"
MIG: 16:47:53 :  Invalid Param: DDR2_MEM_DEVICE_WIDTH ==> 16
MIG: 16:47:53 :  Invalid Param: DDR2_AL ==> "0"
MIG: 16:47:53 :  Invalid Param: DDR2_nAL ==> 0
MIG: 16:47:53 :  Invalid Param: DDR2_BURST_MODE ==> "8"
MIG: 16:47:53 :  Invalid Param: DDR2_BURST_TYPE ==> "SEQ"
MIG: 16:47:53 :  Invalid Param: DDR2_CL ==> 5
MIG: 16:47:53 :  Invalid Param: DDR2_OUTPUT_DRV ==> "HIGH"
MIG: 16:47:53 :  Invalid Param: DDR2_RTT_NOM ==> "50"
MIG: 16:47:53 :  Invalid Param: DDR2_ADDR_CMD_MODE ==> "1T"
MIG: 16:47:53 : 
MIG: 16:47:53 :  Valid Param: DDR2_REG_CTRL ==> OFF
MIG: 16:47:53 :  Invalid Param: DDR2_CLKIN_PERIOD ==> 5000
MIG: 16:47:53 :  Invalid Param: DDR2_CLKFBOUT_MULT ==> 13
MIG: 16:47:53 :  Invalid Param: DDR2_DIVCLK_DIVIDE ==> 2
MIG: 16:47:53 :  Invalid Param: DDR2_CLKOUT0_PHASE ==> 0.0
MIG: 16:47:53 :  Invalid Param: DDR2_CLKOUT0_DIVIDE ==> 2
MIG: 16:47:53 :  Invalid Param: DDR2_CLKOUT1_DIVIDE ==> 4
MIG: 16:47:53 :  Invalid Param: DDR2_CLKOUT2_DIVIDE ==> 64
MIG: 16:47:53 :  Invalid Param: DDR2_CLKOUT3_DIVIDE ==> 16
MIG: 16:47:53 :  Invalid Param: DDR2_MMCM_VCO ==> 1200
MIG: 16:47:53 :  Invalid Param: DDR2_MMCM_MULT_F ==> 14
MIG: 16:47:53 :  Invalid Param: DDR2_MMCM_DIVCLK_DIVIDE ==> 1
MIG: 16:47:53 :  Invalid Param: DDR2_MMCM_CLKOUT0_EN ==> "TRUE"
MIG: 16:47:53 :  Invalid Param: DDR2_MMCM_CLKOUT1_EN ==> "FALSE"
MIG: 16:47:53 :  Invalid Param: DDR2_MMCM_CLKOUT2_EN ==> "FALSE"
MIG: 16:47:53 :  Invalid Param: DDR2_MMCM_CLKOUT3_EN ==> "FALSE"
MIG: 16:47:53 :  Invalid Param: DDR2_MMCM_CLKOUT4_EN ==> "FALSE"
MIG: 16:47:53 :  Invalid Param: DDR2_MMCM_CLKOUT0_DIVIDE ==> 12.000
MIG: 16:47:53 :  Invalid Param: DDR2_MMCM_CLKOUT1_DIVIDE ==> 1
MIG: 16:47:53 :  Invalid Param: DDR2_MMCM_CLKOUT2_DIVIDE ==> 1
MIG: 16:47:53 :  Invalid Param: DDR2_MMCM_CLKOUT3_DIVIDE ==> 1
MIG: 16:47:53 :  Invalid Param: DDR2_MMCM_CLKOUT4_DIVIDE ==> 1
MIG: 16:47:53 :  Invalid Param: DDR2_tCKE ==> 7500
MIG: 16:47:53 :  Invalid Param: DDR2_tFAW ==> 45000
MIG: 16:47:53 :  Invalid Param: DDR2_tPRDI ==> 1_000_000
MIG: 16:47:53 :  Invalid Param: DDR2_tRAS ==> 40000
MIG: 16:47:53 :  Invalid Param: DDR2_tRCD ==> 15000
MIG: 16:47:53 :  Invalid Param: DDR2_tREFI ==> 7800000
MIG: 16:47:53 :  Invalid Param: DDR2_tRFC ==> 127500
MIG: 16:47:53 :  Invalid Param: DDR2_tRP ==> 12500
MIG: 16:47:53 :  Invalid Param: DDR2_tRRD ==> 10000
MIG: 16:47:53 :  Invalid Param: DDR2_tRTP ==> 7500
MIG: 16:47:53 :  Invalid Param: DDR2_tWTR ==> 7500
MIG: 16:47:53 :  Invalid Param: DDR2_tZQI ==> 128_000_000
MIG: 16:47:53 :  Invalid Param: DDR2_tZQCS ==> 64
MIG: 16:47:53 :  Invalid Param: DDR2_SIM_BYPASS_INIT_CAL ==> "OFF"
MIG: 16:47:53 :  Invalid Param: DDR2_SIMULATION ==> "FALSE"
MIG: 16:47:53 :  Invalid Param: DDR2_BYTE_LANES_B0 ==> 4'b1111
MIG: 16:47:53 :  Invalid Param: DDR2_BYTE_LANES_B1 ==> 4'b0000
MIG: 16:47:53 :  Invalid Param: DDR2_BYTE_LANES_B2 ==> 4'b0000
MIG: 16:47:53 :  Invalid Param: DDR2_BYTE_LANES_B3 ==> 4'b0000
MIG: 16:47:53 :  Invalid Param: DDR2_BYTE_LANES_B4 ==> 4'b0000
MIG: 16:47:53 :  Invalid Param: DDR2_DATA_CTL_B0 ==> 4'b0101
MIG: 16:47:53 :  Invalid Param: DDR2_DATA_CTL_B1 ==> 4'b0000
MIG: 16:47:53 :  Invalid Param: DDR2_DATA_CTL_B2 ==> 4'b0000
MIG: 16:47:53 :  Invalid Param: DDR2_DATA_CTL_B3 ==> 4'b0000
MIG: 16:47:53 :  Invalid Param: DDR2_DATA_CTL_B4 ==> 4'b0000
MIG: 16:47:53 :  Invalid Param: DDR2_PHY_0_BITLANES ==> 48'hFFC_3F7_FFF_3FE
MIG: 16:47:53 :  Invalid Param: DDR2_PHY_1_BITLANES ==> 48'h000_000_000_000
MIG: 16:47:53 :  Invalid Param: DDR2_PHY_2_BITLANES ==> 48'h000_000_000_000
MIG: 16:47:53 :  Invalid Param: DDR2_CK_BYTE_MAP ==> 144'h00_00_00_00_00_00_00_00_00_00_00_00_00_00_00_00_00_03
MIG: 16:47:53 :  Invalid Param: DDR2_ADDR_MAP ==> 192'h000_000_000_010_033_01A_019_032_03A_034_018_036_012_011_017_015
MIG: 16:47:53 :  Invalid Param: DDR2_BANK_MAP ==> 36'h013_016_01B
MIG: 16:47:53 :  Invalid Param: DDR2_CAS_MAP ==> 12'h039
MIG: 16:47:53 :  Invalid Param: DDR2_CKE_ODT_BYTE_MAP ==> 8'h00
MIG: 16:47:53 :  Invalid Param: DDR2_CKE_MAP ==> 96'h000_000_000_000_000_000_000_038
MIG: 16:47:53 :  Invalid Param: DDR2_ODT_MAP ==> 96'h000_000_000_000_000_000_000_035
MIG: 16:47:53 :  Invalid Param: DDR2_CS_MAP ==> 120'h000_000_000_000_000_000_000_000_000_037
MIG: 16:47:53 :  Invalid Param: DDR2_PARITY_MAP ==> 12'h000
MIG: 16:47:53 :  Invalid Param: DDR2_RAS_MAP ==> 12'h014
MIG: 16:47:53 :  Invalid Param: DDR2_WE_MAP ==> 12'h03B
MIG: 16:47:53 :  Invalid Param: DDR2_DQS_BYTE_MAP ==> 144'h00_00_00_00_00_00_00_00_00_00_00_00_00_00_00_00_02_00
MIG: 16:47:53 :  Invalid Param: DDR2_DATA0_MAP ==> 96'h008_004_009_007_005_001_006_003
MIG: 16:47:53 :  Invalid Param: DDR2_DATA1_MAP ==> 96'h022_028_020_024_027_025_026_021
MIG: 16:47:53 :  Invalid Param: DDR2_DATA2_MAP ==> 96'h000_000_000_000_000_000_000_000
MIG: 16:47:53 :  Invalid Param: DDR2_DATA3_MAP ==> 96'h000_000_000_000_000_000_000_000
MIG: 16:47:53 :  Invalid Param: DDR2_DATA4_MAP ==> 96'h000_000_000_000_000_000_000_000
MIG: 16:47:53 :  Invalid Param: DDR2_DATA5_MAP ==> 96'h000_000_000_000_000_000_000_000
MIG: 16:47:53 :  Invalid Param: DDR2_DATA6_MAP ==> 96'h000_000_000_000_000_000_000_000
MIG: 16:47:53 :  Invalid Param: DDR2_DATA7_MAP ==> 96'h000_000_000_000_000_000_000_000
MIG: 16:47:53 :  Invalid Param: DDR2_DATA8_MAP ==> 96'h000_000_000_000_000_000_000_000
MIG: 16:47:53 :  Invalid Param: DDR2_DATA9_MAP ==> 96'h000_000_000_000_000_000_000_000
MIG: 16:47:53 :  Invalid Param: DDR2_DATA10_MAP ==> 96'h000_000_000_000_000_000_000_000
MIG: 16:47:53 :  Invalid Param: DDR2_DATA11_MAP ==> 96'h000_000_000_000_000_000_000_000
MIG: 16:47:53 :  Invalid Param: DDR2_DATA12_MAP ==> 96'h000_000_000_000_000_000_000_000
MIG: 16:47:53 :  Invalid Param: DDR2_DATA13_MAP ==> 96'h000_000_000_000_000_000_000_000
MIG: 16:47:53 :  Invalid Param: DDR2_DATA14_MAP ==> 96'h000_000_000_000_000_000_000_000
MIG: 16:47:53 :  Invalid Param: DDR2_DATA15_MAP ==> 96'h000_000_000_000_000_000_000_000
MIG: 16:47:53 :  Invalid Param: DDR2_DATA16_MAP ==> 96'h000_000_000_000_000_000_000_000
MIG: 16:47:53 :  Invalid Param: DDR2_DATA17_MAP ==> 96'h000_000_000_000_000_000_000_000
MIG: 16:47:53 :  Invalid Param: DDR2_MASK0_MAP ==> 108'h000_000_000_000_000_000_000_029_002
MIG: 16:47:53 :  Invalid Param: DDR2_MASK1_MAP ==> 108'h000_000_000_000_000_000_000_000_000
MIG: 16:47:53 :  Invalid Param: DDR2_SLOT_0_CONFIG ==> 8'b0000_0001
MIG: 16:47:53 :  Invalid Param: DDR2_SLOT_1_CONFIG ==> 8'b0000_0000
MIG: 16:47:53 :  Invalid Param: DDR2_IBUF_LPWR_MODE ==> "OFF"
MIG: 16:47:53 :  Invalid Param: DDR2_DATA_IO_IDLE_PWRDWN ==> "ON"
MIG: 16:47:53 :  Invalid Param: DDR2_BANK_TYPE ==> "HR_IO"
MIG: 16:47:53 :  Invalid Param: DDR2_DATA_IO_PRIM_TYPE ==> "HR_LP"
MIG: 16:47:53 :  Invalid Param: DDR2_CKE_ODT_AUX ==> "FALSE"
MIG: 16:47:53 :  Invalid Param: DDR2_USER_REFRESH ==> "OFF"
MIG: 16:47:53 :  Invalid Param: DDR2_WRLVL ==> "OFF"
MIG: 16:47:53 :  Invalid Param: DDR2_ORDERING ==> "NORM"
MIG: 16:47:53 :  Invalid Param: DDR2_CALIB_ROW_ADD ==> 16'h0000
MIG: 16:47:53 :  Invalid Param: DDR2_CALIB_COL_ADD ==> 12'h000
MIG: 16:47:53 :  Invalid Param: DDR2_CALIB_BA_ADD ==> 3'h0
MIG: 16:47:53 :  Invalid Param: DDR2_TCQ ==> 100
MIG: 16:47:53 :  Invalid Param: DDR2_IODELAY_GRP0 ==> "HELLO_WORD_MIG_7SERIES_0_0_IODELAY_MIG0"
MIG: 16:47:53 :  Invalid Param: DDR2_SYSCLK_TYPE ==> "NO_BUFFER"
MIG: 16:47:53 :  Invalid Param: DDR2_REFCLK_TYPE ==> "USE_SYSTEM_CLOCK"
MIG: 16:47:53 :  Invalid Param: DDR2_SYS_RST_PORT ==> "FALSE"
MIG: 16:47:53 :  Invalid Param: DDR2_CMD_PIPE_PLUS1 ==> "ON"
MIG: 16:47:53 :  Invalid Param: DDR2_DRAM_TYPE ==> "DDR2"
MIG: 16:47:53 :  Invalid Param: DDR2_CAL_WIDTH ==> "HALF"
MIG: 16:47:53 :  Invalid Param: DDR2_STARVE_LIMIT ==> 2
MIG: 16:47:53 :  Invalid Param: DDR2_REFCLK_FREQ ==> 200.0
MIG: 16:47:53 :  Invalid Param: DDR2_DIFF_TERM_REFCLK ==> "TRUE"
MIG: 16:47:53 :  Invalid Param: DDR2_tCK ==> 3077
MIG: 16:47:53 : 
MIG: 16:47:53 :  Valid Param: DDR2_nCK_PER_CLK ==> 4
MIG: 16:47:53 :  Invalid Param: DDR2_DIFF_TERM_SYSCLK ==> "TRUE"
MIG: 16:47:53 : 
MIG: 16:47:53 :  Valid Param: UI_EXTRA_CLOCKS ==> TRUE
MIG: 16:47:53 : 
MIG: 16:47:53 :  Valid Param: C_S_AXI_ID_WIDTH ==> 1
MIG: 16:47:53 : 
MIG: 16:47:53 :  Valid Param: C_S_AXI_MEM_SIZE ==> 134217728
MIG: 16:47:53 : 
MIG: 16:47:53 :  Valid Param: C_S_AXI_ADDR_WIDTH ==> 32
MIG: 16:47:53 : 
MIG: 16:47:53 :  Valid Param: C_S_AXI_DATA_WIDTH ==> 64
MIG: 16:47:53 :  Invalid Param: DDR2_C_MC_nCK_PER_CLK ==> 4
MIG: 16:47:53 :  Invalid Param: C_S_AXI_SUPPORTS_NARROW_BURST ==> 0
MIG: 16:47:53 :  Invalid Param: DDR2_C_RD_WR_ARB_ALGORITHM ==> "RD_PRI_REG"
MIG: 16:47:53 :  Invalid Param: C_S_AXI_REG_EN0 ==> 20'h00000
MIG: 16:47:53 :  Invalid Param: C_S_AXI_REG_EN1 ==> 20'h00000
MIG: 16:47:53 : 
MIG: 16:47:53 :  Valid Param: C_S_AXI_CTRL_ADDR_WIDTH ==> 32
MIG: 16:47:53 : 
MIG: 16:47:53 :  Valid Param: C_S_AXI_CTRL_DATA_WIDTH ==> 32
MIG: 16:47:53 :  Invalid Param: C_S_AXI_BASEADDR ==> 32'h0000_0000
MIG: 16:47:53 :  Invalid Param: C_ECC_ONOFF_RESET_VALUE ==> 1
MIG: 16:47:53 :  Invalid Param: C_ECC_CE_COUNTER_WIDTH ==> 8
MIG: 16:47:53 : 
MIG: 16:47:53 :  Valid Param: DDR2_DEBUG_PORT ==> OFF
MIG: 16:47:53 : 
MIG: 16:47:53 :  Invalid Param: DDR2_TEMP_MON_CONTROL ==> "INTERNAL"
MIG: 16:47:53 : 
MIG: 16:47:53 : 
MIG: 16:47:53 : 
MIG: 16:47:53 : Same Interface
MIG: 17:03:38 : Running synthesis.xit
MIG: 17:03:38 : IGN:     <ModuleName>design_1_mig_7series_0_2</ModuleName> <==>     <ModuleName>hello_word_mig_7series_0_0</ModuleName> 
MIG: 17:03:38 : ERR:     <Version>2.2</Version> <==>     <Version>4.0</Version> 
MIG: 17:03:38 : ################# RUNNING MIG BATCH ###################
MIG: 17:03:38 : Writing IN file for 'hello_word_mig_7series_0_0'...compDirPath: d:/Xilinx/Vivado/2017.2/data/ip/xilinx/mig_7series_v4_0... instDirPath: c:/Users/iShift/Documents/VivadoProjects/hello_word/hello_word.srcs/sources_1/bd/hello_word/ip/hello_word_mig_7series_0_0
MIG: 17:03:38 : synp_flow:  -- synthesis_mode: Other
MIG: 17:03:38 : outputDirectory: c:/Users/iShift/Documents/VivadoProjects/hello_word/hello_word.srcs/sources_1/bd/hello_word/ip/hello_word_mig_7series_0_0/_tmp/
MIG: 17:03:38 : vivado_mode: xpg_bd
MIG: 17:03:38 : isPortInterface: 0
MIG: 17:03:38 : isPortInterface: 0
MIG: 17:03:38 : isPortInterface: 0
MIG: 17:03:38 : isPortInterface: 0
MIG: 17:03:38 : isPortInterface: 0
MIG: 17:03:38 : isPortInterface: 0
MIG: 17:03:38 : isPortInterface: 0
MIG: 17:03:38 : isPortInterface: 0
MIG: 17:03:38 : isPortInterface: 0
MIG: 17:03:38 : isPortInterface: 0
MIG: 17:03:38 : isPortInterface: 0
MIG: 17:03:38 : isPortInterface: 0
MIG: 17:03:38 : isPortInterface: 0
MIG: 17:03:38 : isPortInterface: 0
MIG: 17:03:38 : isPortInterface: 0
MIG: 17:03:38 : isPortInterface: 0
MIG: 17:03:38 : isPortInterface: 0
MIG: 17:03:38 : isPortInterface: 0
MIG: 17:03:38 : isPortInterface: 0
MIG: 17:03:38 : isPortInterface: 0
MIG: 17:03:38 : isPortInterface: 0
MIG: 17:03:38 : isPortInterface: 0
MIG: 17:03:38 : isPortInterface: 0
MIG: 17:03:38 : isPortInterface: 0
MIG: 17:03:38 : isPortInterface: 0
MIG: 17:03:38 : isPortInterface: 0
MIG: 17:03:38 : isPortInterface: 0
MIG: 17:03:38 : isPortInterface: 0
MIG: 17:03:38 : isPortInterface: 0
MIG: 17:03:38 : isPortInterface: 0
MIG: 17:03:38 : isPortInterface: 0
MIG: 17:03:38 : isPortInterface: 0
MIG: 17:03:38 : isPortInterface: 0
MIG: 17:03:38 : isPortInterface: 0
MIG: 17:03:38 : isPortInterface: 0
MIG: 17:03:38 : isPortInterface: 0
MIG: 17:03:38 : isPortInterface: 0
MIG: 17:03:38 : isPortInterface: 0
MIG: 17:03:38 : isPortInterface: 0
MIG: 17:03:38 : isPortInterface: 0
MIG: 17:03:38 : isPortInterface: 0
MIG: 17:03:38 : isPortInterface: 0
MIG: 17:03:38 : isPortInterface: 0
MIG: 17:03:38 : isPortInterface: 0
MIG: 17:03:38 : isPortInterface: 0
MIG: 17:03:38 : isPortInterface: 0
MIG: 17:03:38 : isPortInterface: 0
MIG: 17:03:38 : isPortInterface: 0
MIG: 17:03:38 : isPortInterface: 0
MIG: 17:03:38 : isPortInterface: 0
MIG: 17:03:38 : isPortInterface: 0
MIG: 17:03:38 : isPortInterface: 0
MIG: 17:03:38 : isPortInterface: 0
MIG: 17:03:38 : isPortInterface: 0
MIG: 17:03:38 : isPortInterface: 0
MIG: 17:03:38 : isPortInterface: 0
MIG: 17:03:38 : isPortInterface: 0
MIG: 17:03:38 : isPortInterface: 0
MIG: 17:03:38 : isPortInterface: 0
MIG: 17:03:38 : isPortInterface: 0
MIG: 17:03:38 : isPortInterface: 0
MIG: 17:03:38 : isPortInterface: 0
MIG: 17:03:38 : isPortInterface: 0
MIG: 17:03:38 : isPortInterface: 0
MIG: 17:03:38 : isPortInterface: 0
MIG: 17:03:38 : isPortInterface: 0
MIG: 17:03:38 : isPortInterface: 0
MIG: 17:03:38 : isPortInterface: 0
MIG: 17:03:38 : isPortInterface: 0
MIG: 17:03:38 : isPortInterface: 0
MIG: 17:03:38 : isPortInterface: 0
MIG: 17:03:38 : isPortInterface: 0
MIG: 17:03:38 : isPortInterface: 0
MIG: 17:03:38 : isPortInterface: 0
MIG: 17:03:38 : isPortInterface: 0
MIG: 17:03:38 : isPortInterface: 0
MIG: 17:03:38 : isPortInterface: 0
MIG: 17:03:38 : isPortInterface: 0
MIG: 17:03:38 : isPortInterface: 0
MIG: 17:03:38 : isPortInterface: 0
MIG: 17:03:38 : isPortInterface: 0
MIG: 17:03:38 : isPortInterface: 0
MIG: 17:03:38 : isPortInterface: 0
MIG: 17:03:38 : isPortInterface: 0
MIG: 17:03:38 : isPortInterface: 0
MIG: 17:03:38 : isPortInterface: 0
MIG: 17:03:38 : isPortInterface: 0
MIG: 17:03:38 : isPortInterface: 0
MIG: 17:03:38 : isPortInterface: 0
MIG: 17:03:38 : isPortInterface: 0
MIG: 17:03:38 : isPortInterface: 0
MIG: 17:03:38 : isPortInterface: 0
MIG: 17:03:38 : isPortInterface: 0
MIG: 17:03:38 : isPortInterface: 0
MIG: 17:03:38 : isPortInterface: 0
MIG: 17:03:38 : isPortInterface: 0
MIG: 17:03:38 : isPortInterface: 0
MIG: 17:03:38 : isPortInterface: 0
MIG: 17:03:38 : isPortInterface: 0
MIG: 17:03:38 : isPortInterface: 0
MIG: 17:03:38 : isPortInterface: 0
MIG: 17:03:38 : isPortInterface: 0
MIG: 17:03:38 : isPortInterface: 0
MIG: 17:03:38 : isPortInterface: 0
MIG: 17:03:38 : isPortInterface: 0
MIG: 17:03:38 : isPortInterface: 0
MIG: 17:03:38 : isPortInterface: 0
MIG: 17:03:38 : isPortInterface: 0
MIG: 17:03:38 : isPortInterface: 0
MIG: 17:03:38 : isPortInterface: 0
MIG: 17:03:38 : isPortInterface: 0
MIG: 17:03:38 : isPortInterface: 0
MIG: 17:03:38 : isPortInterface: 0
MIG: 17:03:38 : isPortInterface: 0
MIG: 17:03:38 : isPortInterface: 0
MIG: 17:03:38 : isPortInterface: 0
MIG: 17:03:38 : isPortInterface: 0
MIG: 17:03:38 : isPortInterface: 1
MIG: 17:03:38 : isPortInterface: 0
MIG: 17:03:38 : isPortInterface: 0
MIG: 17:03:38 : isPortInterface: 0
MIG: 17:03:38 : isPortInterface: 0
MIG: 17:03:38 : isPortInterface: 0
MIG: 17:03:38 : isPortInterface: 0
MIG: 17:03:38 : isPortInterface: 0
MIG: 17:03:38 : isPortInterface: 0
MIG: 17:03:38 : isPortInterface: 0
MIG: 17:03:38 : isPortInterface: 0
MIG: 17:03:39 :  locked false  
MIG: 17:03:39 : HDL Language: Verilog
MIG: 17:03:39 : compInfo: false
MIG: 17:03:39 : Vivado Options xc7a100t csg324 -1
MIG: 17:03:39 : 1: xc7a100t 2: csg324 3: -1
MIG: 17:03:39 : relative mig path: coregen/ip/xilinx/other/com/xilinx/ip/mig_7series_v4_0/bin/nt64/mig.exe
MIG: 17:03:39 : xilinx_path: D:/Xilinx/Vivado/2017.2/ids_lite/ISE
MIG: 17:03:39 : I am in catch area
MIG: 17:03:39 : Running D:/Xilinx/Vivado/2017.2/ids_lite/ISE/coregen/ip/xilinx/other/com/xilinx/ip/mig_7series_v4_0/bin/nt64/mig.exe -cg_exc_inp c:/Users/iShift/Documents/VivadoProjects/hello_word/hello_word.srcs/sources_1/bd/hello_word/ip/hello_word_mig_7series_0_0/xil_txt.in -cg_exc_out c:/Users/iShift/Documents/VivadoProjects/hello_word/hello_word.srcs/sources_1/bd/hello_word/ip/hello_word_mig_7series_0_0/xil_txt.out ... 
MIG: 17:03:46 : XML_INPUT_FILE: c:/Users/iShift/Documents/VivadoProjects/hello_word/hello_word.srcs/sources_1/bd/hello_word/ip/hello_word_mig_7series_0_0/board.prj
MIG: 17:03:46 : Component_Name: hello_word_mig_7series_0_0
MIG: 17:03:46 : Moving hello_word_mig_7series_0_0 ...
MIG: 17:03:46 : Moving hello_word_mig_7series_0_0.veo ...
MIG: 17:03:46 : Moving hello_word_mig_7series_0_0_xmdf.tcl ...
MIG: 17:03:47 : Running vlog_synth_rpr.xit
MIG: 17:03:47 : IGN:     <ModuleName>design_1_mig_7series_0_2</ModuleName> <==>     <ModuleName>hello_word_mig_7series_0_0</ModuleName> 
MIG: 17:03:47 : ERR:     <Version>2.2</Version> <==>     <Version>4.0</Version> 
MIG: 17:03:47 : ################# RUNNING MIG BATCH ###################
MIG: 17:03:47 : Writing IN file for 'hello_word_mig_7series_0_0'...compDirPath: d:/Xilinx/Vivado/2017.2/data/ip/xilinx/mig_7series_v4_0... instDirPath: c:/Users/iShift/Documents/VivadoProjects/hello_word/hello_word.srcs/sources_1/bd/hello_word/ip/hello_word_mig_7series_0_0
MIG: 17:03:47 : synp_flow:  -- synthesis_mode: Other
MIG: 17:03:47 : outputDirectory: c:/Users/iShift/Documents/VivadoProjects/hello_word/hello_word.srcs/sources_1/bd/hello_word/ip/hello_word_mig_7series_0_0/_tmp/
MIG: 17:03:47 : vivado_mode: xpg_bd
MIG: 17:03:47 : isPortInterface: 0
MIG: 17:03:47 : isPortInterface: 0
MIG: 17:03:47 : isPortInterface: 0
MIG: 17:03:47 : isPortInterface: 0
MIG: 17:03:47 : isPortInterface: 0
MIG: 17:03:47 : isPortInterface: 0
MIG: 17:03:47 : isPortInterface: 0
MIG: 17:03:47 : isPortInterface: 0
MIG: 17:03:47 : isPortInterface: 0
MIG: 17:03:47 : isPortInterface: 0
MIG: 17:03:47 : isPortInterface: 0
MIG: 17:03:47 : isPortInterface: 0
MIG: 17:03:47 : isPortInterface: 0
MIG: 17:03:47 : isPortInterface: 0
MIG: 17:03:47 : isPortInterface: 0
MIG: 17:03:47 : isPortInterface: 0
MIG: 17:03:47 : isPortInterface: 0
MIG: 17:03:47 : isPortInterface: 0
MIG: 17:03:47 : isPortInterface: 0
MIG: 17:03:47 : isPortInterface: 0
MIG: 17:03:47 : isPortInterface: 0
MIG: 17:03:47 : isPortInterface: 0
MIG: 17:03:47 : isPortInterface: 0
MIG: 17:03:47 : isPortInterface: 0
MIG: 17:03:47 : isPortInterface: 0
MIG: 17:03:47 : isPortInterface: 0
MIG: 17:03:47 : isPortInterface: 0
MIG: 17:03:47 : isPortInterface: 0
MIG: 17:03:47 : isPortInterface: 0
MIG: 17:03:47 : isPortInterface: 0
MIG: 17:03:47 : isPortInterface: 0
MIG: 17:03:47 : isPortInterface: 0
MIG: 17:03:47 : isPortInterface: 0
MIG: 17:03:47 : isPortInterface: 0
MIG: 17:03:47 : isPortInterface: 0
MIG: 17:03:47 : isPortInterface: 0
MIG: 17:03:47 : isPortInterface: 0
MIG: 17:03:47 : isPortInterface: 0
MIG: 17:03:47 : isPortInterface: 0
MIG: 17:03:47 : isPortInterface: 0
MIG: 17:03:47 : isPortInterface: 0
MIG: 17:03:47 : isPortInterface: 0
MIG: 17:03:47 : isPortInterface: 0
MIG: 17:03:47 : isPortInterface: 0
MIG: 17:03:47 : isPortInterface: 0
MIG: 17:03:47 : isPortInterface: 0
MIG: 17:03:47 : isPortInterface: 0
MIG: 17:03:47 : isPortInterface: 0
MIG: 17:03:47 : isPortInterface: 0
MIG: 17:03:47 : isPortInterface: 0
MIG: 17:03:47 : isPortInterface: 0
MIG: 17:03:47 : isPortInterface: 0
MIG: 17:03:47 : isPortInterface: 0
MIG: 17:03:47 : isPortInterface: 0
MIG: 17:03:47 : isPortInterface: 0
MIG: 17:03:47 : isPortInterface: 0
MIG: 17:03:47 : isPortInterface: 0
MIG: 17:03:47 : isPortInterface: 0
MIG: 17:03:47 : isPortInterface: 0
MIG: 17:03:47 : isPortInterface: 0
MIG: 17:03:47 : isPortInterface: 0
MIG: 17:03:47 : isPortInterface: 0
MIG: 17:03:47 : isPortInterface: 0
MIG: 17:03:47 : isPortInterface: 0
MIG: 17:03:47 : isPortInterface: 0
MIG: 17:03:47 : isPortInterface: 0
MIG: 17:03:47 : isPortInterface: 0
MIG: 17:03:47 : isPortInterface: 0
MIG: 17:03:47 : isPortInterface: 0
MIG: 17:03:47 : isPortInterface: 0
MIG: 17:03:47 : isPortInterface: 0
MIG: 17:03:47 : isPortInterface: 0
MIG: 17:03:47 : isPortInterface: 0
MIG: 17:03:47 : isPortInterface: 0
MIG: 17:03:47 : isPortInterface: 0
MIG: 17:03:47 : isPortInterface: 0
MIG: 17:03:47 : isPortInterface: 0
MIG: 17:03:47 : isPortInterface: 0
MIG: 17:03:47 : isPortInterface: 0
MIG: 17:03:47 : isPortInterface: 0
MIG: 17:03:47 : isPortInterface: 0
MIG: 17:03:47 : isPortInterface: 0
MIG: 17:03:47 : isPortInterface: 0
MIG: 17:03:47 : isPortInterface: 0
MIG: 17:03:47 : isPortInterface: 0
MIG: 17:03:47 : isPortInterface: 0
MIG: 17:03:47 : isPortInterface: 0
MIG: 17:03:47 : isPortInterface: 0
MIG: 17:03:47 : isPortInterface: 0
MIG: 17:03:47 : isPortInterface: 0
MIG: 17:03:47 : isPortInterface: 0
MIG: 17:03:47 : isPortInterface: 0
MIG: 17:03:47 : isPortInterface: 0
MIG: 17:03:47 : isPortInterface: 0
MIG: 17:03:47 : isPortInterface: 0
MIG: 17:03:47 : isPortInterface: 0
MIG: 17:03:47 : isPortInterface: 0
MIG: 17:03:47 : isPortInterface: 0
MIG: 17:03:47 : isPortInterface: 0
MIG: 17:03:47 : isPortInterface: 0
MIG: 17:03:47 : isPortInterface: 0
MIG: 17:03:47 : isPortInterface: 0
MIG: 17:03:47 : isPortInterface: 0
MIG: 17:03:47 : isPortInterface: 0
MIG: 17:03:47 : isPortInterface: 0
MIG: 17:03:47 : isPortInterface: 0
MIG: 17:03:47 : isPortInterface: 0
MIG: 17:03:47 : isPortInterface: 0
MIG: 17:03:47 : isPortInterface: 0
MIG: 17:03:47 : isPortInterface: 0
MIG: 17:03:47 : isPortInterface: 0
MIG: 17:03:47 : isPortInterface: 0
MIG: 17:03:47 : isPortInterface: 0
MIG: 17:03:47 : isPortInterface: 0
MIG: 17:03:47 : isPortInterface: 0
MIG: 17:03:47 : isPortInterface: 0
MIG: 17:03:47 : isPortInterface: 0
MIG: 17:03:47 : isPortInterface: 1
MIG: 17:03:47 : isPortInterface: 0
MIG: 17:03:47 : isPortInterface: 0
MIG: 17:03:47 : isPortInterface: 0
MIG: 17:03:47 : isPortInterface: 0
MIG: 17:03:47 : isPortInterface: 0
MIG: 17:03:47 : isPortInterface: 0
MIG: 17:03:47 : isPortInterface: 0
MIG: 17:03:47 : isPortInterface: 0
MIG: 17:03:47 : isPortInterface: 0
MIG: 17:03:47 : isPortInterface: 0
MIG: 17:03:47 :  locked false  
MIG: 17:03:47 : HDL Language: Verilog
MIG: 17:03:47 : compInfo: false
MIG: 17:03:47 : Vivado Options xc7a100t csg324 -1
MIG: 17:03:47 : 1: xc7a100t 2: csg324 3: -1
MIG: 17:03:47 : relative mig path: coregen/ip/xilinx/other/com/xilinx/ip/mig_7series_v4_0/bin/nt64/mig.exe
MIG: 17:03:47 : xilinx_path: D:/Xilinx/Vivado/2017.2/ids_lite/ISE
MIG: 17:03:47 : I am in catch area
MIG: 17:03:47 : Running D:/Xilinx/Vivado/2017.2/ids_lite/ISE/coregen/ip/xilinx/other/com/xilinx/ip/mig_7series_v4_0/bin/nt64/mig.exe -cg_exc_inp c:/Users/iShift/Documents/VivadoProjects/hello_word/hello_word.srcs/sources_1/bd/hello_word/ip/hello_word_mig_7series_0_0/xil_txt.in -cg_exc_out c:/Users/iShift/Documents/VivadoProjects/hello_word/hello_word.srcs/sources_1/bd/hello_word/ip/hello_word_mig_7series_0_0/xil_txt.out ... 
MIG: 17:03:55 : XML_INPUT_FILE: c:/Users/iShift/Documents/VivadoProjects/hello_word/hello_word.srcs/sources_1/bd/hello_word/ip/hello_word_mig_7series_0_0/board.prj
MIG: 17:03:55 : Component_Name: hello_word_mig_7series_0_0
MIG: 17:03:55 : Moving hello_word_mig_7series_0_0 ...
MIG: 17:03:55 : Moving hello_word_mig_7series_0_0.veo ...
MIG: 17:03:55 : Moving hello_word_mig_7series_0_0_xmdf.tcl ...
MIG: 17:03:56 : Running simulation.xit
MIG: 17:03:56 : IGN:     <ModuleName>design_1_mig_7series_0_2</ModuleName> <==>     <ModuleName>hello_word_mig_7series_0_0</ModuleName> 
MIG: 17:03:56 : ERR:     <Version>2.2</Version> <==>     <Version>4.0</Version> 
MIG: 17:03:56 : ################# RUNNING MIG BATCH ###################
MIG: 17:03:56 : Writing IN file for 'hello_word_mig_7series_0_0'...compDirPath: d:/Xilinx/Vivado/2017.2/data/ip/xilinx/mig_7series_v4_0... instDirPath: c:/Users/iShift/Documents/VivadoProjects/hello_word/hello_word.srcs/sources_1/bd/hello_word/ip/hello_word_mig_7series_0_0
MIG: 17:03:56 : synp_flow:  -- synthesis_mode: Other
MIG: 17:03:56 : outputDirectory: c:/Users/iShift/Documents/VivadoProjects/hello_word/hello_word.srcs/sources_1/bd/hello_word/ip/hello_word_mig_7series_0_0/_tmp/
MIG: 17:03:56 : vivado_mode: xpg_bd
MIG: 17:03:56 : isPortInterface: 0
MIG: 17:03:56 : isPortInterface: 0
MIG: 17:03:56 : isPortInterface: 0
MIG: 17:03:56 : isPortInterface: 0
MIG: 17:03:56 : isPortInterface: 0
MIG: 17:03:56 : isPortInterface: 0
MIG: 17:03:56 : isPortInterface: 0
MIG: 17:03:56 : isPortInterface: 0
MIG: 17:03:56 : isPortInterface: 0
MIG: 17:03:56 : isPortInterface: 0
MIG: 17:03:56 : isPortInterface: 0
MIG: 17:03:56 : isPortInterface: 0
MIG: 17:03:56 : isPortInterface: 0
MIG: 17:03:56 : isPortInterface: 0
MIG: 17:03:56 : isPortInterface: 0
MIG: 17:03:56 : isPortInterface: 0
MIG: 17:03:56 : isPortInterface: 0
MIG: 17:03:56 : isPortInterface: 0
MIG: 17:03:56 : isPortInterface: 0
MIG: 17:03:56 : isPortInterface: 0
MIG: 17:03:56 : isPortInterface: 0
MIG: 17:03:56 : isPortInterface: 0
MIG: 17:03:56 : isPortInterface: 0
MIG: 17:03:56 : isPortInterface: 0
MIG: 17:03:56 : isPortInterface: 0
MIG: 17:03:56 : isPortInterface: 0
MIG: 17:03:56 : isPortInterface: 0
MIG: 17:03:56 : isPortInterface: 0
MIG: 17:03:56 : isPortInterface: 0
MIG: 17:03:56 : isPortInterface: 0
MIG: 17:03:56 : isPortInterface: 0
MIG: 17:03:56 : isPortInterface: 0
MIG: 17:03:56 : isPortInterface: 0
MIG: 17:03:56 : isPortInterface: 0
MIG: 17:03:56 : isPortInterface: 0
MIG: 17:03:56 : isPortInterface: 0
MIG: 17:03:56 : isPortInterface: 0
MIG: 17:03:56 : isPortInterface: 0
MIG: 17:03:56 : isPortInterface: 0
MIG: 17:03:56 : isPortInterface: 0
MIG: 17:03:56 : isPortInterface: 0
MIG: 17:03:56 : isPortInterface: 0
MIG: 17:03:56 : isPortInterface: 0
MIG: 17:03:56 : isPortInterface: 0
MIG: 17:03:56 : isPortInterface: 0
MIG: 17:03:56 : isPortInterface: 0
MIG: 17:03:56 : isPortInterface: 0
MIG: 17:03:56 : isPortInterface: 0
MIG: 17:03:56 : isPortInterface: 0
MIG: 17:03:56 : isPortInterface: 0
MIG: 17:03:56 : isPortInterface: 0
MIG: 17:03:56 : isPortInterface: 0
MIG: 17:03:56 : isPortInterface: 0
MIG: 17:03:56 : isPortInterface: 0
MIG: 17:03:56 : isPortInterface: 0
MIG: 17:03:56 : isPortInterface: 0
MIG: 17:03:56 : isPortInterface: 0
MIG: 17:03:56 : isPortInterface: 0
MIG: 17:03:56 : isPortInterface: 0
MIG: 17:03:56 : isPortInterface: 0
MIG: 17:03:56 : isPortInterface: 0
MIG: 17:03:56 : isPortInterface: 0
MIG: 17:03:56 : isPortInterface: 0
MIG: 17:03:56 : isPortInterface: 0
MIG: 17:03:56 : isPortInterface: 0
MIG: 17:03:56 : isPortInterface: 0
MIG: 17:03:56 : isPortInterface: 0
MIG: 17:03:56 : isPortInterface: 0
MIG: 17:03:56 : isPortInterface: 0
MIG: 17:03:56 : isPortInterface: 0
MIG: 17:03:56 : isPortInterface: 0
MIG: 17:03:56 : isPortInterface: 0
MIG: 17:03:56 : isPortInterface: 0
MIG: 17:03:56 : isPortInterface: 0
MIG: 17:03:56 : isPortInterface: 0
MIG: 17:03:56 : isPortInterface: 0
MIG: 17:03:56 : isPortInterface: 0
MIG: 17:03:56 : isPortInterface: 0
MIG: 17:03:56 : isPortInterface: 0
MIG: 17:03:56 : isPortInterface: 0
MIG: 17:03:56 : isPortInterface: 0
MIG: 17:03:56 : isPortInterface: 0
MIG: 17:03:56 : isPortInterface: 0
MIG: 17:03:56 : isPortInterface: 0
MIG: 17:03:56 : isPortInterface: 0
MIG: 17:03:56 : isPortInterface: 0
MIG: 17:03:56 : isPortInterface: 0
MIG: 17:03:56 : isPortInterface: 0
MIG: 17:03:56 : isPortInterface: 0
MIG: 17:03:56 : isPortInterface: 0
MIG: 17:03:56 : isPortInterface: 0
MIG: 17:03:56 : isPortInterface: 0
MIG: 17:03:56 : isPortInterface: 0
MIG: 17:03:56 : isPortInterface: 0
MIG: 17:03:56 : isPortInterface: 0
MIG: 17:03:56 : isPortInterface: 0
MIG: 17:03:56 : isPortInterface: 0
MIG: 17:03:56 : isPortInterface: 0
MIG: 17:03:56 : isPortInterface: 0
MIG: 17:03:56 : isPortInterface: 0
MIG: 17:03:56 : isPortInterface: 0
MIG: 17:03:56 : isPortInterface: 0
MIG: 17:03:56 : isPortInterface: 0
MIG: 17:03:56 : isPortInterface: 0
MIG: 17:03:56 : isPortInterface: 0
MIG: 17:03:56 : isPortInterface: 0
MIG: 17:03:56 : isPortInterface: 0
MIG: 17:03:56 : isPortInterface: 0
MIG: 17:03:56 : isPortInterface: 0
MIG: 17:03:56 : isPortInterface: 0
MIG: 17:03:56 : isPortInterface: 0
MIG: 17:03:56 : isPortInterface: 0
MIG: 17:03:56 : isPortInterface: 0
MIG: 17:03:56 : isPortInterface: 0
MIG: 17:03:56 : isPortInterface: 0
MIG: 17:03:56 : isPortInterface: 0
MIG: 17:03:56 : isPortInterface: 0
MIG: 17:03:56 : isPortInterface: 1
MIG: 17:03:56 : isPortInterface: 0
MIG: 17:03:56 : isPortInterface: 0
MIG: 17:03:56 : isPortInterface: 0
MIG: 17:03:56 : isPortInterface: 0
MIG: 17:03:56 : isPortInterface: 0
MIG: 17:03:56 : isPortInterface: 0
MIG: 17:03:56 : isPortInterface: 0
MIG: 17:03:56 : isPortInterface: 0
MIG: 17:03:56 : isPortInterface: 0
MIG: 17:03:56 : isPortInterface: 0
MIG: 17:03:56 :  locked false  
MIG: 17:03:56 : HDL Language: Verilog
MIG: 17:03:56 : compInfo: false
MIG: 17:03:56 : Vivado Options xc7a100t csg324 -1
MIG: 17:03:56 : 1: xc7a100t 2: csg324 3: -1
MIG: 17:03:56 : relative mig path: coregen/ip/xilinx/other/com/xilinx/ip/mig_7series_v4_0/bin/nt64/mig.exe
MIG: 17:03:56 : xilinx_path: D:/Xilinx/Vivado/2017.2/ids_lite/ISE
MIG: 17:03:56 : I am in catch area
MIG: 17:03:56 : Running D:/Xilinx/Vivado/2017.2/ids_lite/ISE/coregen/ip/xilinx/other/com/xilinx/ip/mig_7series_v4_0/bin/nt64/mig.exe -cg_exc_inp c:/Users/iShift/Documents/VivadoProjects/hello_word/hello_word.srcs/sources_1/bd/hello_word/ip/hello_word_mig_7series_0_0/xil_txt.in -cg_exc_out c:/Users/iShift/Documents/VivadoProjects/hello_word/hello_word.srcs/sources_1/bd/hello_word/ip/hello_word_mig_7series_0_0/xil_txt.out ... 
MIG: 17:04:04 : XML_INPUT_FILE: c:/Users/iShift/Documents/VivadoProjects/hello_word/hello_word.srcs/sources_1/bd/hello_word/ip/hello_word_mig_7series_0_0/board.prj
MIG: 17:04:04 : Component_Name: hello_word_mig_7series_0_0
MIG: 17:04:04 : Moving hello_word_mig_7series_0_0 ...
MIG: 17:04:04 : Moving hello_word_mig_7series_0_0.veo ...
MIG: 17:04:04 : Moving hello_word_mig_7series_0_0_xmdf.tcl ...
MIG: 17:04:04 : Running vlog_sim_rpr.xit .. PRASAD DBG1
MIG: 17:04:04 : IGN:     <ModuleName>design_1_mig_7series_0_2</ModuleName> <==>     <ModuleName>hello_word_mig_7series_0_0</ModuleName> 
MIG: 17:04:04 : ERR:     <Version>2.2</Version> <==>     <Version>4.0</Version> 
MIG: 17:04:04 : ################# RUNNING MIG BATCH ###################
MIG: 17:04:04 : Writing IN file for 'hello_word_mig_7series_0_0'...compDirPath: d:/Xilinx/Vivado/2017.2/data/ip/xilinx/mig_7series_v4_0... instDirPath: c:/Users/iShift/Documents/VivadoProjects/hello_word/hello_word.srcs/sources_1/bd/hello_word/ip/hello_word_mig_7series_0_0
MIG: 17:04:04 : synp_flow:  -- synthesis_mode: Other
MIG: 17:04:04 : outputDirectory: c:/Users/iShift/Documents/VivadoProjects/hello_word/hello_word.srcs/sources_1/bd/hello_word/ip/hello_word_mig_7series_0_0/_tmp/
MIG: 17:04:04 : vivado_mode: xpg_bd
MIG: 17:04:04 : isPortInterface: 0
MIG: 17:04:04 : isPortInterface: 0
MIG: 17:04:04 : isPortInterface: 0
MIG: 17:04:04 : isPortInterface: 0
MIG: 17:04:04 : isPortInterface: 0
MIG: 17:04:04 : isPortInterface: 0
MIG: 17:04:04 : isPortInterface: 0
MIG: 17:04:04 : isPortInterface: 0
MIG: 17:04:04 : isPortInterface: 0
MIG: 17:04:04 : isPortInterface: 0
MIG: 17:04:04 : isPortInterface: 0
MIG: 17:04:04 : isPortInterface: 0
MIG: 17:04:04 : isPortInterface: 0
MIG: 17:04:04 : isPortInterface: 0
MIG: 17:04:04 : isPortInterface: 0
MIG: 17:04:04 : isPortInterface: 0
MIG: 17:04:04 : isPortInterface: 0
MIG: 17:04:04 : isPortInterface: 0
MIG: 17:04:04 : isPortInterface: 0
MIG: 17:04:04 : isPortInterface: 0
MIG: 17:04:04 : isPortInterface: 0
MIG: 17:04:04 : isPortInterface: 0
MIG: 17:04:04 : isPortInterface: 0
MIG: 17:04:04 : isPortInterface: 0
MIG: 17:04:04 : isPortInterface: 0
MIG: 17:04:04 : isPortInterface: 0
MIG: 17:04:04 : isPortInterface: 0
MIG: 17:04:04 : isPortInterface: 0
MIG: 17:04:04 : isPortInterface: 0
MIG: 17:04:04 : isPortInterface: 0
MIG: 17:04:04 : isPortInterface: 0
MIG: 17:04:04 : isPortInterface: 0
MIG: 17:04:04 : isPortInterface: 0
MIG: 17:04:04 : isPortInterface: 0
MIG: 17:04:04 : isPortInterface: 0
MIG: 17:04:04 : isPortInterface: 0
MIG: 17:04:04 : isPortInterface: 0
MIG: 17:04:04 : isPortInterface: 0
MIG: 17:04:04 : isPortInterface: 0
MIG: 17:04:04 : isPortInterface: 0
MIG: 17:04:04 : isPortInterface: 0
MIG: 17:04:04 : isPortInterface: 0
MIG: 17:04:04 : isPortInterface: 0
MIG: 17:04:04 : isPortInterface: 0
MIG: 17:04:04 : isPortInterface: 0
MIG: 17:04:04 : isPortInterface: 0
MIG: 17:04:04 : isPortInterface: 0
MIG: 17:04:04 : isPortInterface: 0
MIG: 17:04:04 : isPortInterface: 0
MIG: 17:04:04 : isPortInterface: 0
MIG: 17:04:04 : isPortInterface: 0
MIG: 17:04:04 : isPortInterface: 0
MIG: 17:04:04 : isPortInterface: 0
MIG: 17:04:04 : isPortInterface: 0
MIG: 17:04:04 : isPortInterface: 0
MIG: 17:04:04 : isPortInterface: 0
MIG: 17:04:04 : isPortInterface: 0
MIG: 17:04:04 : isPortInterface: 0
MIG: 17:04:04 : isPortInterface: 0
MIG: 17:04:04 : isPortInterface: 0
MIG: 17:04:04 : isPortInterface: 0
MIG: 17:04:04 : isPortInterface: 0
MIG: 17:04:04 : isPortInterface: 0
MIG: 17:04:04 : isPortInterface: 0
MIG: 17:04:04 : isPortInterface: 0
MIG: 17:04:04 : isPortInterface: 0
MIG: 17:04:04 : isPortInterface: 0
MIG: 17:04:04 : isPortInterface: 0
MIG: 17:04:04 : isPortInterface: 0
MIG: 17:04:04 : isPortInterface: 0
MIG: 17:04:04 : isPortInterface: 0
MIG: 17:04:04 : isPortInterface: 0
MIG: 17:04:04 : isPortInterface: 0
MIG: 17:04:04 : isPortInterface: 0
MIG: 17:04:04 : isPortInterface: 0
MIG: 17:04:04 : isPortInterface: 0
MIG: 17:04:04 : isPortInterface: 0
MIG: 17:04:04 : isPortInterface: 0
MIG: 17:04:04 : isPortInterface: 0
MIG: 17:04:04 : isPortInterface: 0
MIG: 17:04:04 : isPortInterface: 0
MIG: 17:04:04 : isPortInterface: 0
MIG: 17:04:04 : isPortInterface: 0
MIG: 17:04:04 : isPortInterface: 0
MIG: 17:04:04 : isPortInterface: 0
MIG: 17:04:04 : isPortInterface: 0
MIG: 17:04:04 : isPortInterface: 0
MIG: 17:04:04 : isPortInterface: 0
MIG: 17:04:04 : isPortInterface: 0
MIG: 17:04:04 : isPortInterface: 0
MIG: 17:04:05 : isPortInterface: 0
MIG: 17:04:05 : isPortInterface: 0
MIG: 17:04:05 : isPortInterface: 0
MIG: 17:04:05 : isPortInterface: 0
MIG: 17:04:05 : isPortInterface: 0
MIG: 17:04:05 : isPortInterface: 0
MIG: 17:04:05 : isPortInterface: 0
MIG: 17:04:05 : isPortInterface: 0
MIG: 17:04:05 : isPortInterface: 0
MIG: 17:04:05 : isPortInterface: 0
MIG: 17:04:05 : isPortInterface: 0
MIG: 17:04:05 : isPortInterface: 0
MIG: 17:04:05 : isPortInterface: 0
MIG: 17:04:05 : isPortInterface: 0
MIG: 17:04:05 : isPortInterface: 0
MIG: 17:04:05 : isPortInterface: 0
MIG: 17:04:05 : isPortInterface: 0
MIG: 17:04:05 : isPortInterface: 0
MIG: 17:04:05 : isPortInterface: 0
MIG: 17:04:05 : isPortInterface: 0
MIG: 17:04:05 : isPortInterface: 0
MIG: 17:04:05 : isPortInterface: 0
MIG: 17:04:05 : isPortInterface: 0
MIG: 17:04:05 : isPortInterface: 0
MIG: 17:04:05 : isPortInterface: 0
MIG: 17:04:05 : isPortInterface: 0
MIG: 17:04:05 : isPortInterface: 0
MIG: 17:04:05 : isPortInterface: 1
MIG: 17:04:05 : isPortInterface: 0
MIG: 17:04:05 : isPortInterface: 0
MIG: 17:04:05 : isPortInterface: 0
MIG: 17:04:05 : isPortInterface: 0
MIG: 17:04:05 : isPortInterface: 0
MIG: 17:04:05 : isPortInterface: 0
MIG: 17:04:05 : isPortInterface: 0
MIG: 17:04:05 : isPortInterface: 0
MIG: 17:04:05 : isPortInterface: 0
MIG: 17:04:05 : isPortInterface: 0
MIG: 17:04:05 :  locked false  
MIG: 17:04:05 : HDL Language: Verilog
MIG: 17:04:05 : compInfo: false
MIG: 17:04:05 : Vivado Options xc7a100t csg324 -1
MIG: 17:04:05 : 1: xc7a100t 2: csg324 3: -1
MIG: 17:04:05 : relative mig path: coregen/ip/xilinx/other/com/xilinx/ip/mig_7series_v4_0/bin/nt64/mig.exe
MIG: 17:04:05 : xilinx_path: D:/Xilinx/Vivado/2017.2/ids_lite/ISE
MIG: 17:04:05 : I am in catch area
MIG: 17:04:05 : Running D:/Xilinx/Vivado/2017.2/ids_lite/ISE/coregen/ip/xilinx/other/com/xilinx/ip/mig_7series_v4_0/bin/nt64/mig.exe -cg_exc_inp c:/Users/iShift/Documents/VivadoProjects/hello_word/hello_word.srcs/sources_1/bd/hello_word/ip/hello_word_mig_7series_0_0/xil_txt.in -cg_exc_out c:/Users/iShift/Documents/VivadoProjects/hello_word/hello_word.srcs/sources_1/bd/hello_word/ip/hello_word_mig_7series_0_0/xil_txt.out ... 
MIG: 17:04:12 : XML_INPUT_FILE: c:/Users/iShift/Documents/VivadoProjects/hello_word/hello_word.srcs/sources_1/bd/hello_word/ip/hello_word_mig_7series_0_0/board.prj
MIG: 17:04:12 : Component_Name: hello_word_mig_7series_0_0
MIG: 17:04:12 : Moving hello_word_mig_7series_0_0 ...
MIG: 17:04:12 : Moving hello_word_mig_7series_0_0.veo ...
MIG: 17:04:12 : Moving hello_word_mig_7series_0_0_xmdf.tcl ...
MIG: 17:04:13 : Running implementation.xit
MIG: 17:04:13 : IGN:     <ModuleName>design_1_mig_7series_0_2</ModuleName> <==>     <ModuleName>hello_word_mig_7series_0_0</ModuleName> 
MIG: 17:04:13 : ERR:     <Version>2.2</Version> <==>     <Version>4.0</Version> 
MIG: 17:04:13 : ################# RUNNING MIG BATCH ###################
MIG: 17:04:13 : Writing IN file for 'hello_word_mig_7series_0_0'...compDirPath: d:/Xilinx/Vivado/2017.2/data/ip/xilinx/mig_7series_v4_0... instDirPath: c:/Users/iShift/Documents/VivadoProjects/hello_word/hello_word.srcs/sources_1/bd/hello_word/ip/hello_word_mig_7series_0_0
MIG: 17:04:13 : synp_flow:  -- synthesis_mode: Other
MIG: 17:04:13 : outputDirectory: c:/Users/iShift/Documents/VivadoProjects/hello_word/hello_word.srcs/sources_1/bd/hello_word/ip/hello_word_mig_7series_0_0/_tmp/
MIG: 17:04:13 : vivado_mode: xpg_bd
MIG: 17:04:13 : isPortInterface: 0
MIG: 17:04:13 : isPortInterface: 0
MIG: 17:04:13 : isPortInterface: 0
MIG: 17:04:13 : isPortInterface: 0
MIG: 17:04:13 : isPortInterface: 0
MIG: 17:04:13 : isPortInterface: 0
MIG: 17:04:13 : isPortInterface: 0
MIG: 17:04:13 : isPortInterface: 0
MIG: 17:04:13 : isPortInterface: 0
MIG: 17:04:13 : isPortInterface: 0
MIG: 17:04:13 : isPortInterface: 0
MIG: 17:04:13 : isPortInterface: 0
MIG: 17:04:13 : isPortInterface: 0
MIG: 17:04:13 : isPortInterface: 0
MIG: 17:04:13 : isPortInterface: 0
MIG: 17:04:13 : isPortInterface: 0
MIG: 17:04:13 : isPortInterface: 0
MIG: 17:04:13 : isPortInterface: 0
MIG: 17:04:13 : isPortInterface: 0
MIG: 17:04:13 : isPortInterface: 0
MIG: 17:04:13 : isPortInterface: 0
MIG: 17:04:13 : isPortInterface: 0
MIG: 17:04:13 : isPortInterface: 0
MIG: 17:04:13 : isPortInterface: 0
MIG: 17:04:13 : isPortInterface: 0
MIG: 17:04:13 : isPortInterface: 0
MIG: 17:04:13 : isPortInterface: 0
MIG: 17:04:13 : isPortInterface: 0
MIG: 17:04:13 : isPortInterface: 0
MIG: 17:04:13 : isPortInterface: 0
MIG: 17:04:13 : isPortInterface: 0
MIG: 17:04:13 : isPortInterface: 0
MIG: 17:04:13 : isPortInterface: 0
MIG: 17:04:13 : isPortInterface: 0
MIG: 17:04:13 : isPortInterface: 0
MIG: 17:04:13 : isPortInterface: 0
MIG: 17:04:13 : isPortInterface: 0
MIG: 17:04:13 : isPortInterface: 0
MIG: 17:04:13 : isPortInterface: 0
MIG: 17:04:13 : isPortInterface: 0
MIG: 17:04:13 : isPortInterface: 0
MIG: 17:04:13 : isPortInterface: 0
MIG: 17:04:13 : isPortInterface: 0
MIG: 17:04:13 : isPortInterface: 0
MIG: 17:04:13 : isPortInterface: 0
MIG: 17:04:13 : isPortInterface: 0
MIG: 17:04:13 : isPortInterface: 0
MIG: 17:04:13 : isPortInterface: 0
MIG: 17:04:13 : isPortInterface: 0
MIG: 17:04:13 : isPortInterface: 0
MIG: 17:04:13 : isPortInterface: 0
MIG: 17:04:13 : isPortInterface: 0
MIG: 17:04:13 : isPortInterface: 0
MIG: 17:04:13 : isPortInterface: 0
MIG: 17:04:13 : isPortInterface: 0
MIG: 17:04:13 : isPortInterface: 0
MIG: 17:04:13 : isPortInterface: 0
MIG: 17:04:13 : isPortInterface: 0
MIG: 17:04:13 : isPortInterface: 0
MIG: 17:04:13 : isPortInterface: 0
MIG: 17:04:13 : isPortInterface: 0
MIG: 17:04:13 : isPortInterface: 0
MIG: 17:04:13 : isPortInterface: 0
MIG: 17:04:13 : isPortInterface: 0
MIG: 17:04:13 : isPortInterface: 0
MIG: 17:04:13 : isPortInterface: 0
MIG: 17:04:13 : isPortInterface: 0
MIG: 17:04:13 : isPortInterface: 0
MIG: 17:04:13 : isPortInterface: 0
MIG: 17:04:13 : isPortInterface: 0
MIG: 17:04:13 : isPortInterface: 0
MIG: 17:04:13 : isPortInterface: 0
MIG: 17:04:13 : isPortInterface: 0
MIG: 17:04:13 : isPortInterface: 0
MIG: 17:04:13 : isPortInterface: 0
MIG: 17:04:13 : isPortInterface: 0
MIG: 17:04:13 : isPortInterface: 0
MIG: 17:04:13 : isPortInterface: 0
MIG: 17:04:13 : isPortInterface: 0
MIG: 17:04:13 : isPortInterface: 0
MIG: 17:04:13 : isPortInterface: 0
MIG: 17:04:13 : isPortInterface: 0
MIG: 17:04:13 : isPortInterface: 0
MIG: 17:04:13 : isPortInterface: 0
MIG: 17:04:13 : isPortInterface: 0
MIG: 17:04:13 : isPortInterface: 0
MIG: 17:04:13 : isPortInterface: 0
MIG: 17:04:13 : isPortInterface: 0
MIG: 17:04:13 : isPortInterface: 0
MIG: 17:04:13 : isPortInterface: 0
MIG: 17:04:13 : isPortInterface: 0
MIG: 17:04:13 : isPortInterface: 0
MIG: 17:04:13 : isPortInterface: 0
MIG: 17:04:13 : isPortInterface: 0
MIG: 17:04:13 : isPortInterface: 0
MIG: 17:04:13 : isPortInterface: 0
MIG: 17:04:13 : isPortInterface: 0
MIG: 17:04:13 : isPortInterface: 0
MIG: 17:04:13 : isPortInterface: 0
MIG: 17:04:13 : isPortInterface: 0
MIG: 17:04:13 : isPortInterface: 0
MIG: 17:04:13 : isPortInterface: 0
MIG: 17:04:13 : isPortInterface: 0
MIG: 17:04:13 : isPortInterface: 0
MIG: 17:04:13 : isPortInterface: 0
MIG: 17:04:13 : isPortInterface: 0
MIG: 17:04:13 : isPortInterface: 0
MIG: 17:04:13 : isPortInterface: 0
MIG: 17:04:13 : isPortInterface: 0
MIG: 17:04:13 : isPortInterface: 0
MIG: 17:04:13 : isPortInterface: 0
MIG: 17:04:13 : isPortInterface: 0
MIG: 17:04:13 : isPortInterface: 0
MIG: 17:04:13 : isPortInterface: 0
MIG: 17:04:13 : isPortInterface: 0
MIG: 17:04:13 : isPortInterface: 0
MIG: 17:04:13 : isPortInterface: 0
MIG: 17:04:13 : isPortInterface: 1
MIG: 17:04:13 : isPortInterface: 0
MIG: 17:04:13 : isPortInterface: 0
MIG: 17:04:13 : isPortInterface: 0
MIG: 17:04:13 : isPortInterface: 0
MIG: 17:04:13 : isPortInterface: 0
MIG: 17:04:13 : isPortInterface: 0
MIG: 17:04:13 : isPortInterface: 0
MIG: 17:04:13 : isPortInterface: 0
MIG: 17:04:13 : isPortInterface: 0
MIG: 17:04:13 : isPortInterface: 0
MIG: 17:04:13 :  locked false  
MIG: 17:04:13 : HDL Language: Verilog
MIG: 17:04:13 : compInfo: false
MIG: 17:04:13 : Vivado Options xc7a100t csg324 -1
MIG: 17:04:13 : 1: xc7a100t 2: csg324 3: -1
MIG: 17:04:14 : relative mig path: coregen/ip/xilinx/other/com/xilinx/ip/mig_7series_v4_0/bin/nt64/mig.exe
MIG: 17:04:14 : xilinx_path: D:/Xilinx/Vivado/2017.2/ids_lite/ISE
MIG: 17:04:14 : I am in catch area
MIG: 17:04:14 : Running D:/Xilinx/Vivado/2017.2/ids_lite/ISE/coregen/ip/xilinx/other/com/xilinx/ip/mig_7series_v4_0/bin/nt64/mig.exe -cg_exc_inp c:/Users/iShift/Documents/VivadoProjects/hello_word/hello_word.srcs/sources_1/bd/hello_word/ip/hello_word_mig_7series_0_0/xil_txt.in -cg_exc_out c:/Users/iShift/Documents/VivadoProjects/hello_word/hello_word.srcs/sources_1/bd/hello_word/ip/hello_word_mig_7series_0_0/xil_txt.out ... 
MIG: 17:04:21 : XML_INPUT_FILE: c:/Users/iShift/Documents/VivadoProjects/hello_word/hello_word.srcs/sources_1/bd/hello_word/ip/hello_word_mig_7series_0_0/board.prj
MIG: 17:04:21 : Component_Name: hello_word_mig_7series_0_0
MIG: 17:04:21 : Moving hello_word_mig_7series_0_0 ...
MIG: 17:04:21 : Moving hello_word_mig_7series_0_0.veo ...
MIG: 17:04:21 : Moving hello_word_mig_7series_0_0_xmdf.tcl ...
