
*** Running vivado
    with args -log hello_word_microblaze_0_0.vds -m64 -product Vivado -mode batch -messageDb vivado.pb -notrace -source hello_word_microblaze_0_0.tcl


****** Vivado v2017.2 (64-bit)
  **** SW Build 1909853 on Thu Jun 15 18:39:09 MDT 2017
  **** IP Build 1909766 on Thu Jun 15 19:58:00 MDT 2017
    ** Copyright 1986-2017 Xilinx, Inc. All Rights Reserved.

source hello_word_microblaze_0_0.tcl -notrace
Starting RTL Elaboration : Time (s): cpu = 00:00:04 ; elapsed = 00:00:05 . Memory (MB): peak = 338.477 ; gain = 79.938
INFO: [Synth 8-638] synthesizing module 'hello_word_microblaze_0_0' [c:/Users/iShift/Documents/VivadoProjects/hello_word/hello_word.srcs/sources_1/bd/hello_word/ip/hello_word_microblaze_0_0/synth/hello_word_microblaze_0_0.vhd:190]
INFO: [Synth 8-256] done synthesizing module 'hello_word_microblaze_0_0' (63#1) [c:/Users/iShift/Documents/VivadoProjects/hello_word/hello_word.srcs/sources_1/bd/hello_word/ip/hello_word_microblaze_0_0/synth/hello_word_microblaze_0_0.vhd:190]
Finished RTL Elaboration : Time (s): cpu = 00:00:14 ; elapsed = 00:00:16 . Memory (MB): peak = 654.969 ; gain = 396.430
Finished RTL Optimization Phase 1 : Time (s): cpu = 00:00:15 ; elapsed = 00:00:17 . Memory (MB): peak = 654.969 ; gain = 396.430
INFO: [Device 21-403] Loading part xc7a100tcsg324-1
Constraint Validation Runtime : Time (s): cpu = 00:00:00 ; elapsed = 00:00:00.154 . Memory (MB): peak = 916.355 ; gain = 0.000
Finished Constraint Validation : Time (s): cpu = 00:00:32 ; elapsed = 00:00:34 . Memory (MB): peak = 916.355 ; gain = 657.816
Finished Loading Part and Timing Information : Time (s): cpu = 00:00:32 ; elapsed = 00:00:34 . Memory (MB): peak = 916.355 ; gain = 657.816
Finished applying 'set_property' XDC Constraints : Time (s): cpu = 00:00:32 ; elapsed = 00:00:34 . Memory (MB): peak = 916.355 ; gain = 657.816
Finished RTL Optimization Phase 2 : Time (s): cpu = 00:00:37 ; elapsed = 00:00:41 . Memory (MB): peak = 916.355 ; gain = 657.816
Finished Cross Boundary and Area Optimization : Time (s): cpu = 00:00:50 ; elapsed = 00:00:55 . Memory (MB): peak = 916.355 ; gain = 657.816
Finished Applying XDC Timing Constraints : Time (s): cpu = 00:00:59 ; elapsed = 00:01:05 . Memory (MB): peak = 916.355 ; gain = 657.816
Finished Timing Optimization : Time (s): cpu = 00:01:01 ; elapsed = 00:01:07 . Memory (MB): peak = 916.355 ; gain = 657.816
Finished Technology Mapping : Time (s): cpu = 00:01:05 ; elapsed = 00:01:11 . Memory (MB): peak = 916.355 ; gain = 657.816
Finished IO Insertion : Time (s): cpu = 00:01:06 ; elapsed = 00:01:12 . Memory (MB): peak = 916.355 ; gain = 657.816
Finished Renaming Generated Instances : Time (s): cpu = 00:01:06 ; elapsed = 00:01:12 . Memory (MB): peak = 916.355 ; gain = 657.816
Finished Rebuilding User Hierarchy : Time (s): cpu = 00:01:06 ; elapsed = 00:01:13 . Memory (MB): peak = 916.355 ; gain = 657.816
Finished Renaming Generated Ports : Time (s): cpu = 00:01:06 ; elapsed = 00:01:13 . Memory (MB): peak = 916.355 ; gain = 657.816
Finished Handling Custom Attributes : Time (s): cpu = 00:01:07 ; elapsed = 00:01:14 . Memory (MB): peak = 916.355 ; gain = 657.816
Finished Renaming Generated Nets : Time (s): cpu = 00:01:07 ; elapsed = 00:01:14 . Memory (MB): peak = 916.355 ; gain = 657.816

Report Cell Usage: 
+------+-----------+------+
|      |Cell       |Count |
+------+-----------+------+
|1     |AND2B1L    |     4|
|2     |CARRY4     |     1|
|3     |LUT1       |    32|
|4     |LUT2       |    99|
|5     |LUT3       |   339|
|6     |LUT4       |   197|
|7     |LUT5       |   338|
|8     |LUT6       |   470|
|9     |LUT6_2     |    64|
|10    |MULT_AND   |     1|
|11    |MUXCY_L    |   170|
|12    |MUXF7      |   113|
|13    |RAM32M     |    16|
|14    |RAM32X1D   |    32|
|15    |RAMB36E1   |     2|
|16    |RAMB36E1_1 |     8|
|17    |SRL16E     |   166|
|18    |SRLC16E    |     8|
|19    |XORCY      |    94|
|20    |FDCE       |   143|
|21    |FDE        |    32|
|22    |FDR        |   123|
|23    |FDRE       |  1690|
|24    |FDS        |     1|
|25    |FDSE       |    60|
+------+-----------+------+
Finished Writing Synthesis Report : Time (s): cpu = 00:01:07 ; elapsed = 00:01:14 . Memory (MB): peak = 916.355 ; gain = 657.816
synth_design: Time (s): cpu = 00:01:11 ; elapsed = 00:01:18 . Memory (MB): peak = 916.355 ; gain = 662.887
