17:50:04 INFO  : Registering command handlers for SDK TCF services
17:50:04 INFO  : Launching XSCT server: xsct.bat -interactive C:\Users\iShift\Documents\VivadoProjects\hello_word\hello_word.sdk\temp_xsdb_launch_script.tcl
17:50:06 INFO  : XSCT server has started successfully.
17:50:06 INFO  : Successfully done setting XSCT server connection channel  
17:50:07 INFO  : Processing command line option -hwspec C:/Users/iShift/Documents/VivadoProjects/hello_word/hello_word.sdk/hello_word_wrapper.hdf.
17:50:07 INFO  : Successfully done setting SDK workspace  
18:02:09 INFO  : Connected to target on host '127.0.0.1' and port '3121'.
18:02:11 INFO  : 'targets -set -filter {jtag_cable_name =~ "Digilent Nexys4DDR 210292746655A" && level==0} -index 0' command is executed.
18:02:13 INFO  : FPGA configured successfully with bitstream "C:/Users/iShift/Documents/VivadoProjects/hello_word/hello_word.sdk/hello_word_wrapper_hw_platform_0/download.bit"
18:10:44 INFO  : Processor reset is completed for microblaze_0
18:10:44 ERROR : Port COM3 is already in use.
18:11:06 INFO  : Processor reset is completed for microblaze_0
18:16:56 INFO  : Processor reset is completed for microblaze_0
19:59:48 ERROR : Unexpected error while parsing XMD response ?: com.google.gson.JsonSyntaxException: com.google.gson.stream.MalformedJsonException: invalid number or unquoted string near 
19:59:58 INFO  : Registering command handlers for SDK TCF services
19:59:59 INFO  : Launching XSCT server: xsct.bat -interactive C:\Users\iShift\Documents\VivadoProjects\hello_word\hello_word.sdk\temp_xsdb_launch_script.tcl
20:00:00 INFO  : XSCT server has started successfully.
20:00:00 INFO  : Processing command line option -hwspec C:/Users/iShift/Documents/VivadoProjects/hello_word/hello_word.sdk/hello_word_wrapper.hdf.
20:00:00 INFO  : Successfully done setting XSCT server connection channel  
20:00:00 INFO  : Checking for hwspec changes in the project hello_word_wrapper_hw_platform_0.
20:00:00 INFO  : Successfully done setting SDK workspace  
00:00:00 INFO  : Registering command handlers for SDK TCF services
00:00:03 INFO  : Launching XSCT server: xsct.bat -interactive C:\Users\iShift\Documents\VivadoProjects\hello_word\hello_word.sdk\temp_xsdb_launch_script.tcl
00:00:08 INFO  : XSCT server has started successfully.
00:00:12 INFO  : Successfully done setting XSCT server connection channel  
00:00:12 INFO  : Successfully done setting SDK workspace  
00:00:12 INFO  : Processing command line option -hwspec C:/Users/iShift/Documents/VivadoProjects/hello_word/hello_word.sdk/hello_word_wrapper.hdf.
00:00:12 INFO  : Checking for hwspec changes in the project hello_word_wrapper_hw_platform_0.
19:55:20 INFO  : Registering command handlers for SDK TCF services
19:55:31 INFO  : Launching XSCT server: xsct.bat -interactive C:\Users\Henri\Downloads\hello_word\hello_word.sdk\temp_xsdb_launch_script.tcl
19:55:44 INFO  : XSCT server has started successfully.
19:55:44 INFO  : Successfully done setting XSCT server connection channel  
19:56:52 INFO  : Successfully done setting SDK workspace  
19:56:52 INFO  : Processing command line option -hwspec C:/Users/Henri/Downloads/hello_word/hello_word.sdk/hello_word_wrapper.hdf.
20:43:20 INFO  : 'targets -set -filter {jtag_cable_name =~ "Digilent Nexys4DDR 210292746655A" && level==0} -index 0' command is executed.
20:43:20 INFO  : 'fpga -state' command is executed.
20:43:20 INFO  : Connected to target on host '127.0.0.1' and port '3121'.
20:43:20 INFO  : Jtag cable 'Digilent Nexys4DDR 210292746655A' is selected.
20:43:20 INFO  : 'jtag frequency' command is executed.
20:43:24 ERROR : no targets found with "name =~ "microblaze*#0" && bscan=="USER2"  && jtag_cable_name =~ "Digilent Nexys4DDR 210292746655A"". available targets:
  1* xc7a100t
20:43:24 INFO  : ----------------XSDB Script----------------
connect -url tcp:127.0.0.1:3121
targets -set -nocase -filter {name =~ "microblaze*#0" && bscan=="USER2"  && jtag_cable_name =~ "Digilent Nexys4DDR 210292746655A"} -index 0
----------------End of Script----------------

20:47:35 ERROR : Unexpected error while launching program.
com.xilinx.sdk.targetmanager.TMException: Could not detect MDM peripheral on hardware. Please check:
    1. If FPGA is configured correctly
    2. MDM Core is instantiated in the design
    3. If the correct FPGA is referred, in case of multiple FPGAs
    4. If the correct MDM is referred, in case of a multiple MDM system
    

	at com.xilinx.sdk.targetmanager.internal.TM.connectToProcessor(TM.java:484)
	at com.xilinx.sdk.debug.core.XilinxAppLaunchConfigurationDelegate.runTargetSetup(XilinxAppLaunchConfigurationDelegate.java:451)
	at com.xilinx.sdk.debug.core.XilinxAppLaunchConfigurationDelegate.runApplication(XilinxAppLaunchConfigurationDelegate.java:616)
	at com.xilinx.sdk.debug.core.XilinxAppLaunchConfigurationDelegate.launch(XilinxAppLaunchConfigurationDelegate.java:309)
	at com.xilinx.sdk.debug.ui.XilinxAppLaunchDelegateWrapper.launch(XilinxAppLaunchDelegateWrapper.java:31)
	at org.eclipse.debug.internal.core.LaunchConfiguration.launch(LaunchConfiguration.java:885)
	at org.eclipse.debug.internal.core.LaunchConfiguration.launch(LaunchConfiguration.java:739)
	at org.eclipse.debug.internal.ui.DebugUIPlugin.buildAndLaunch(DebugUIPlugin.java:1039)
	at org.eclipse.debug.internal.ui.DebugUIPlugin$8.run(DebugUIPlugin.java:1256)
	at org.eclipse.core.internal.jobs.Worker.run(Worker.java:55)
20:50:16 ERROR : Unexpected error while parsing XMD response ?: com.google.gson.JsonSyntaxException: com.google.gson.stream.MalformedJsonException: invalid number or unquoted string near 
